

================================================================
== Vitis HLS Report for 'dense_latency_ap_fixed_8_4_5_3_0_ap_fixed_8_4_5_3_0_config5_s'
================================================================
* Date:           Sat Sep 27 22:09:56 2025

* Version:        2022.2 (Build 3670227 on Oct 13 2022)
* Project:        myproject_prj
* Solution:       solution1 (Vivado IP Flow Target)
* Product family: zynq
* Target device:  xc7z020-clg484-1


================================================================
== Performance Estimates
================================================================
+ Timing: 
    * Summary: 
    +--------+---------+----------+------------+
    |  Clock |  Target | Estimated| Uncertainty|
    +--------+---------+----------+------------+
    |ap_clk  |  5.00 ns|  3.554 ns|     1.35 ns|
    +--------+---------+----------+------------+

+ Latency: 
    * Summary: 
    +---------+---------+-----------+-----------+-----+-----+---------+
    |  Latency (cycles) |   Latency (absolute)  |  Interval | Pipeline|
    |   min   |   max   |    min    |    max    | min | max |   Type  |
    +---------+---------+-----------+-----------+-----+-----+---------+
    |        4|        4|  20.000 ns|  20.000 ns|    1|    1|      yes|
    +---------+---------+-----------+-----------+-----+-----+---------+

    + Detail: 
        * Instance: 
        N/A

        * Loop: 
        N/A



================================================================
== Utilization Estimates
================================================================
* Summary: 
+-----------------+---------+-----+--------+-------+-----+
|       Name      | BRAM_18K| DSP |   FF   |  LUT  | URAM|
+-----------------+---------+-----+--------+-------+-----+
|DSP              |        -|    -|       -|      -|    -|
|Expression       |        -|    -|       0|    300|    -|
|FIFO             |        -|    -|       -|      -|    -|
|Instance         |        -|    1|       0|      0|    -|
|Memory           |        -|    -|       -|      -|    -|
|Multiplexer      |        -|    -|       -|     56|    -|
|Register         |        -|    -|     345|     64|    -|
+-----------------+---------+-----+--------+-------+-----+
|Total            |        0|    1|     345|    420|    0|
+-----------------+---------+-----+--------+-------+-----+
|Available        |      280|  220|  106400|  53200|    0|
+-----------------+---------+-----+--------+-------+-----+
|Utilization (%)  |        0|   ~0|      ~0|     ~0|    0|
+-----------------+---------+-----+--------+-------+-----+

+ Detail: 
    * Instance: 
    +---------------------+------------------+---------+----+---+----+-----+
    |       Instance      |      Module      | BRAM_18K| DSP| FF| LUT| URAM|
    +---------------------+------------------+---------+----+---+----+-----+
    |mul_8s_5s_11_3_0_U2  |mul_8s_5s_11_3_0  |        0|   1|  0|   0|    0|
    +---------------------+------------------+---------+----+---+----+-----+
    |Total                |                  |        0|   1|  0|   0|    0|
    +---------------------+------------------+---------+----+---+----+-----+

    * DSP: 
    N/A

    * Memory: 
    N/A

    * FIFO: 
    N/A

    * Expression: 
    +------------------------+----------+----+---+----+------------+------------+
    |      Variable Name     | Operation| DSP| FF| LUT| Bitwidth P0| Bitwidth P1|
    +------------------------+----------+----+---+----+------------+------------+
    |add_ln813_10_fu_454_p2  |         +|   0|  0|  15|           8|           8|
    |add_ln813_11_fu_343_p2  |         +|   0|  0|  15|           8|           8|
    |add_ln813_12_fu_349_p2  |         +|   0|  0|  15|           8|           5|
    |add_ln813_13_fu_458_p2  |         +|   0|  0|  15|           8|           8|
    |add_ln813_14_fu_477_p2  |         +|   0|  0|  15|           8|           8|
    |add_ln813_4_fu_481_p2   |         +|   0|  0|  15|           8|           5|
    |add_ln813_5_fu_486_p2   |         +|   0|  0|  15|           8|           8|
    |add_ln813_6_fu_448_p2   |         +|   0|  0|  15|           8|           5|
    |add_ln813_7_fu_473_p2   |         +|   0|  0|  15|           8|           8|
    |add_ln813_8_fu_331_p2   |         +|   0|  0|  15|           8|           8|
    |add_ln813_9_fu_337_p2   |         +|   0|  0|  15|           8|           4|
    |add_ln813_fu_325_p2     |         +|   0|  0|  15|           8|           8|
    |r_V_10_fu_309_p2        |         +|   0|  0|  12|          11|          11|
    |r_V_3_fu_192_p2         |         +|   0|  0|  12|          11|          11|
    |r_V_4_fu_220_p2         |         +|   0|  0|  12|          11|          11|
    |r_V_7_fu_416_p2         |         +|   0|  0|  12|          11|          11|
    |r_V_8_fu_432_p2         |         +|   0|  0|  12|          11|          11|
    |r_V_5_fu_379_p2         |         -|   0|  0|  12|          11|          11|
    |r_V_6_fu_265_p2         |         -|   0|  0|  12|          11|          11|
    |r_V_9_fu_293_p2         |         -|   0|  0|  12|           1|          11|
    |r_V_fu_164_p2           |         -|   0|  0|  12|           1|          11|
    |sub_ln1273_fu_362_p2    |         -|   0|  0|  12|           1|          11|
    +------------------------+----------+----+---+----+------------+------------+
    |Total                   |          |   0|  0| 300|         176|         193|
    +------------------------+----------+----+---+----+------------+------------+

    * Multiplexer: 
    +-------------+----+-----------+-----+-----------+
    |     Name    | LUT| Input Size| Bits| Total Bits|
    +-------------+----+-----------+-----+-----------+
    |ap_return_0  |  14|          3|    8|         24|
    |ap_return_1  |  14|          3|    8|         24|
    |ap_return_2  |  14|          3|    8|         24|
    |ap_return_3  |  14|          3|    8|         24|
    +-------------+----+-----------+-----+-----------+
    |Total        |  56|         12|   32|         96|
    +-------------+----+-----------+-----+-----------+

    * Register: 
    +------------------------------------+----+----+-----+-----------+
    |                Name                | FF | LUT| Bits| Const Bits|
    +------------------------------------+----+----+-----+-----------+
    |add_ln813_10_reg_564                |   8|   0|    8|          0|
    |add_ln813_11_reg_544                |   8|   0|    8|          0|
    |add_ln813_11_reg_544_pp0_iter1_reg  |   8|   0|    8|          0|
    |add_ln813_12_reg_549                |   8|   0|    8|          0|
    |add_ln813_13_reg_569                |   8|   0|    8|          0|
    |add_ln813_14_reg_584                |   8|   0|    8|          0|
    |add_ln813_14_reg_584_pp0_iter3_reg  |   8|   0|    8|          0|
    |add_ln813_4_reg_589                 |   8|   0|    8|          0|
    |add_ln813_6_reg_559                 |   8|   0|    8|          0|
    |add_ln813_7_reg_579                 |   8|   0|    8|          0|
    |add_ln813_7_reg_579_pp0_iter3_reg   |   8|   0|    8|          0|
    |add_ln813_8_reg_534                 |   8|   0|    8|          0|
    |add_ln813_9_reg_539                 |   8|   0|    8|          0|
    |add_ln813_reg_529                   |   8|   0|    8|          0|
    |ap_ce_reg                           |   1|   0|    1|          0|
    |ap_return_0_int_reg                 |   8|   0|    8|          0|
    |ap_return_1_int_reg                 |   8|   0|    8|          0|
    |ap_return_2_int_reg                 |   8|   0|    8|          0|
    |ap_return_3_int_reg                 |   8|   0|    8|          0|
    |p_read1_int_reg                     |   8|   0|    8|          0|
    |p_read27_reg_518                    |   8|   0|    8|          0|
    |p_read2_int_reg                     |   8|   0|    8|          0|
    |p_read3_int_reg                     |   8|   0|    8|          0|
    |p_read4_int_reg                     |   8|   0|    8|          0|
    |p_read_8_reg_511                    |   8|   0|    8|          0|
    |p_read_int_reg                      |   8|   0|    8|          0|
    |trunc_ln818_7_reg_554               |   8|   0|    8|          0|
    |trunc_ln818_8_reg_574               |   8|   0|    8|          0|
    |add_ln813_10_reg_564                |  64|  32|    8|          0|
    |add_ln813_reg_529                   |  64|  32|    8|          0|
    +------------------------------------+----+----+-----+-----------+
    |Total                               | 345|  64|  233|          0|
    +------------------------------------+----+----+-----+-----------+



================================================================
== Interface
================================================================
* Summary: 
+-------------+-----+-----+------------+--------------------------------------------------------------------------+--------------+
|  RTL Ports  | Dir | Bits|  Protocol  |                               Source Object                              |    C Type    |
+-------------+-----+-----+------------+--------------------------------------------------------------------------+--------------+
|ap_clk       |   in|    1|  ap_ctrl_hs|  dense_latency<ap_fixed<8, 4, 5, 3, 0>, ap_fixed<8, 4, 5, 3, 0>, config5>|  return value|
|ap_rst       |   in|    1|  ap_ctrl_hs|  dense_latency<ap_fixed<8, 4, 5, 3, 0>, ap_fixed<8, 4, 5, 3, 0>, config5>|  return value|
|ap_return_0  |  out|    8|  ap_ctrl_hs|  dense_latency<ap_fixed<8, 4, 5, 3, 0>, ap_fixed<8, 4, 5, 3, 0>, config5>|  return value|
|ap_return_1  |  out|    8|  ap_ctrl_hs|  dense_latency<ap_fixed<8, 4, 5, 3, 0>, ap_fixed<8, 4, 5, 3, 0>, config5>|  return value|
|ap_return_2  |  out|    8|  ap_ctrl_hs|  dense_latency<ap_fixed<8, 4, 5, 3, 0>, ap_fixed<8, 4, 5, 3, 0>, config5>|  return value|
|ap_return_3  |  out|    8|  ap_ctrl_hs|  dense_latency<ap_fixed<8, 4, 5, 3, 0>, ap_fixed<8, 4, 5, 3, 0>, config5>|  return value|
|ap_ce        |   in|    1|  ap_ctrl_hs|  dense_latency<ap_fixed<8, 4, 5, 3, 0>, ap_fixed<8, 4, 5, 3, 0>, config5>|  return value|
|p_read       |   in|    8|     ap_none|                                                                    p_read|        scalar|
|p_read1      |   in|    8|     ap_none|                                                                   p_read1|        scalar|
|p_read2      |   in|    8|     ap_none|                                                                   p_read2|        scalar|
|p_read3      |   in|    8|     ap_none|                                                                   p_read3|        scalar|
|p_read4      |   in|    8|     ap_none|                                                                   p_read4|        scalar|
+-------------+-----+-----+------------+--------------------------------------------------------------------------+--------------+

