

================================================================
== Vitis HLS Report for 'GN_inference'
================================================================
* Date:           Sat Sep 27 23:31:53 2025

* Version:        2022.2 (Build 3670227 on Oct 13 2022)
* Project:        myproject_prj
* Solution:       solution1 (Vivado IP Flow Target)
* Product family: zynq
* Target device:  xc7z020-clg484-1


================================================================
== Performance Estimates
================================================================
+ Timing: 
    * Summary: 
    +--------+----------+----------+------------+
    |  Clock |  Target  | Estimated| Uncertainty|
    +--------+----------+----------+------------+
    |ap_clk  |  10.00 ns|  8.358 ns|     1.25 ns|
    +--------+----------+----------+------------+

+ Latency: 
    * Summary: 
    +---------+---------+----------+----------+-----+-----+---------+
    |  Latency (cycles) |  Latency (absolute) |  Interval | Pipeline|
    |   min   |   max   |    min   |    max   | min | max |   Type  |
    +---------+---------+----------+----------+-----+-----+---------+
    |      176|      176|  1.760 us|  1.760 us|  161|  161|      yes|
    +---------+---------+----------+----------+-----+-----+---------+

    + Detail: 
        * Instance: 
        +-------------------------------------------------------------------------------------+------------------------------------------------------------------+---------+---------+-----------+-----------+-----+-----+---------+
        |                                                                                     |                                                                  |  Latency (cycles) |   Latency (absolute)  |  Interval | Pipeline|
        |                                       Instance                                      |                              Module                              |   min   |   max   |    min    |    max    | min | max |   Type  |
        +-------------------------------------------------------------------------------------+------------------------------------------------------------------+---------+---------+-----------+-----------+-----+-----+---------+
        |grp_dense_latency_ap_fixed_16_6_5_3_0_ap_fixed_8_4_5_3_0_config2_s_fu_167            |dense_latency_ap_fixed_16_6_5_3_0_ap_fixed_8_4_5_3_0_config2_s    |        3|        3|  30.000 ns|  30.000 ns|    1|    1|      yes|
        |grp_dense_latency_ap_fixed_8_4_5_3_0_ap_fixed_8_4_5_3_0_config5_s_fu_172             |dense_latency_ap_fixed_8_4_5_3_0_ap_fixed_8_4_5_3_0_config5_s     |        1|        1|  10.000 ns|  10.000 ns|    1|    1|      yes|
        |call_ret3_dense_latency_ap_fixed_8_4_5_3_0_ap_fixed_8_4_5_3_0_config8_s_fu_181       |dense_latency_ap_fixed_8_4_5_3_0_ap_fixed_8_4_5_3_0_config8_s     |        0|        0|       0 ns|       0 ns|    1|    1|      yes|
        |layer11_out_V_dense_latency_ap_fixed_8_4_5_3_0_ap_fixed_8_4_5_3_0_config11_s_fu_189  |dense_latency_ap_fixed_8_4_5_3_0_ap_fixed_8_4_5_3_0_config11_s    |        0|        0|       0 ns|       0 ns|    1|    1|      yes|
        |layer14_out_V_dense_latency_ap_fixed_8_4_5_3_0_ap_fixed_8_4_5_3_0_config14_s_fu_195  |dense_latency_ap_fixed_8_4_5_3_0_ap_fixed_8_4_5_3_0_config14_s    |        0|        0|       0 ns|       0 ns|    1|    1|      yes|
        |layer17_out_V_dense_latency_ap_fixed_8_4_5_3_0_ap_fixed_8_4_5_3_0_config17_s_fu_200  |dense_latency_ap_fixed_8_4_5_3_0_ap_fixed_8_4_5_3_0_config17_s    |        0|        0|       0 ns|       0 ns|    1|    1|      yes|
        |grp_sigmoid_ap_fixed_8_4_5_3_0_ap_fixed_8_4_5_3_0_sigmoid_config19_s_fu_205          |sigmoid_ap_fixed_8_4_5_3_0_ap_fixed_8_4_5_3_0_sigmoid_config19_s  |        1|        1|  10.000 ns|  10.000 ns|    1|    1|      yes|
        +-------------------------------------------------------------------------------------+------------------------------------------------------------------+---------+---------+-----------+-----------+-----+-----+---------+

        * Loop: 
        N/A



================================================================
== Utilization Estimates
================================================================
* Summary: 
+-----------------+---------+-----+--------+-------+-----+
|       Name      | BRAM_18K| DSP |   FF   |  LUT  | URAM|
+-----------------+---------+-----+--------+-------+-----+
|DSP              |        -|    -|       -|      -|    -|
|Expression       |        -|    -|       0|    849|    -|
|FIFO             |        -|    -|       -|      -|    -|
|Instance         |        1|    1|    4906|  11388|    -|
|Memory           |        -|    -|       -|      -|    -|
|Multiplexer      |        -|    -|       -|    891|    -|
|Register         |        -|    -|    1544|      -|    -|
+-----------------+---------+-----+--------+-------+-----+
|Total            |        1|    1|    6450|  13128|    0|
+-----------------+---------+-----+--------+-------+-----+
|Available        |      280|  220|  106400|  53200|    0|
+-----------------+---------+-----+--------+-------+-----+
|Utilization (%)  |       ~0|   ~0|       6|     24|    0|
+-----------------+---------+-----+--------+-------+-----+

+ Detail: 
    * Instance: 
    +-------------------------------------------------------------------------------------+------------------------------------------------------------------+---------+----+------+-------+-----+
    |                                       Instance                                      |                              Module                              | BRAM_18K| DSP|  FF  |  LUT  | URAM|
    +-------------------------------------------------------------------------------------+------------------------------------------------------------------+---------+----+------+-------+-----+
    |dcmp_64ns_64ns_1_2_no_dsp_1_U23                                                      |dcmp_64ns_64ns_1_2_no_dsp_1                                       |        0|   0|     0|      0|    0|
    |grp_dense_latency_ap_fixed_16_6_5_3_0_ap_fixed_8_4_5_3_0_config2_s_fu_167            |dense_latency_ap_fixed_16_6_5_3_0_ap_fixed_8_4_5_3_0_config2_s    |        0|   0|  4815|  10853|    0|
    |layer11_out_V_dense_latency_ap_fixed_8_4_5_3_0_ap_fixed_8_4_5_3_0_config11_s_fu_189  |dense_latency_ap_fixed_8_4_5_3_0_ap_fixed_8_4_5_3_0_config11_s    |        0|   0|     0|     40|    0|
    |layer14_out_V_dense_latency_ap_fixed_8_4_5_3_0_ap_fixed_8_4_5_3_0_config14_s_fu_195  |dense_latency_ap_fixed_8_4_5_3_0_ap_fixed_8_4_5_3_0_config14_s    |        0|   0|     0|     27|    0|
    |layer17_out_V_dense_latency_ap_fixed_8_4_5_3_0_ap_fixed_8_4_5_3_0_config17_s_fu_200  |dense_latency_ap_fixed_8_4_5_3_0_ap_fixed_8_4_5_3_0_config17_s    |        0|   1|     0|     21|    0|
    |grp_dense_latency_ap_fixed_8_4_5_3_0_ap_fixed_8_4_5_3_0_config5_s_fu_172             |dense_latency_ap_fixed_8_4_5_3_0_ap_fixed_8_4_5_3_0_config5_s     |        0|   0|    89|    325|    0|
    |call_ret3_dense_latency_ap_fixed_8_4_5_3_0_ap_fixed_8_4_5_3_0_config8_s_fu_181       |dense_latency_ap_fixed_8_4_5_3_0_ap_fixed_8_4_5_3_0_config8_s     |        0|   0|     0|    109|    0|
    |grp_sigmoid_ap_fixed_8_4_5_3_0_ap_fixed_8_4_5_3_0_sigmoid_config19_s_fu_205          |sigmoid_ap_fixed_8_4_5_3_0_ap_fixed_8_4_5_3_0_sigmoid_config19_s  |        1|   0|     2|     13|    0|
    +-------------------------------------------------------------------------------------+------------------------------------------------------------------+---------+----+------+-------+-----+
    |Total                                                                                |                                                                  |        1|   1|  4906|  11388|    0|
    +-------------------------------------------------------------------------------------+------------------------------------------------------------------+---------+----+------+-------+-----+

    * DSP: 
    N/A

    * Memory: 
    N/A

    * FIFO: 
    N/A

    * Expression: 
    +---------------------------+----------+----+---+-----+------------+------------+
    |       Variable Name       | Operation| DSP| FF| LUT | Bitwidth P0| Bitwidth P1|
    +---------------------------+----------+----+---+-----+------------+------------+
    |add_ln1054_fu_1516_p2      |         +|   0|  0|   15|           8|           7|
    |add_ln1063_fu_1556_p2      |         +|   0|  0|   39|          32|           7|
    |add_ln1076_fu_1652_p2      |         +|   0|  0|   11|          11|          11|
    |lsb_index_fu_1442_p2       |         +|   0|  0|   39|          32|           7|
    |m_3_fu_1598_p2             |         +|   0|  0|   71|          64|          64|
    |sub_ln1049_fu_1432_p2      |         -|   0|  0|   39|           4|          32|
    |sub_ln1052_fu_1462_p2      |         -|   0|  0|   11|           3|           3|
    |sub_ln1064_fu_1571_p2      |         -|   0|  0|   39|           6|          32|
    |sub_ln1070_fu_1647_p2      |         -|   0|  0|   11|           3|          11|
    |a_fu_1497_p2               |       and|   0|  0|    2|           1|           1|
    |and_ln1054_fu_1528_p2      |       and|   0|  0|    2|           1|           1|
    |ap_block_pp0_stage0_11001  |       and|   0|  0|    2|           1|           1|
    |empty_1528_fu_1697_p2      |       and|   0|  0|    2|           1|           1|
    |p_Result_2_fu_1486_p2      |       and|   0|  0|    8|           8|           8|
    |sel_tmp1_fu_1703_p2        |       and|   0|  0|    2|           1|           1|
    |icmp_ln1040_fu_1632_p2     |      icmp|   0|  0|    9|           4|           1|
    |icmp_ln1051_fu_1472_p2     |      icmp|   0|  0|   17|          31|           1|
    |icmp_ln1052_fu_1491_p2     |      icmp|   0|  0|   11|           8|           1|
    |icmp_ln1063_fu_1551_p2     |      icmp|   0|  0|   18|          32|           1|
    |notlhs_fu_1678_p2          |      icmp|   0|  0|   11|          11|           2|
    |notrhs_fu_1684_p2          |      icmp|   0|  0|   24|          52|           1|
    |lshr_ln1052_fu_1480_p2     |      lshr|   0|  0|   17|           2|           8|
    |lshr_ln1063_fu_1565_p2     |      lshr|   0|  0|  182|          64|          64|
    |empty_1527_fu_1693_p2      |        or|   0|  0|    2|           1|           1|
    |or_ln1054_fu_1534_p2       |        or|   0|  0|    2|           1|           1|
    |m_2_fu_1586_p3             |    select|   0|  0|   64|           1|          64|
    |result                     |    select|   0|  0|    3|           1|           3|
    |select_ln1048_fu_1640_p3   |    select|   0|  0|   10|           1|          10|
    |shl_ln1064_fu_1580_p2      |       shl|   0|  0|  182|          64|          64|
    |ap_enable_pp0              |       xor|   0|  0|    2|           1|           2|
    |xor_ln1054_fu_1510_p2      |       xor|   0|  0|    2|           1|           2|
    +---------------------------+----------+----+---+-----+------------+------------+
    |Total                      |          |   0|  0|  849|         451|         413|
    +---------------------------+----------+----+---+-----+------------+------------+

    * Multiplexer: 
    +-------------------------+-----+-----------+-----+-----------+
    |           Name          | LUT | Input Size| Bits| Total Bits|
    +-------------------------+-----+-----------+-----+-----------+
    |ap_NS_fsm                |  864|        162|    1|        162|
    |ap_enable_reg_pp0_iter0  |    9|          2|    1|          2|
    |ap_enable_reg_pp0_iter1  |    9|          2|    1|          2|
    |input_r_TDATA_blk_n      |    9|          2|    1|          2|
    +-------------------------+-----+-----------+-----+-----------+
    |Total                    |  891|        168|    4|        168|
    +-------------------------+-----+-----------+-----+-----------+

    * Register: 
    +------------------------------------------------------------------------------------------+-----+----+-----+-----------+
    |                                           Name                                           |  FF | LUT| Bits| Const Bits|
    +------------------------------------------------------------------------------------------+-----+----+-----+-----------+
    |ap_CS_fsm                                                                                 |  161|   0|  161|          0|
    |ap_enable_reg_pp0_iter0_reg                                                               |    1|   0|    1|          0|
    |ap_enable_reg_pp0_iter1                                                                   |    1|   0|    1|          0|
    |grp_sigmoid_ap_fixed_8_4_5_3_0_ap_fixed_8_4_5_3_0_sigmoid_config19_s_fu_205_ap_start_reg  |    1|   0|    1|          0|
    |icmp_ln1040_reg_2651                                                                      |    1|   0|    1|          0|
    |layer11_out_V_reg_2577                                                                    |    8|   0|    8|          0|
    |layer14_out_V_reg_2582                                                                    |    8|   0|    8|          0|
    |layer17_out_V_reg_2587                                                                    |    8|   0|    8|          0|
    |layer19_out_V_reg_2592                                                                    |    4|   0|    4|          0|
    |layer2_out_V_1_reg_2527                                                                   |    8|   0|    8|          0|
    |layer2_out_V_2_reg_2532                                                                   |    8|   0|    8|          0|
    |layer2_out_V_3_reg_2537                                                                   |    8|   0|    8|          0|
    |layer2_out_V_4_reg_2542                                                                   |    8|   0|    8|          0|
    |layer2_out_V_reg_2522                                                                     |    8|   0|    8|          0|
    |layer5_out_V_1_reg_2552                                                                   |    8|   0|    8|          0|
    |layer5_out_V_2_reg_2557                                                                   |    8|   0|    8|          0|
    |layer5_out_V_3_reg_2562                                                                   |    8|   0|    8|          0|
    |layer5_out_V_reg_2547                                                                     |    8|   0|    8|          0|
    |layer8_out_V_1_reg_2572                                                                   |    8|   0|    8|          0|
    |layer8_out_V_reg_2567                                                                     |    8|   0|    8|          0|
    |lsb_index_reg_2615                                                                        |   32|   0|   32|          0|
    |m_reg_2636                                                                                |   63|   0|   63|          0|
    |notlhs_reg_2661                                                                           |    1|   0|    1|          0|
    |notrhs_reg_2666                                                                           |    1|   0|    1|          0|
    |p_Result_4_reg_2641                                                                       |    1|   0|    1|          0|
    |p_Result_7_reg_2656                                                                       |   64|   0|   64|          0|
    |sub_ln1049_reg_2604                                                                       |   32|   0|   32|          0|
    |sub_ln1052_reg_2626                                                                       |    3|   0|    3|          0|
    |tmp_162_reg_2621                                                                          |   31|   0|   31|          0|
    |tmp_191_reg_2646                                                                          |   52|   0|   52|          0|
    |trunc_ln1048_reg_2631                                                                     |   11|   0|   11|          0|
    |trunc_ln1049_reg_2610                                                                     |    8|   0|    8|          0|
    |trunc_ln841_100_reg_2217                                                                  |    6|   0|    6|          0|
    |trunc_ln841_101_reg_2222                                                                  |    6|   0|    6|          0|
    |trunc_ln841_102_reg_2227                                                                  |    6|   0|    6|          0|
    |trunc_ln841_103_reg_2232                                                                  |    6|   0|    6|          0|
    |trunc_ln841_104_reg_2237                                                                  |    6|   0|    6|          0|
    |trunc_ln841_105_reg_2242                                                                  |    6|   0|    6|          0|
    |trunc_ln841_106_reg_2247                                                                  |    6|   0|    6|          0|
    |trunc_ln841_107_reg_2252                                                                  |    6|   0|    6|          0|
    |trunc_ln841_108_reg_2257                                                                  |    6|   0|    6|          0|
    |trunc_ln841_109_reg_2262                                                                  |    6|   0|    6|          0|
    |trunc_ln841_10_reg_1767                                                                   |    6|   0|    6|          0|
    |trunc_ln841_110_reg_2267                                                                  |    6|   0|    6|          0|
    |trunc_ln841_111_reg_2272                                                                  |    6|   0|    6|          0|
    |trunc_ln841_112_reg_2277                                                                  |    6|   0|    6|          0|
    |trunc_ln841_113_reg_2282                                                                  |    6|   0|    6|          0|
    |trunc_ln841_114_reg_2287                                                                  |    6|   0|    6|          0|
    |trunc_ln841_115_reg_2292                                                                  |    6|   0|    6|          0|
    |trunc_ln841_116_reg_2297                                                                  |    6|   0|    6|          0|
    |trunc_ln841_117_reg_2302                                                                  |    6|   0|    6|          0|
    |trunc_ln841_118_reg_2307                                                                  |    6|   0|    6|          0|
    |trunc_ln841_119_reg_2312                                                                  |    6|   0|    6|          0|
    |trunc_ln841_11_reg_1772                                                                   |    6|   0|    6|          0|
    |trunc_ln841_120_reg_2317                                                                  |    6|   0|    6|          0|
    |trunc_ln841_121_reg_2322                                                                  |    6|   0|    6|          0|
    |trunc_ln841_122_reg_2327                                                                  |    6|   0|    6|          0|
    |trunc_ln841_123_reg_2332                                                                  |    6|   0|    6|          0|
    |trunc_ln841_124_reg_2337                                                                  |    6|   0|    6|          0|
    |trunc_ln841_125_reg_2342                                                                  |    6|   0|    6|          0|
    |trunc_ln841_126_reg_2347                                                                  |    6|   0|    6|          0|
    |trunc_ln841_127_reg_2352                                                                  |    6|   0|    6|          0|
    |trunc_ln841_128_reg_2357                                                                  |    6|   0|    6|          0|
    |trunc_ln841_129_reg_2362                                                                  |    6|   0|    6|          0|
    |trunc_ln841_12_reg_1777                                                                   |    6|   0|    6|          0|
    |trunc_ln841_130_reg_2367                                                                  |    6|   0|    6|          0|
    |trunc_ln841_131_reg_2372                                                                  |    6|   0|    6|          0|
    |trunc_ln841_132_reg_2377                                                                  |    6|   0|    6|          0|
    |trunc_ln841_133_reg_2382                                                                  |    6|   0|    6|          0|
    |trunc_ln841_134_reg_2387                                                                  |    6|   0|    6|          0|
    |trunc_ln841_135_reg_2392                                                                  |    6|   0|    6|          0|
    |trunc_ln841_136_reg_2397                                                                  |    6|   0|    6|          0|
    |trunc_ln841_137_reg_2402                                                                  |    6|   0|    6|          0|
    |trunc_ln841_138_reg_2407                                                                  |    6|   0|    6|          0|
    |trunc_ln841_139_reg_2412                                                                  |    6|   0|    6|          0|
    |trunc_ln841_13_reg_1782                                                                   |    6|   0|    6|          0|
    |trunc_ln841_140_reg_2417                                                                  |    6|   0|    6|          0|
    |trunc_ln841_141_reg_2422                                                                  |    6|   0|    6|          0|
    |trunc_ln841_142_reg_2427                                                                  |    6|   0|    6|          0|
    |trunc_ln841_143_reg_2432                                                                  |    6|   0|    6|          0|
    |trunc_ln841_144_reg_2437                                                                  |    6|   0|    6|          0|
    |trunc_ln841_145_reg_2442                                                                  |    6|   0|    6|          0|
    |trunc_ln841_146_reg_2447                                                                  |    6|   0|    6|          0|
    |trunc_ln841_147_reg_2452                                                                  |    6|   0|    6|          0|
    |trunc_ln841_148_reg_2457                                                                  |    6|   0|    6|          0|
    |trunc_ln841_149_reg_2462                                                                  |    6|   0|    6|          0|
    |trunc_ln841_14_reg_1787                                                                   |    6|   0|    6|          0|
    |trunc_ln841_150_reg_2467                                                                  |    6|   0|    6|          0|
    |trunc_ln841_151_reg_2472                                                                  |    6|   0|    6|          0|
    |trunc_ln841_152_reg_2477                                                                  |    6|   0|    6|          0|
    |trunc_ln841_153_reg_2482                                                                  |    6|   0|    6|          0|
    |trunc_ln841_154_reg_2487                                                                  |    6|   0|    6|          0|
    |trunc_ln841_155_reg_2492                                                                  |    6|   0|    6|          0|
    |trunc_ln841_156_reg_2497                                                                  |    6|   0|    6|          0|
    |trunc_ln841_157_reg_2502                                                                  |    6|   0|    6|          0|
    |trunc_ln841_158_reg_2507                                                                  |    6|   0|    6|          0|
    |trunc_ln841_159_reg_2512                                                                  |    6|   0|    6|          0|
    |trunc_ln841_15_reg_1792                                                                   |    6|   0|    6|          0|
    |trunc_ln841_16_reg_1797                                                                   |    6|   0|    6|          0|
    |trunc_ln841_17_reg_1802                                                                   |    6|   0|    6|          0|
    |trunc_ln841_18_reg_1807                                                                   |    6|   0|    6|          0|
    |trunc_ln841_19_reg_1812                                                                   |    6|   0|    6|          0|
    |trunc_ln841_1_reg_1722                                                                    |    6|   0|    6|          0|
    |trunc_ln841_20_reg_1817                                                                   |    6|   0|    6|          0|
    |trunc_ln841_21_reg_1822                                                                   |    6|   0|    6|          0|
    |trunc_ln841_22_reg_1827                                                                   |    6|   0|    6|          0|
    |trunc_ln841_23_reg_1832                                                                   |    6|   0|    6|          0|
    |trunc_ln841_24_reg_1837                                                                   |    6|   0|    6|          0|
    |trunc_ln841_25_reg_1842                                                                   |    6|   0|    6|          0|
    |trunc_ln841_26_reg_1847                                                                   |    6|   0|    6|          0|
    |trunc_ln841_27_reg_1852                                                                   |    6|   0|    6|          0|
    |trunc_ln841_28_reg_1857                                                                   |    6|   0|    6|          0|
    |trunc_ln841_29_reg_1862                                                                   |    6|   0|    6|          0|
    |trunc_ln841_2_reg_1727                                                                    |    6|   0|    6|          0|
    |trunc_ln841_30_reg_1867                                                                   |    6|   0|    6|          0|
    |trunc_ln841_31_reg_1872                                                                   |    6|   0|    6|          0|
    |trunc_ln841_32_reg_1877                                                                   |    6|   0|    6|          0|
    |trunc_ln841_33_reg_1882                                                                   |    6|   0|    6|          0|
    |trunc_ln841_34_reg_1887                                                                   |    6|   0|    6|          0|
    |trunc_ln841_35_reg_1892                                                                   |    6|   0|    6|          0|
    |trunc_ln841_36_reg_1897                                                                   |    6|   0|    6|          0|
    |trunc_ln841_37_reg_1902                                                                   |    6|   0|    6|          0|
    |trunc_ln841_38_reg_1907                                                                   |    6|   0|    6|          0|
    |trunc_ln841_39_reg_1912                                                                   |    6|   0|    6|          0|
    |trunc_ln841_3_reg_1732                                                                    |    6|   0|    6|          0|
    |trunc_ln841_40_reg_1917                                                                   |    6|   0|    6|          0|
    |trunc_ln841_41_reg_1922                                                                   |    6|   0|    6|          0|
    |trunc_ln841_42_reg_1927                                                                   |    6|   0|    6|          0|
    |trunc_ln841_43_reg_1932                                                                   |    6|   0|    6|          0|
    |trunc_ln841_44_reg_1937                                                                   |    6|   0|    6|          0|
    |trunc_ln841_45_reg_1942                                                                   |    6|   0|    6|          0|
    |trunc_ln841_46_reg_1947                                                                   |    6|   0|    6|          0|
    |trunc_ln841_47_reg_1952                                                                   |    6|   0|    6|          0|
    |trunc_ln841_48_reg_1957                                                                   |    6|   0|    6|          0|
    |trunc_ln841_49_reg_1962                                                                   |    6|   0|    6|          0|
    |trunc_ln841_4_reg_1737                                                                    |    6|   0|    6|          0|
    |trunc_ln841_50_reg_1967                                                                   |    6|   0|    6|          0|
    |trunc_ln841_51_reg_1972                                                                   |    6|   0|    6|          0|
    |trunc_ln841_52_reg_1977                                                                   |    6|   0|    6|          0|
    |trunc_ln841_53_reg_1982                                                                   |    6|   0|    6|          0|
    |trunc_ln841_54_reg_1987                                                                   |    6|   0|    6|          0|
    |trunc_ln841_55_reg_1992                                                                   |    6|   0|    6|          0|
    |trunc_ln841_56_reg_1997                                                                   |    6|   0|    6|          0|
    |trunc_ln841_57_reg_2002                                                                   |    6|   0|    6|          0|
    |trunc_ln841_58_reg_2007                                                                   |    6|   0|    6|          0|
    |trunc_ln841_59_reg_2012                                                                   |    6|   0|    6|          0|
    |trunc_ln841_5_reg_1742                                                                    |    6|   0|    6|          0|
    |trunc_ln841_60_reg_2017                                                                   |    6|   0|    6|          0|
    |trunc_ln841_61_reg_2022                                                                   |    6|   0|    6|          0|
    |trunc_ln841_62_reg_2027                                                                   |    6|   0|    6|          0|
    |trunc_ln841_63_reg_2032                                                                   |    6|   0|    6|          0|
    |trunc_ln841_64_reg_2037                                                                   |    6|   0|    6|          0|
    |trunc_ln841_65_reg_2042                                                                   |    6|   0|    6|          0|
    |trunc_ln841_66_reg_2047                                                                   |    6|   0|    6|          0|
    |trunc_ln841_67_reg_2052                                                                   |    6|   0|    6|          0|
    |trunc_ln841_68_reg_2057                                                                   |    6|   0|    6|          0|
    |trunc_ln841_69_reg_2062                                                                   |    6|   0|    6|          0|
    |trunc_ln841_6_reg_1747                                                                    |    6|   0|    6|          0|
    |trunc_ln841_70_reg_2067                                                                   |    6|   0|    6|          0|
    |trunc_ln841_71_reg_2072                                                                   |    6|   0|    6|          0|
    |trunc_ln841_72_reg_2077                                                                   |    6|   0|    6|          0|
    |trunc_ln841_73_reg_2082                                                                   |    6|   0|    6|          0|
    |trunc_ln841_74_reg_2087                                                                   |    6|   0|    6|          0|
    |trunc_ln841_75_reg_2092                                                                   |    6|   0|    6|          0|
    |trunc_ln841_76_reg_2097                                                                   |    6|   0|    6|          0|
    |trunc_ln841_77_reg_2102                                                                   |    6|   0|    6|          0|
    |trunc_ln841_78_reg_2107                                                                   |    6|   0|    6|          0|
    |trunc_ln841_79_reg_2112                                                                   |    6|   0|    6|          0|
    |trunc_ln841_7_reg_1752                                                                    |    6|   0|    6|          0|
    |trunc_ln841_80_reg_2117                                                                   |    6|   0|    6|          0|
    |trunc_ln841_81_reg_2122                                                                   |    6|   0|    6|          0|
    |trunc_ln841_82_reg_2127                                                                   |    6|   0|    6|          0|
    |trunc_ln841_83_reg_2132                                                                   |    6|   0|    6|          0|
    |trunc_ln841_84_reg_2137                                                                   |    6|   0|    6|          0|
    |trunc_ln841_85_reg_2142                                                                   |    6|   0|    6|          0|
    |trunc_ln841_86_reg_2147                                                                   |    6|   0|    6|          0|
    |trunc_ln841_87_reg_2152                                                                   |    6|   0|    6|          0|
    |trunc_ln841_88_reg_2157                                                                   |    6|   0|    6|          0|
    |trunc_ln841_89_reg_2162                                                                   |    6|   0|    6|          0|
    |trunc_ln841_8_reg_1757                                                                    |    6|   0|    6|          0|
    |trunc_ln841_90_reg_2167                                                                   |    6|   0|    6|          0|
    |trunc_ln841_91_reg_2172                                                                   |    6|   0|    6|          0|
    |trunc_ln841_92_reg_2177                                                                   |    6|   0|    6|          0|
    |trunc_ln841_93_reg_2182                                                                   |    6|   0|    6|          0|
    |trunc_ln841_94_reg_2187                                                                   |    6|   0|    6|          0|
    |trunc_ln841_95_reg_2192                                                                   |    6|   0|    6|          0|
    |trunc_ln841_96_reg_2197                                                                   |    6|   0|    6|          0|
    |trunc_ln841_97_reg_2202                                                                   |    6|   0|    6|          0|
    |trunc_ln841_98_reg_2207                                                                   |    6|   0|    6|          0|
    |trunc_ln841_99_reg_2212                                                                   |    6|   0|    6|          0|
    |trunc_ln841_9_reg_1762                                                                    |    6|   0|    6|          0|
    |trunc_ln841_reg_1717                                                                      |    6|   0|    6|          0|
    |zext_ln1042_reg_2598                                                                      |    4|   0|    8|          4|
    +------------------------------------------------------------------------------------------+-----+----+-----+-----------+
    |Total                                                                                     | 1544|   0| 1548|          4|
    +------------------------------------------------------------------------------------------+-----+----+-----+-----------+



================================================================
== Interface
================================================================
* Summary: 
+----------------+-----+-----+------------+------------------+--------------+
|    RTL Ports   | Dir | Bits|  Protocol  |   Source Object  |    C Type    |
+----------------+-----+-----+------------+------------------+--------------+
|ap_clk          |   in|    1|  ap_ctrl_hs|      GN_inference|  return value|
|ap_rst_n        |   in|    1|  ap_ctrl_hs|      GN_inference|  return value|
|ap_start        |   in|    1|  ap_ctrl_hs|      GN_inference|  return value|
|ap_done         |  out|    1|  ap_ctrl_hs|      GN_inference|  return value|
|ap_idle         |  out|    1|  ap_ctrl_hs|      GN_inference|  return value|
|ap_ready        |  out|    1|  ap_ctrl_hs|      GN_inference|  return value|
|input_r_TVALID  |   in|    1|        axis|  input_r_V_dest_V|       pointer|
|input_r_TREADY  |  out|    1|        axis|  input_r_V_dest_V|       pointer|
|input_r_TDEST   |   in|    6|        axis|  input_r_V_dest_V|       pointer|
|input_r_TDATA   |   in|   32|        axis|  input_r_V_data_V|       pointer|
|input_r_TKEEP   |   in|    4|        axis|  input_r_V_keep_V|       pointer|
|input_r_TSTRB   |   in|    4|        axis|  input_r_V_strb_V|       pointer|
|input_r_TUSER   |   in|    2|        axis|  input_r_V_user_V|       pointer|
|input_r_TLAST   |   in|    1|        axis|  input_r_V_last_V|       pointer|
|input_r_TID     |   in|    5|        axis|    input_r_V_id_V|       pointer|
|result          |  out|   32|      ap_vld|            result|       pointer|
|result_ap_vld   |  out|    1|      ap_vld|            result|       pointer|
+----------------+-----+-----+------------+------------------+--------------+

