

================================================================
== Vitis HLS Report for 'dense_latency_ap_fixed_8_4_5_3_0_ap_fixed_8_4_5_3_0_config5_s'
================================================================
* Date:           Sat Sep 27 22:09:46 2025

* Version:        2022.2 (Build 3670227 on Oct 13 2022)
* Project:        myproject_prj
* Solution:       solution1 (Vivado IP Flow Target)
* Product family: zynq
* Target device:  xc7z020-clg484-1


================================================================
== Performance Estimates
================================================================
+ Timing: 
    * Summary: 
    +--------+---------+----------+------------+
    |  Clock |  Target | Estimated| Uncertainty|
    +--------+---------+----------+------------+
    |ap_clk  |  5.00 ns|  3.554 ns|     1.35 ns|
    +--------+---------+----------+------------+

+ Latency: 
    * Summary: 
    +---------+---------+-----------+-----------+-----+-----+---------+
    |  Latency (cycles) |   Latency (absolute)  |  Interval | Pipeline|
    |   min   |   max   |    min    |    max    | min | max |   Type  |
    +---------+---------+-----------+-----------+-----+-----+---------+
    |        4|        4|  20.000 ns|  20.000 ns|    1|    1|      yes|
    +---------+---------+-----------+-----------+-----+-----+---------+

    + Detail: 
        * Instance: 
        N/A

        * Loop: 
        N/A

============================================================
+ Verbose Summary: Synthesis Manager
============================================================
InlineROM: 1
ExposeGlobal: 0
============================================================
+ Verbose Summary: CDFG Model
============================================================
IsTopModel: 0
ResetActiveHigh: 1
IsCombinational: 0
IsDatapathOnly: 0
HasWiredReturn: 1
HasMFsm: 2
HasVarLatency: 0
IsPipeline: 1
IsRtlPipelined: 1
IsInstanceOverlapped: 0
IsDontTouch: 0
HasImplIP: 0
IsGatedGlobalClock: 0

+ Individual pipeline summary: 
  * Pipeline-0: initiation interval (II) = 1, depth = 5


============================================================
+ Verbose Summary: Schedule
============================================================
* Number of FSM states : 5
* Pipeline : 1
  Pipeline-0 : II = 1, D = 5, States = { 1 2 3 4 5 }
* Dataflow Pipeline: 0

* FSM state transitions: 
1 --> 2 
2 --> 3 
3 --> 4 
4 --> 5 
5 --> 

* FSM state operations: 

State 1 <SV = 0> <Delay = 3.55>
ST_1 : Operation 6 [1/1] (0.00ns)   --->   "%p_read_7 = read i8 @_ssdm_op_Read.ap_auto.i8, i8 %p_read4" [firmware/nnet_utils/nnet_mult.h:70]   --->   Operation 6 'read' 'p_read_7' <Predicate = true> <Delay = 0.00>
ST_1 : Operation 7 [1/1] (0.00ns)   --->   "%p_read_8 = read i8 @_ssdm_op_Read.ap_auto.i8, i8 %p_read3" [firmware/nnet_utils/nnet_mult.h:70]   --->   Operation 7 'read' 'p_read_8' <Predicate = true> <Delay = 0.00>
ST_1 : Operation 8 [1/1] (0.00ns)   --->   "%p_read27 = read i8 @_ssdm_op_Read.ap_auto.i8, i8 %p_read2" [firmware/nnet_utils/nnet_mult.h:70]   --->   Operation 8 'read' 'p_read27' <Predicate = true> <Delay = 0.00>
ST_1 : Operation 9 [1/1] (0.00ns)   --->   "%p_read16 = read i8 @_ssdm_op_Read.ap_auto.i8, i8 %p_read1" [firmware/nnet_utils/nnet_mult.h:70]   --->   Operation 9 'read' 'p_read16' <Predicate = true> <Delay = 0.00>
ST_1 : Operation 10 [1/1] (0.00ns)   --->   "%p_read_9 = read i8 @_ssdm_op_Read.ap_auto.i8, i8 %p_read" [firmware/nnet_utils/nnet_mult.h:70]   --->   Operation 10 'read' 'p_read_9' <Predicate = true> <Delay = 0.00>
ST_1 : Operation 11 [1/1] (0.00ns)   --->   "%shl_ln = bitconcatenate i11 @_ssdm_op_BitConcatenate.i11.i8.i3, i8 %p_read_9, i3 0"   --->   Operation 11 'bitconcatenate' 'shl_ln' <Predicate = true> <Delay = 0.00>
ST_1 : Operation 12 [1/1] (1.63ns)   --->   "%r_V = sub i11 0, i11 %shl_ln"   --->   Operation 12 'sub' 'r_V' <Predicate = true> <Delay = 1.63> <CoreInst = "Adder">   --->   Core 1 'Adder' <Latency = 0> <II = 1> <Delay = 1.63> <FuncUnit> <Opcode : 'add' 'sub'> <InPorts = 2> <OutPorts = 1>
ST_1 : Operation 13 [1/1] (0.00ns)   --->   "%trunc_ln = partselect i8 @_ssdm_op_PartSelect.i8.i11.i32.i32, i11 %r_V, i32 3, i32 10"   --->   Operation 13 'partselect' 'trunc_ln' <Predicate = true> <Delay = 0.00>
ST_1 : Operation 14 [1/1] (0.00ns)   --->   "%shl_ln1273_5 = bitconcatenate i9 @_ssdm_op_BitConcatenate.i9.i8.i1, i8 %p_read_9, i1 0"   --->   Operation 14 'bitconcatenate' 'shl_ln1273_5' <Predicate = true> <Delay = 0.00>
ST_1 : Operation 15 [1/1] (0.00ns)   --->   "%sext_ln1273 = sext i9 %shl_ln1273_5"   --->   Operation 15 'sext' 'sext_ln1273' <Predicate = true> <Delay = 0.00>
ST_1 : Operation 16 [1/1] (1.63ns)   --->   "%r_V_3 = add i11 %shl_ln, i11 %sext_ln1273"   --->   Operation 16 'add' 'r_V_3' <Predicate = true> <Delay = 1.63> <CoreInst = "Adder">   --->   Core 1 'Adder' <Latency = 0> <II = 1> <Delay = 1.63> <FuncUnit> <Opcode : 'add' 'sub'> <InPorts = 2> <OutPorts = 1>
ST_1 : Operation 17 [1/1] (0.00ns)   --->   "%trunc_ln818_5 = partselect i8 @_ssdm_op_PartSelect.i8.i11.i32.i32, i11 %r_V_3, i32 3, i32 10"   --->   Operation 17 'partselect' 'trunc_ln818_5' <Predicate = true> <Delay = 0.00>
ST_1 : Operation 18 [1/1] (0.00ns)   --->   "%sext_ln1273_2 = sext i8 %p_read16"   --->   Operation 18 'sext' 'sext_ln1273_2' <Predicate = true> <Delay = 0.00>
ST_1 : Operation 19 [1/1] (0.00ns)   --->   "%shl_ln1273_6 = bitconcatenate i11 @_ssdm_op_BitConcatenate.i11.i8.i3, i8 %p_read16, i3 0"   --->   Operation 19 'bitconcatenate' 'shl_ln1273_6' <Predicate = true> <Delay = 0.00>
ST_1 : Operation 20 [1/1] (1.63ns)   --->   "%r_V_4 = add i11 %shl_ln1273_6, i11 %sext_ln1273_2"   --->   Operation 20 'add' 'r_V_4' <Predicate = true> <Delay = 1.63> <CoreInst = "Adder">   --->   Core 1 'Adder' <Latency = 0> <II = 1> <Delay = 1.63> <FuncUnit> <Opcode : 'add' 'sub'> <InPorts = 2> <OutPorts = 1>
ST_1 : Operation 21 [1/1] (0.00ns)   --->   "%trunc_ln818_6 = partselect i8 @_ssdm_op_PartSelect.i8.i11.i32.i32, i11 %r_V_4, i32 3, i32 10"   --->   Operation 21 'partselect' 'trunc_ln818_6' <Predicate = true> <Delay = 0.00>
ST_1 : Operation 22 [1/1] (0.00ns)   --->   "%sext_ln1270 = sext i8 %p_read27"   --->   Operation 22 'sext' 'sext_ln1270' <Predicate = true> <Delay = 0.00>
ST_1 : Operation 23 [3/3] (2.93ns)   --->   "%mul_ln1270 = mul i11 %sext_ln1270, i11 2035"   --->   Operation 23 'mul' 'mul_ln1270' <Predicate = true> <Delay = 2.93> <CoreInst = "Mul_DSP">   --->   Core 5 'Mul_DSP' <Latency = 2> <II = 1> <Delay = 2.93> <FuncUnit> <Opcode : 'mul'> <InPorts = 2> <OutPorts = 1>
ST_1 : Operation 24 [1/1] (0.00ns)   --->   "%trunc_ln1273 = trunc i8 %p_read_8"   --->   Operation 24 'trunc' 'trunc_ln1273' <Predicate = true> <Delay = 0.00>
ST_1 : Operation 25 [1/1] (0.00ns)   --->   "%shl_ln1273_9 = bitconcatenate i11 @_ssdm_op_BitConcatenate.i11.i7.i4, i7 %trunc_ln1273, i4 0"   --->   Operation 25 'bitconcatenate' 'shl_ln1273_9' <Predicate = true> <Delay = 0.00>
ST_1 : Operation 26 [1/1] (0.00ns)   --->   "%shl_ln1273_s = bitconcatenate i10 @_ssdm_op_BitConcatenate.i10.i8.i2, i8 %p_read_8, i2 0"   --->   Operation 26 'bitconcatenate' 'shl_ln1273_s' <Predicate = true> <Delay = 0.00>
ST_1 : Operation 27 [1/1] (0.00ns)   --->   "%sext_ln1273_5 = sext i10 %shl_ln1273_s"   --->   Operation 27 'sext' 'sext_ln1273_5' <Predicate = true> <Delay = 0.00>
ST_1 : Operation 28 [1/1] (1.63ns)   --->   "%r_V_6 = sub i11 %sext_ln1273_5, i11 %shl_ln1273_9"   --->   Operation 28 'sub' 'r_V_6' <Predicate = true> <Delay = 1.63> <CoreInst = "Adder">   --->   Core 1 'Adder' <Latency = 0> <II = 1> <Delay = 1.63> <FuncUnit> <Opcode : 'add' 'sub'> <InPorts = 2> <OutPorts = 1>
ST_1 : Operation 29 [1/1] (0.00ns)   --->   "%trunc_ln818_9 = partselect i8 @_ssdm_op_PartSelect.i8.i11.i32.i32, i11 %r_V_6, i32 3, i32 10"   --->   Operation 29 'partselect' 'trunc_ln818_9' <Predicate = true> <Delay = 0.00>
ST_1 : Operation 30 [1/1] (0.00ns)   --->   "%sext_ln1273_7 = sext i8 %p_read_7"   --->   Operation 30 'sext' 'sext_ln1273_7' <Predicate = true> <Delay = 0.00>
ST_1 : Operation 31 [1/1] (0.00ns)   --->   "%shl_ln1273_3 = bitconcatenate i11 @_ssdm_op_BitConcatenate.i11.i8.i3, i8 %p_read_7, i3 0"   --->   Operation 31 'bitconcatenate' 'shl_ln1273_3' <Predicate = true> <Delay = 0.00>
ST_1 : Operation 32 [1/1] (1.63ns)   --->   "%r_V_9 = sub i11 0, i11 %shl_ln1273_3"   --->   Operation 32 'sub' 'r_V_9' <Predicate = true> <Delay = 1.63> <CoreInst = "Adder">   --->   Core 1 'Adder' <Latency = 0> <II = 1> <Delay = 1.63> <FuncUnit> <Opcode : 'add' 'sub'> <InPorts = 2> <OutPorts = 1>
ST_1 : Operation 33 [1/1] (0.00ns)   --->   "%trunc_ln818_2 = partselect i8 @_ssdm_op_PartSelect.i8.i11.i32.i32, i11 %r_V_9, i32 3, i32 10"   --->   Operation 33 'partselect' 'trunc_ln818_2' <Predicate = true> <Delay = 0.00>
ST_1 : Operation 34 [1/1] (1.63ns)   --->   "%r_V_10 = add i11 %shl_ln1273_3, i11 %sext_ln1273_7"   --->   Operation 34 'add' 'r_V_10' <Predicate = true> <Delay = 1.63> <CoreInst = "Adder">   --->   Core 1 'Adder' <Latency = 0> <II = 1> <Delay = 1.63> <FuncUnit> <Opcode : 'add' 'sub'> <InPorts = 2> <OutPorts = 1>
ST_1 : Operation 35 [1/1] (0.00ns)   --->   "%trunc_ln818_3 = partselect i8 @_ssdm_op_PartSelect.i8.i11.i32.i32, i11 %r_V_10, i32 3, i32 10"   --->   Operation 35 'partselect' 'trunc_ln818_3' <Predicate = true> <Delay = 0.00>
ST_1 : Operation 36 [1/1] (1.91ns)   --->   "%add_ln813 = add i8 %trunc_ln818_5, i8 %trunc_ln818_6"   --->   Operation 36 'add' 'add_ln813' <Predicate = true> <Delay = 1.91> <CoreInst = "Adder">   --->   Core 1 'Adder' <Latency = 0> <II = 1> <Delay = 1.91> <FuncUnit> <Opcode : 'add' 'sub'> <InPorts = 2> <OutPorts = 1>
ST_1 : Operation 37 [1/1] (1.91ns)   --->   "%add_ln813_8 = add i8 %trunc_ln, i8 %trunc_ln818_9"   --->   Operation 37 'add' 'add_ln813_8' <Predicate = true> <Delay = 1.91> <CoreInst = "Adder">   --->   Core 1 'Adder' <Latency = 0> <II = 1> <Delay = 1.91> <FuncUnit> <Opcode : 'add' 'sub'> <InPorts = 2> <OutPorts = 1>
ST_1 : Operation 38 [1/1] (1.91ns)   --->   "%add_ln813_9 = add i8 %trunc_ln818_2, i8 10"   --->   Operation 38 'add' 'add_ln813_9' <Predicate = true> <Delay = 1.91> <CoreInst = "Adder">   --->   Core 1 'Adder' <Latency = 0> <II = 1> <Delay = 1.91> <FuncUnit> <Opcode : 'add' 'sub'> <InPorts = 2> <OutPorts = 1>
ST_1 : Operation 39 [1/1] (1.91ns)   --->   "%add_ln813_11 = add i8 %p_read_9, i8 %p_read16"   --->   Operation 39 'add' 'add_ln813_11' <Predicate = true> <Delay = 1.91> <CoreInst = "Adder">   --->   Core 1 'Adder' <Latency = 0> <II = 1> <Delay = 1.91> <FuncUnit> <Opcode : 'add' 'sub'> <InPorts = 2> <OutPorts = 1>
ST_1 : Operation 40 [1/1] (1.91ns)   --->   "%add_ln813_12 = add i8 %trunc_ln818_3, i8 246"   --->   Operation 40 'add' 'add_ln813_12' <Predicate = true> <Delay = 1.91> <CoreInst = "Adder">   --->   Core 1 'Adder' <Latency = 0> <II = 1> <Delay = 1.91> <FuncUnit> <Opcode : 'add' 'sub'> <InPorts = 2> <OutPorts = 1>

State 2 <SV = 1> <Delay = 3.55>
ST_2 : Operation 41 [1/1] (0.00ns)   --->   "%shl_ln1273_7 = bitconcatenate i11 @_ssdm_op_BitConcatenate.i11.i8.i3, i8 %p_read27, i3 0"   --->   Operation 41 'bitconcatenate' 'shl_ln1273_7' <Predicate = true> <Delay = 0.00>
ST_2 : Operation 42 [1/1] (1.63ns)   --->   "%sub_ln1273 = sub i11 0, i11 %shl_ln1273_7"   --->   Operation 42 'sub' 'sub_ln1273' <Predicate = true> <Delay = 1.63> <CoreInst = "Adder">   --->   Core 1 'Adder' <Latency = 0> <II = 1> <Delay = 1.63> <FuncUnit> <Opcode : 'add' 'sub'> <InPorts = 2> <OutPorts = 1>
ST_2 : Operation 43 [1/1] (0.00ns)   --->   "%shl_ln1273_8 = bitconcatenate i9 @_ssdm_op_BitConcatenate.i9.i8.i1, i8 %p_read27, i1 0"   --->   Operation 43 'bitconcatenate' 'shl_ln1273_8' <Predicate = true> <Delay = 0.00>
ST_2 : Operation 44 [1/1] (0.00ns)   --->   "%sext_ln1273_3 = sext i9 %shl_ln1273_8"   --->   Operation 44 'sext' 'sext_ln1273_3' <Predicate = true> <Delay = 0.00>
ST_2 : Operation 45 [1/1] (1.63ns)   --->   "%r_V_5 = sub i11 %sub_ln1273, i11 %sext_ln1273_3"   --->   Operation 45 'sub' 'r_V_5' <Predicate = true> <Delay = 1.63> <CoreInst = "Adder">   --->   Core 1 'Adder' <Latency = 0> <II = 1> <Delay = 1.63> <FuncUnit> <Opcode : 'add' 'sub'> <InPorts = 2> <OutPorts = 1>
ST_2 : Operation 46 [1/1] (0.00ns)   --->   "%trunc_ln818_7 = partselect i8 @_ssdm_op_PartSelect.i8.i11.i32.i32, i11 %r_V_5, i32 3, i32 10"   --->   Operation 46 'partselect' 'trunc_ln818_7' <Predicate = true> <Delay = 0.00>
ST_2 : Operation 47 [2/3] (2.93ns)   --->   "%mul_ln1270 = mul i11 %sext_ln1270, i11 2035"   --->   Operation 47 'mul' 'mul_ln1270' <Predicate = true> <Delay = 2.93> <CoreInst = "Mul_DSP">   --->   Core 5 'Mul_DSP' <Latency = 2> <II = 1> <Delay = 2.93> <FuncUnit> <Opcode : 'mul'> <InPorts = 2> <OutPorts = 1>
ST_2 : Operation 48 [1/1] (0.00ns)   --->   "%sext_ln1273_4 = sext i8 %p_read_8"   --->   Operation 48 'sext' 'sext_ln1273_4' <Predicate = true> <Delay = 0.00>
ST_2 : Operation 49 [1/1] (0.00ns)   --->   "%shl_ln1273_1 = bitconcatenate i11 @_ssdm_op_BitConcatenate.i11.i8.i3, i8 %p_read_8, i3 0"   --->   Operation 49 'bitconcatenate' 'shl_ln1273_1' <Predicate = true> <Delay = 0.00>
ST_2 : Operation 50 [1/1] (0.00ns)   --->   "%shl_ln1273_2 = bitconcatenate i9 @_ssdm_op_BitConcatenate.i9.i8.i1, i8 %p_read_8, i1 0"   --->   Operation 50 'bitconcatenate' 'shl_ln1273_2' <Predicate = true> <Delay = 0.00>
ST_2 : Operation 51 [1/1] (0.00ns)   --->   "%sext_ln1273_6 = sext i9 %shl_ln1273_2"   --->   Operation 51 'sext' 'sext_ln1273_6' <Predicate = true> <Delay = 0.00>
ST_2 : Operation 52 [1/1] (1.63ns)   --->   "%r_V_7 = add i11 %shl_ln1273_1, i11 %sext_ln1273_6"   --->   Operation 52 'add' 'r_V_7' <Predicate = true> <Delay = 1.63> <CoreInst = "Adder">   --->   Core 1 'Adder' <Latency = 0> <II = 1> <Delay = 1.63> <FuncUnit> <Opcode : 'add' 'sub'> <InPorts = 2> <OutPorts = 1>
ST_2 : Operation 53 [1/1] (0.00ns)   --->   "%trunc_ln818_s = partselect i8 @_ssdm_op_PartSelect.i8.i11.i32.i32, i11 %r_V_7, i32 3, i32 10"   --->   Operation 53 'partselect' 'trunc_ln818_s' <Predicate = true> <Delay = 0.00>
ST_2 : Operation 54 [1/1] (1.63ns)   --->   "%r_V_8 = add i11 %shl_ln1273_1, i11 %sext_ln1273_4"   --->   Operation 54 'add' 'r_V_8' <Predicate = true> <Delay = 1.63> <CoreInst = "Adder">   --->   Core 1 'Adder' <Latency = 0> <II = 1> <Delay = 1.63> <FuncUnit> <Opcode : 'add' 'sub'> <InPorts = 2> <OutPorts = 1>
ST_2 : Operation 55 [1/1] (0.00ns)   --->   "%trunc_ln818_1 = partselect i8 @_ssdm_op_PartSelect.i8.i11.i32.i32, i11 %r_V_8, i32 3, i32 10"   --->   Operation 55 'partselect' 'trunc_ln818_1' <Predicate = true> <Delay = 0.00>
ST_2 : Operation 56 [1/1] (1.91ns)   --->   "%add_ln813_6 = add i8 %trunc_ln818_s, i8 246"   --->   Operation 56 'add' 'add_ln813_6' <Predicate = true> <Delay = 1.91> <CoreInst = "Adder">   --->   Core 1 'Adder' <Latency = 0> <II = 1> <Delay = 1.91> <FuncUnit> <Opcode : 'add' 'sub'> <InPorts = 2> <OutPorts = 1>
ST_2 : Operation 57 [1/1] (1.91ns)   --->   "%add_ln813_10 = add i8 %add_ln813_9, i8 %add_ln813_8"   --->   Operation 57 'add' 'add_ln813_10' <Predicate = true> <Delay = 1.91> <CoreInst = "Adder">   --->   Core 1 'Adder' <Latency = 0> <II = 1> <Delay = 1.91> <FuncUnit> <Opcode : 'add' 'sub'> <InPorts = 2> <OutPorts = 1>
ST_2 : Operation 58 [1/1] (1.91ns)   --->   "%add_ln813_13 = add i8 %add_ln813_12, i8 %trunc_ln818_1"   --->   Operation 58 'add' 'add_ln813_13' <Predicate = true> <Delay = 1.91> <CoreInst = "Adder">   --->   Core 1 'Adder' <Latency = 0> <II = 1> <Delay = 1.91> <FuncUnit> <Opcode : 'add' 'sub'> <InPorts = 2> <OutPorts = 1>

State 3 <SV = 2> <Delay = 2.93>
ST_3 : Operation 59 [1/3] (2.93ns)   --->   "%mul_ln1270 = mul i11 %sext_ln1270, i11 2035"   --->   Operation 59 'mul' 'mul_ln1270' <Predicate = true> <Delay = 2.93> <CoreInst = "Mul_DSP">   --->   Core 5 'Mul_DSP' <Latency = 2> <II = 1> <Delay = 2.93> <FuncUnit> <Opcode : 'mul'> <InPorts = 2> <OutPorts = 1>
ST_3 : Operation 60 [1/1] (0.00ns)   --->   "%trunc_ln818_8 = partselect i8 @_ssdm_op_PartSelect.i8.i11.i32.i32, i11 %mul_ln1270, i32 3, i32 10"   --->   Operation 60 'partselect' 'trunc_ln818_8' <Predicate = true> <Delay = 0.00>
ST_3 : Operation 61 [1/1] (1.91ns)   --->   "%add_ln813_7 = add i8 %add_ln813_6, i8 %trunc_ln818_7"   --->   Operation 61 'add' 'add_ln813_7' <Predicate = true> <Delay = 1.91> <CoreInst = "Adder">   --->   Core 1 'Adder' <Latency = 0> <II = 1> <Delay = 1.91> <FuncUnit> <Opcode : 'add' 'sub'> <InPorts = 2> <OutPorts = 1>
ST_3 : Operation 62 [1/1] (1.91ns)   --->   "%add_ln813_14 = add i8 %add_ln813_13, i8 %add_ln813_11"   --->   Operation 62 'add' 'add_ln813_14' <Predicate = true> <Delay = 1.91> <CoreInst = "Adder">   --->   Core 1 'Adder' <Latency = 0> <II = 1> <Delay = 1.91> <FuncUnit> <Opcode : 'add' 'sub'> <InPorts = 2> <OutPorts = 1>

State 4 <SV = 3> <Delay = 1.91>
ST_4 : Operation 63 [1/1] (1.91ns)   --->   "%add_ln813_4 = add i8 %trunc_ln818_8, i8 246"   --->   Operation 63 'add' 'add_ln813_4' <Predicate = true> <Delay = 1.91> <CoreInst = "Adder">   --->   Core 1 'Adder' <Latency = 0> <II = 1> <Delay = 1.91> <FuncUnit> <Opcode : 'add' 'sub'> <InPorts = 2> <OutPorts = 1>

State 5 <SV = 4> <Delay = 1.91>
ST_5 : Operation 64 [1/1] (0.00ns)   --->   "%specpipeline_ln33 = specpipeline void @_ssdm_op_SpecPipeline, i32 1, i32 0, i32 0, i32 0, void @empty_0" [firmware/nnet_utils/nnet_dense_latency.h:33]   --->   Operation 64 'specpipeline' 'specpipeline_ln33' <Predicate = true> <Delay = 0.00>
ST_5 : Operation 65 [1/1] (0.00ns)   --->   "%specresourcelimit_ln33 = specresourcelimit void @_ssdm_op_SpecResourceLimit, i64 12, void @empty_1, void @empty_0, void @empty_0, void @empty_0" [firmware/nnet_utils/nnet_dense_latency.h:33]   --->   Operation 65 'specresourcelimit' 'specresourcelimit_ln33' <Predicate = true> <Delay = 0.00>
ST_5 : Operation 66 [1/1] (1.91ns)   --->   "%add_ln813_5 = add i8 %add_ln813_4, i8 %add_ln813"   --->   Operation 66 'add' 'add_ln813_5' <Predicate = true> <Delay = 1.91> <CoreInst = "Adder">   --->   Core 1 'Adder' <Latency = 0> <II = 1> <Delay = 1.91> <FuncUnit> <Opcode : 'add' 'sub'> <InPorts = 2> <OutPorts = 1>
ST_5 : Operation 67 [1/1] (0.00ns)   --->   "%mrv = insertvalue i32 <undef>, i8 %add_ln813_10" [firmware/nnet_utils/nnet_dense_latency.h:68]   --->   Operation 67 'insertvalue' 'mrv' <Predicate = true> <Delay = 0.00>
ST_5 : Operation 68 [1/1] (0.00ns)   --->   "%mrv_1 = insertvalue i32 %mrv, i8 %add_ln813_7" [firmware/nnet_utils/nnet_dense_latency.h:68]   --->   Operation 68 'insertvalue' 'mrv_1' <Predicate = true> <Delay = 0.00>
ST_5 : Operation 69 [1/1] (0.00ns)   --->   "%mrv_2 = insertvalue i32 %mrv_1, i8 %add_ln813_14" [firmware/nnet_utils/nnet_dense_latency.h:68]   --->   Operation 69 'insertvalue' 'mrv_2' <Predicate = true> <Delay = 0.00>
ST_5 : Operation 70 [1/1] (0.00ns)   --->   "%mrv_3 = insertvalue i32 %mrv_2, i8 %add_ln813_5" [firmware/nnet_utils/nnet_dense_latency.h:68]   --->   Operation 70 'insertvalue' 'mrv_3' <Predicate = true> <Delay = 0.00>
ST_5 : Operation 71 [1/1] (0.00ns)   --->   "%ret_ln68 = ret i32 %mrv_3" [firmware/nnet_utils/nnet_dense_latency.h:68]   --->   Operation 71 'ret' 'ret_ln68' <Predicate = true> <Delay = 0.00>


============================================================
+ Verbose Summary: Timing violations
============================================================
Target clock period: 5ns, clock uncertainty: 1.35ns.

 <State 1>: 3.55ns
The critical path consists of the following:
	wire read operation ('p_read16', firmware/nnet_utils/nnet_mult.h:70) on port 'p_read1' (firmware/nnet_utils/nnet_mult.h:70) [11]  (0 ns)
	'add' operation ('r.V') [22]  (1.64 ns)
	'add' operation ('add_ln813') [53]  (1.92 ns)

 <State 2>: 3.55ns
The critical path consists of the following:
	'add' operation ('r.V') [43]  (1.64 ns)
	'add' operation ('add_ln813_6') [56]  (1.92 ns)

 <State 3>: 2.94ns
The critical path consists of the following:
	'mul' operation ('mul_ln1270') [31]  (2.94 ns)

 <State 4>: 1.92ns
The critical path consists of the following:
	'add' operation ('add_ln813_4') [54]  (1.92 ns)

 <State 5>: 1.92ns
The critical path consists of the following:
	'add' operation ('add_ln813_5') [55]  (1.92 ns)


============================================================
+ Verbose Summary: Binding
============================================================
N/A
* FSMD analyzer results:
  - Output states:
 - Input state : 
  - Chain level:
	State 1
	State 2
	State 3
	State 4
	State 5


============================================================
+ Verbose Summary: Datapath Resource usage 
============================================================
N/A
