

================================================================
== Vitis HLS Report for 'dense_latency_ap_fixed_8_4_5_3_0_ap_fixed_8_4_5_3_0_config11_s'
================================================================
* Date:           Sat Sep 27 22:09:47 2025

* Version:        2022.2 (Build 3670227 on Oct 13 2022)
* Project:        myproject_prj
* Solution:       solution1 (Vivado IP Flow Target)
* Product family: zynq
* Target device:  xc7z020-clg484-1


================================================================
== Performance Estimates
================================================================
+ Timing: 
    * Summary: 
    +--------+---------+----------+------------+
    |  Clock |  Target | Estimated| Uncertainty|
    +--------+---------+----------+------------+
    |ap_clk  |  5.00 ns|  3.554 ns|     1.35 ns|
    +--------+---------+----------+------------+

+ Latency: 
    * Summary: 
    +---------+---------+----------+----------+-----+-----+---------+
    |  Latency (cycles) |  Latency (absolute) |  Interval | Pipeline|
    |   min   |   max   |    min   |    max   | min | max |   Type  |
    +---------+---------+----------+----------+-----+-----+---------+
    |        1|        1|  5.000 ns|  5.000 ns|    1|    1|      yes|
    +---------+---------+----------+----------+-----+-----+---------+

    + Detail: 
        * Instance: 
        N/A

        * Loop: 
        N/A

============================================================
+ Verbose Summary: Synthesis Manager
============================================================
InlineROM: 1
ExposeGlobal: 0
============================================================
+ Verbose Summary: CDFG Model
============================================================
IsTopModel: 0
ResetActiveHigh: 1
IsCombinational: 0
IsDatapathOnly: 0
HasWiredReturn: 1
HasMFsm: 2
HasVarLatency: 0
IsPipeline: 1
IsRtlPipelined: 1
IsInstanceOverlapped: 0
IsDontTouch: 0
HasImplIP: 0
IsGatedGlobalClock: 0

+ Individual pipeline summary: 
  * Pipeline-0: initiation interval (II) = 1, depth = 2


============================================================
+ Verbose Summary: Schedule
============================================================
* Number of FSM states : 2
* Pipeline : 1
  Pipeline-0 : II = 1, D = 2, States = { 1 2 }
* Dataflow Pipeline: 0

* FSM state transitions: 
1 --> 2 
2 --> 

* FSM state operations: 

State 1 <SV = 0> <Delay = 3.55>
ST_1 : Operation 3 [1/1] (0.00ns)   --->   "%p_read13 = read i8 @_ssdm_op_Read.ap_auto.i8, i8 %p_read1" [firmware/nnet_utils/nnet_mult.h:70]   --->   Operation 3 'read' 'p_read13' <Predicate = true> <Delay = 0.00>
ST_1 : Operation 4 [1/1] (0.00ns)   --->   "%p_read_12 = read i8 @_ssdm_op_Read.ap_auto.i8, i8 %p_read" [firmware/nnet_utils/nnet_mult.h:70]   --->   Operation 4 'read' 'p_read_12' <Predicate = true> <Delay = 0.00>
ST_1 : Operation 5 [1/1] (0.00ns)   --->   "%trunc_ln1273 = trunc i8 %p_read_12"   --->   Operation 5 'trunc' 'trunc_ln1273' <Predicate = true> <Delay = 0.00>
ST_1 : Operation 6 [1/1] (0.00ns)   --->   "%sext_ln1273_8 = sext i8 %p_read13"   --->   Operation 6 'sext' 'sext_ln1273_8' <Predicate = true> <Delay = 0.00>
ST_1 : Operation 7 [1/1] (0.00ns)   --->   "%shl_ln1273_5 = bitconcatenate i11 @_ssdm_op_BitConcatenate.i11.i8.i3, i8 %p_read13, i3 0"   --->   Operation 7 'bitconcatenate' 'shl_ln1273_5' <Predicate = true> <Delay = 0.00>
ST_1 : Operation 8 [1/1] (0.00ns)   --->   "%shl_ln1273_6 = bitconcatenate i9 @_ssdm_op_BitConcatenate.i9.i8.i1, i8 %p_read13, i1 0"   --->   Operation 8 'bitconcatenate' 'shl_ln1273_6' <Predicate = true> <Delay = 0.00>
ST_1 : Operation 9 [1/1] (0.00ns)   --->   "%sext_ln1273_9 = sext i9 %shl_ln1273_6"   --->   Operation 9 'sext' 'sext_ln1273_9' <Predicate = true> <Delay = 0.00>
ST_1 : Operation 10 [1/1] (1.63ns)   --->   "%r_V_13 = add i11 %shl_ln1273_5, i11 %sext_ln1273_9"   --->   Operation 10 'add' 'r_V_13' <Predicate = true> <Delay = 1.63> <CoreInst = "Adder">   --->   Core 1 'Adder' <Latency = 0> <II = 1> <Delay = 1.63> <FuncUnit> <Opcode : 'add' 'sub'> <InPorts = 2> <OutPorts = 1>
ST_1 : Operation 11 [1/1] (0.00ns)   --->   "%trunc_ln818_6 = partselect i8 @_ssdm_op_PartSelect.i8.i11.i32.i32, i11 %r_V_13, i32 3, i32 10"   --->   Operation 11 'partselect' 'trunc_ln818_6' <Predicate = true> <Delay = 0.00>
ST_1 : Operation 12 [1/1] (1.63ns)   --->   "%sub_ln1273 = sub i11 0, i11 %shl_ln1273_5"   --->   Operation 12 'sub' 'sub_ln1273' <Predicate = true> <Delay = 1.63> <CoreInst = "Adder">   --->   Core 1 'Adder' <Latency = 0> <II = 1> <Delay = 1.63> <FuncUnit> <Opcode : 'add' 'sub'> <InPorts = 2> <OutPorts = 1>
ST_1 : Operation 13 [1/1] (1.63ns)   --->   "%r_V_14 = sub i11 %sub_ln1273, i11 %sext_ln1273_8"   --->   Operation 13 'sub' 'r_V_14' <Predicate = true> <Delay = 1.63> <CoreInst = "Adder">   --->   Core 1 'Adder' <Latency = 0> <II = 1> <Delay = 1.63> <FuncUnit> <Opcode : 'add' 'sub'> <InPorts = 2> <OutPorts = 1>
ST_1 : Operation 14 [1/1] (0.00ns)   --->   "%trunc_ln818_7 = partselect i8 @_ssdm_op_PartSelect.i8.i11.i32.i32, i11 %r_V_14, i32 3, i32 10"   --->   Operation 14 'partselect' 'trunc_ln818_7' <Predicate = true> <Delay = 0.00>
ST_1 : Operation 15 [1/1] (1.91ns)   --->   "%add_ln813_18 = add i8 %trunc_ln818_6, i8 250"   --->   Operation 15 'add' 'add_ln813_18' <Predicate = true> <Delay = 1.91> <CoreInst = "Adder">   --->   Core 1 'Adder' <Latency = 0> <II = 1> <Delay = 1.91> <FuncUnit> <Opcode : 'add' 'sub'> <InPorts = 2> <OutPorts = 1>

State 2 <SV = 1> <Delay = 3.55>
ST_2 : Operation 16 [1/1] (0.00ns)   --->   "%specpipeline_ln33 = specpipeline void @_ssdm_op_SpecPipeline, i32 1, i32 0, i32 0, i32 0, void @empty_0" [firmware/nnet_utils/nnet_dense_latency.h:33]   --->   Operation 16 'specpipeline' 'specpipeline_ln33' <Predicate = true> <Delay = 0.00>
ST_2 : Operation 17 [1/1] (0.00ns)   --->   "%specresourcelimit_ln33 = specresourcelimit void @_ssdm_op_SpecResourceLimit, i64 4, void @empty_1, void @empty_0, void @empty_0, void @empty_0" [firmware/nnet_utils/nnet_dense_latency.h:33]   --->   Operation 17 'specresourcelimit' 'specresourcelimit_ln33' <Predicate = true> <Delay = 0.00>
ST_2 : Operation 18 [1/1] (0.00ns)   --->   "%shl_ln = bitconcatenate i11 @_ssdm_op_BitConcatenate.i11.i7.i4, i7 %trunc_ln1273, i4 0"   --->   Operation 18 'bitconcatenate' 'shl_ln' <Predicate = true> <Delay = 0.00>
ST_2 : Operation 19 [1/1] (0.00ns)   --->   "%shl_ln1273_s = bitconcatenate i10 @_ssdm_op_BitConcatenate.i10.i8.i2, i8 %p_read_12, i2 0"   --->   Operation 19 'bitconcatenate' 'shl_ln1273_s' <Predicate = true> <Delay = 0.00>
ST_2 : Operation 20 [1/1] (0.00ns)   --->   "%sext_ln1273 = sext i10 %shl_ln1273_s"   --->   Operation 20 'sext' 'sext_ln1273' <Predicate = true> <Delay = 0.00>
ST_2 : Operation 21 [1/1] (1.63ns)   --->   "%r_V = sub i11 %shl_ln, i11 %sext_ln1273"   --->   Operation 21 'sub' 'r_V' <Predicate = true> <Delay = 1.63> <CoreInst = "Adder">   --->   Core 1 'Adder' <Latency = 0> <II = 1> <Delay = 1.63> <FuncUnit> <Opcode : 'add' 'sub'> <InPorts = 2> <OutPorts = 1>
ST_2 : Operation 22 [1/1] (0.00ns)   --->   "%trunc_ln = partselect i8 @_ssdm_op_PartSelect.i8.i11.i32.i32, i11 %r_V, i32 3, i32 10"   --->   Operation 22 'partselect' 'trunc_ln' <Predicate = true> <Delay = 0.00>
ST_2 : Operation 23 [1/1] (1.63ns)   --->   "%r_V_12 = sub i11 0, i11 %shl_ln"   --->   Operation 23 'sub' 'r_V_12' <Predicate = true> <Delay = 1.63> <CoreInst = "Adder">   --->   Core 1 'Adder' <Latency = 0> <II = 1> <Delay = 1.63> <FuncUnit> <Opcode : 'add' 'sub'> <InPorts = 2> <OutPorts = 1>
ST_2 : Operation 24 [1/1] (0.00ns)   --->   "%trunc_ln818_s = partselect i8 @_ssdm_op_PartSelect.i8.i11.i32.i32, i11 %r_V_12, i32 3, i32 10"   --->   Operation 24 'partselect' 'trunc_ln818_s' <Predicate = true> <Delay = 0.00>
ST_2 : Operation 25 [1/1] (1.91ns)   --->   "%add_ln813 = add i8 %trunc_ln818_s, i8 4"   --->   Operation 25 'add' 'add_ln813' <Predicate = true> <Delay = 1.91> <CoreInst = "Adder">   --->   Core 1 'Adder' <Latency = 0> <II = 1> <Delay = 1.91> <FuncUnit> <Opcode : 'add' 'sub'> <InPorts = 2> <OutPorts = 1>
ST_2 : Operation 26 [1/1] (1.91ns)   --->   "%add_ln813_19 = add i8 %add_ln813_18, i8 %trunc_ln"   --->   Operation 26 'add' 'add_ln813_19' <Predicate = true> <Delay = 1.91> <CoreInst = "Adder">   --->   Core 1 'Adder' <Latency = 0> <II = 1> <Delay = 1.91> <FuncUnit> <Opcode : 'add' 'sub'> <InPorts = 2> <OutPorts = 1>
ST_2 : Operation 27 [1/1] (1.91ns)   --->   "%add_ln813_20 = add i8 %trunc_ln818_7, i8 2"   --->   Operation 27 'add' 'add_ln813_20' <Predicate = true> <Delay = 1.91> <CoreInst = "Adder">   --->   Core 1 'Adder' <Latency = 0> <II = 1> <Delay = 1.91> <FuncUnit> <Opcode : 'add' 'sub'> <InPorts = 2> <OutPorts = 1>
ST_2 : Operation 28 [1/1] (0.00ns)   --->   "%newret = insertvalue i24 <undef>, i8 %add_ln813_19"   --->   Operation 28 'insertvalue' 'newret' <Predicate = true> <Delay = 0.00>
ST_2 : Operation 29 [1/1] (0.00ns)   --->   "%newret2 = insertvalue i24 %newret, i8 %add_ln813"   --->   Operation 29 'insertvalue' 'newret2' <Predicate = true> <Delay = 0.00>
ST_2 : Operation 30 [1/1] (0.00ns)   --->   "%newret4 = insertvalue i24 %newret2, i8 %add_ln813_20"   --->   Operation 30 'insertvalue' 'newret4' <Predicate = true> <Delay = 0.00>
ST_2 : Operation 31 [1/1] (0.00ns)   --->   "%ret_ln813 = ret i24 %newret4"   --->   Operation 31 'ret' 'ret_ln813' <Predicate = true> <Delay = 0.00>


============================================================
+ Verbose Summary: Timing violations
============================================================
Target clock period: 5ns, clock uncertainty: 1.35ns.

 <State 1>: 3.55ns
The critical path consists of the following:
	wire read operation ('p_read13', firmware/nnet_utils/nnet_mult.h:70) on port 'p_read1' (firmware/nnet_utils/nnet_mult.h:70) [5]  (0 ns)
	'add' operation ('r.V') [19]  (1.64 ns)
	'add' operation ('add_ln813_18') [25]  (1.92 ns)

 <State 2>: 3.55ns
The critical path consists of the following:
	'sub' operation ('r.V') [13]  (1.64 ns)
	'add' operation ('add_ln813') [24]  (1.92 ns)


============================================================
+ Verbose Summary: Binding
============================================================
N/A
* FSMD analyzer results:
  - Output states:
 - Input state : 
  - Chain level:
	State 1
	State 2


============================================================
+ Verbose Summary: Datapath Resource usage 
============================================================
N/A
