

================================================================
== Vitis HLS Report for 'dense_latency_ap_fixed_8_4_5_3_0_ap_fixed_8_4_5_3_0_config17_s'
================================================================
* Date:           Sat Sep 27 23:07:27 2025

* Version:        2022.2 (Build 3670227 on Oct 13 2022)
* Project:        myproject_prj
* Solution:       solution1 (Vivado IP Flow Target)
* Product family: zynq
* Target device:  xc7z020-clg484-1


================================================================
== Performance Estimates
================================================================
+ Timing: 
    * Summary: 
    +--------+----------+----------+------------+
    |  Clock |  Target  | Estimated| Uncertainty|
    +--------+----------+----------+------------+
    |ap_clk  |  10.00 ns|  7.545 ns|     1.25 ns|
    +--------+----------+----------+------------+

+ Latency: 
    * Summary: 
    +---------+---------+----------+----------+-----+-----+---------+
    |  Latency (cycles) |  Latency (absolute) |  Interval | Pipeline|
    |   min   |   max   |    min   |    max   | min | max |   Type  |
    +---------+---------+----------+----------+-----+-----+---------+
    |        0|        0|      0 ns|      0 ns|    1|    1|      yes|
    +---------+---------+----------+----------+-----+-----+---------+

    + Detail: 
        * Instance: 
        N/A

        * Loop: 
        N/A

============================================================
+ Verbose Summary: Synthesis Manager
============================================================
InlineROM: 1
ExposeGlobal: 0
============================================================
+ Verbose Summary: CDFG Model
============================================================
IsTopModel: 0
ResetActiveHigh: 1
IsCombinational: 0
IsDatapathOnly: 0
HasWiredReturn: 1
HasMFsm: 2
HasVarLatency: 0
IsPipeline: 1
IsRtlPipelined: 0
IsInstanceOverlapped: 0
IsDontTouch: 0
HasImplIP: 0
IsGatedGlobalClock: 0

+ Individual pipeline summary: 
  * Pipeline-0: initiation interval (II) = 1, depth = 1


============================================================
+ Verbose Summary: Schedule
============================================================
* Number of FSM states : 1
* Pipeline : 1
  Pipeline-0 : II = 1, D = 1, States = { 1 }
* Dataflow Pipeline: 0

* FSM state transitions: 
1 --> 

* FSM state operations: 

State 1 <SV = 0> <Delay = 7.54>
ST_1 : Operation 2 [1/1] (0.00ns)   --->   "%specpipeline_ln33 = specpipeline void @_ssdm_op_SpecPipeline, i32 1, i32 0, i32 0, i32 0, void @empty_1" [firmware/nnet_utils/nnet_dense_latency.h:33]   --->   Operation 2 'specpipeline' 'specpipeline_ln33' <Predicate = true> <Delay = 0.00>
ST_1 : Operation 3 [1/1] (0.00ns)   --->   "%specresourcelimit_ln33 = specresourcelimit void @_ssdm_op_SpecResourceLimit, i64 3, void @empty_4, void @empty_1, void @empty_1, void @empty_1" [firmware/nnet_utils/nnet_dense_latency.h:33]   --->   Operation 3 'specresourcelimit' 'specresourcelimit_ln33' <Predicate = true> <Delay = 0.00>
ST_1 : Operation 4 [1/1] (0.00ns)   --->   "%p_read21 = read i8 @_ssdm_op_Read.ap_auto.i8, i8 %p_read2"   --->   Operation 4 'read' 'p_read21' <Predicate = true> <Delay = 0.00>
ST_1 : Operation 5 [1/1] (0.00ns)   --->   "%sext_ln1270 = sext i8 %p_read21"   --->   Operation 5 'sext' 'sext_ln1270' <Predicate = true> <Delay = 0.00>
ST_1 : Operation 6 [1/1] (5.63ns)   --->   "%mul_ln1270 = mul i17 %sext_ln1270, i17 130375"   --->   Operation 6 'mul' 'mul_ln1270' <Predicate = true> <Delay = 5.63> <CoreInst = "Multiplier">   --->   Core 3 'Multiplier' <Latency = 0> <II = 1> <Delay = 5.63> <FuncUnit> <Opcode : 'mul'> <InPorts = 2> <OutPorts = 1>
ST_1 : Operation 7 [1/1] (0.00ns)   --->   "%trunc_ln = partselect i8 @_ssdm_op_PartSelect.i8.i17.i32.i32, i17 %mul_ln1270, i32 9, i32 16"   --->   Operation 7 'partselect' 'trunc_ln' <Predicate = true> <Delay = 0.00>
ST_1 : Operation 8 [1/1] (1.91ns)   --->   "%add_ln813 = add i8 %trunc_ln, i8 255"   --->   Operation 8 'add' 'add_ln813' <Predicate = true> <Delay = 1.91> <CoreInst = "Adder">   --->   Core 1 'Adder' <Latency = 0> <II = 1> <Delay = 1.91> <FuncUnit> <Opcode : 'add' 'sub'> <InPorts = 2> <OutPorts = 1>
ST_1 : Operation 9 [1/1] (0.00ns)   --->   "%ret_ln813 = ret i8 %add_ln813"   --->   Operation 9 'ret' 'ret_ln813' <Predicate = true> <Delay = 0.00>


============================================================
+ Verbose Summary: Binding
============================================================
STG Binding: 
---------------- STG Properties BEGIN ----------------
- Is combinational: 1
- Is one-state seq: 0
- Is datapath-only: 0
- Is pipelined: 1
- Is top level: 0
Port [ Return ] is wired: 1; IO mode=ap_ctrl_hs:ce=0
Port [ p_read2]:  wired=1; compound=0; hidden=0; nouse=0; global=0; static=0; extern=0; dir=0; type=0; pingpong=0; private_global=0; IO mode=ap_none:ce=0
---------------- STG Properties END ------------------

---------------- Datapath Model BEGIN ----------------

<LifeTime>
<method=bitvector/>
specpipeline_ln33      (specpipeline     ) [ 00]
specresourcelimit_ln33 (specresourcelimit) [ 00]
p_read21               (read             ) [ 00]
sext_ln1270            (sext             ) [ 00]
mul_ln1270             (mul              ) [ 00]
trunc_ln               (partselect       ) [ 00]
add_ln813              (add              ) [ 00]
ret_ln813              (ret              ) [ 00]
</LifeTime>

<model>

<comp_list>
<comp id="0" class="1000" name="p_read2">
<pin_list>
<pin id="1" dir="1" index="0" bw="1" slack="0"/>
</pin_list>
<bind>
<StgValue><ssdm name="p_read2"/></StgValue>
</bind>
</comp>

<comp id="2" class="1001" name="const_2">
<pin_list>
<pin id="3" dir="1" index="0" bw="1" slack="2147483647"/>
</pin_list>
<bind>
<StgValue><ssdm name="_ssdm_op_SpecPipeline"/></StgValue>
</bind>
</comp>

<comp id="4" class="1001" name="const_4">
<pin_list>
<pin id="5" dir="1" index="0" bw="1" slack="2147483647"/>
</pin_list>
<bind>
<StgValue><ssdm name=""/></StgValue>
</bind>
</comp>

<comp id="6" class="1001" name="const_6">
<pin_list>
<pin id="7" dir="1" index="0" bw="1" slack="2147483647"/>
</pin_list>
<bind>
<StgValue><ssdm name=""/></StgValue>
</bind>
</comp>

<comp id="8" class="1001" name="const_8">
<pin_list>
<pin id="9" dir="1" index="0" bw="1" slack="2147483647"/>
</pin_list>
<bind>
<StgValue><ssdm name="empty_1"/></StgValue>
</bind>
</comp>

<comp id="10" class="1001" name="const_10">
<pin_list>
<pin id="11" dir="1" index="0" bw="1" slack="2147483647"/>
</pin_list>
<bind>
<StgValue><ssdm name="_ssdm_op_SpecResourceLimit"/></StgValue>
</bind>
</comp>

<comp id="12" class="1001" name="const_12">
<pin_list>
<pin id="13" dir="1" index="0" bw="1" slack="2147483647"/>
</pin_list>
<bind>
<StgValue><ssdm name=""/></StgValue>
</bind>
</comp>

<comp id="14" class="1001" name="const_14">
<pin_list>
<pin id="15" dir="1" index="0" bw="1" slack="2147483647"/>
</pin_list>
<bind>
<StgValue><ssdm name="empty_4"/></StgValue>
</bind>
</comp>

<comp id="16" class="1001" name="const_16">
<pin_list>
<pin id="17" dir="1" index="0" bw="1" slack="0"/>
</pin_list>
<bind>
<StgValue><ssdm name="_ssdm_op_Read.ap_auto.i8"/></StgValue>
</bind>
</comp>

<comp id="18" class="1001" name="const_18">
<pin_list>
<pin id="19" dir="1" index="0" bw="1" slack="0"/>
</pin_list>
<bind>
<StgValue><ssdm name=""/></StgValue>
</bind>
</comp>

<comp id="20" class="1001" name="const_20">
<pin_list>
<pin id="21" dir="1" index="0" bw="1" slack="0"/>
</pin_list>
<bind>
<StgValue><ssdm name="_ssdm_op_PartSelect.i8.i17.i32.i32"/></StgValue>
</bind>
</comp>

<comp id="22" class="1001" name="const_22">
<pin_list>
<pin id="23" dir="1" index="0" bw="1" slack="0"/>
</pin_list>
<bind>
<StgValue><ssdm name=""/></StgValue>
</bind>
</comp>

<comp id="24" class="1001" name="const_24">
<pin_list>
<pin id="25" dir="1" index="0" bw="1" slack="0"/>
</pin_list>
<bind>
<StgValue><ssdm name=""/></StgValue>
</bind>
</comp>

<comp id="26" class="1001" name="const_26">
<pin_list>
<pin id="27" dir="1" index="0" bw="1" slack="0"/>
</pin_list>
<bind>
<StgValue><ssdm name=""/></StgValue>
</bind>
</comp>

<comp id="28" class="1004" name="p_read21_read_fu_28">
<pin_list>
<pin id="29" dir="0" index="0" bw="8" slack="0"/>
<pin id="30" dir="0" index="1" bw="8" slack="0"/>
<pin id="31" dir="1" index="2" bw="8" slack="0"/>
</pin_list>
<bind>
<opcode="read(1150) " fcode="read"/>
<opset="p_read21/1 "/>
</bind>
</comp>

<comp id="34" class="1004" name="mul_ln1270_fu_34">
<pin_list>
<pin id="49" dir="0" index="0" bw="8" slack="0"/>
<pin id="50" dir="0" index="1" bw="11" slack="0"/>
<pin id="51" dir="1" index="2" bw="17" slack="0"/>
</pin_list>
<bind>
<opcode="mul(12) " fcode="mul"/>
<opset="mul_ln1270/1 "/>
</bind>
</comp>

<comp id="57" class="1004" name="sext_ln1270_fu_57">
<pin_list>
<pin id="58" dir="0" index="0" bw="8" slack="0"/>
<pin id="59" dir="1" index="1" bw="17" slack="0"/>
</pin_list>
<bind>
<opcode="sext(35) " fcode="sext"/>
<opset="sext_ln1270/1 "/>
</bind>
</comp>

<comp id="62" class="1004" name="trunc_ln_fu_62">
<pin_list>
<pin id="63" dir="0" index="0" bw="8" slack="0"/>
<pin id="64" dir="0" index="1" bw="17" slack="0"/>
<pin id="65" dir="0" index="2" bw="5" slack="0"/>
<pin id="66" dir="0" index="3" bw="6" slack="0"/>
<pin id="67" dir="1" index="4" bw="8" slack="0"/>
</pin_list>
<bind>
<opcode="partselect(1002) " fcode="partselect"/>
<opset="trunc_ln/1 "/>
</bind>
</comp>

<comp id="72" class="1004" name="add_ln813_fu_72">
<pin_list>
<pin id="73" dir="0" index="0" bw="8" slack="0"/>
<pin id="74" dir="0" index="1" bw="1" slack="0"/>
<pin id="75" dir="1" index="2" bw="8" slack="2147483647"/>
</pin_list>
<bind>
<opcode="add(8) " fcode="add"/>
<opset="add_ln813/1 "/>
</bind>
</comp>

</comp_list>

<net_list>
<net id="32"><net_src comp="16" pin="0"/><net_sink comp="28" pin=0"/></net>

<net id="33"><net_src comp="0" pin="0"/><net_sink comp="28" pin=1"/></net>

<net id="52"><net_src comp="18" pin="0"/><net_sink comp="34" pin=1"/></net>

<net id="60"><net_src comp="28" pin="2"/><net_sink comp="57" pin=0"/></net>

<net id="61"><net_src comp="57" pin="1"/><net_sink comp="34" pin=0"/></net>

<net id="68"><net_src comp="20" pin="0"/><net_sink comp="62" pin=0"/></net>

<net id="69"><net_src comp="34" pin="2"/><net_sink comp="62" pin=1"/></net>

<net id="70"><net_src comp="22" pin="0"/><net_sink comp="62" pin=2"/></net>

<net id="71"><net_src comp="24" pin="0"/><net_sink comp="62" pin=3"/></net>

<net id="76"><net_src comp="62" pin="4"/><net_sink comp="72" pin=0"/></net>

<net id="77"><net_src comp="26" pin="0"/><net_sink comp="72" pin=1"/></net>

</net_list>

</model> 
---------------- Datapath Model END ------------------

* FSMD analyzer results:
  - Output states:
 - Input state : 
	Port: dense_latency<ap_fixed<8, 4, 5, 3, 0>, ap_fixed<8, 4, 5, 3, 0>, config17> : p_read2 | {1 }
  - Chain level:
	State 1
		mul_ln1270 : 1
		trunc_ln : 2
		add_ln813 : 3
		ret_ln813 : 4


============================================================
+ Verbose Summary: Datapath Resource usage 
============================================================

* Functional unit list:
|----------|---------------------|---------|---------|---------|
| Operation|   Functional Unit   |   DSP   |    FF   |   LUT   |
|----------|---------------------|---------|---------|---------|
|    add   |   add_ln813_fu_72   |    0    |    0    |    15   |
|----------|---------------------|---------|---------|---------|
|    mul   |   mul_ln1270_fu_34  |    1    |    0    |    6    |
|----------|---------------------|---------|---------|---------|
|   read   | p_read21_read_fu_28 |    0    |    0    |    0    |
|----------|---------------------|---------|---------|---------|
|   sext   |  sext_ln1270_fu_57  |    0    |    0    |    0    |
|----------|---------------------|---------|---------|---------|
|partselect|    trunc_ln_fu_62   |    0    |    0    |    0    |
|----------|---------------------|---------|---------|---------|
|   Total  |                     |    1    |    0    |    21   |
|----------|---------------------|---------|---------|---------|

Memories:
N/A

* Register list:
N/A

* Multiplexer (MUX) list: 
|--------|------|------|------|--------|
|  Comp  |  Pin | Size |  BW  | S x BW |
|--------|------|------|------|--------|
|  Total |      |      |      |    0   |
|--------|------|------|------|--------|



* Summary:
+-----------+--------+--------+--------+
|           |   DSP  |   FF   |   LUT  |
+-----------+--------+--------+--------+
|  Function |    1   |    0   |   21   |
|   Memory  |    -   |    -   |    -   |
|Multiplexer|    -   |    -   |    -   |
|  Register |    -   |    -   |    -   |
+-----------+--------+--------+--------+
|   Total   |    1   |    0   |   21   |
+-----------+--------+--------+--------+
