

================================================================
== Vitis HLS Report for 'myproject'
================================================================
* Date:           Sat Sep 27 22:09:48 2025

* Version:        2022.2 (Build 3670227 on Oct 13 2022)
* Project:        myproject_prj
* Solution:       solution1 (Vivado IP Flow Target)
* Product family: zynq
* Target device:  xc7z020-clg484-1


================================================================
== Performance Estimates
================================================================
+ Timing: 
    * Summary: 
    +--------+---------+----------+------------+
    |  Clock |  Target | Estimated| Uncertainty|
    +--------+---------+----------+------------+
    |ap_clk  |  5.00 ns|  3.554 ns|     1.35 ns|
    +--------+---------+----------+------------+

+ Latency: 
    * Summary: 
    +---------+---------+----------+----------+-----+-----+---------+
    |  Latency (cycles) |  Latency (absolute) |  Interval | Pipeline|
    |   min   |   max   |    min   |    max   | min | max |   Type  |
    +---------+---------+----------+----------+-----+-----+---------+
    |       31|       31|  0.155 us|  0.155 us|    1|    1|      yes|
    +---------+---------+----------+----------+-----+-----+---------+

    + Detail: 
        * Instance: 
        +-----------------------------------------------------------------------------+------------------------------------------------------------------+---------+---------+-----------+-----------+-----+-----+---------+
        |                                                                             |                                                                  |  Latency (cycles) |   Latency (absolute)  |  Interval | Pipeline|
        |                                   Instance                                  |                              Module                              |   min   |   max   |    min    |    max    | min | max |   Type  |
        +-----------------------------------------------------------------------------+------------------------------------------------------------------+---------+---------+-----------+-----------+-----+-----+---------+
        |grp_dense_latency_ap_fixed_16_6_5_3_0_ap_fixed_8_4_5_3_0_config2_s_fu_64     |dense_latency_ap_fixed_16_6_5_3_0_ap_fixed_8_4_5_3_0_config2_s    |        8|        8|  40.000 ns|  40.000 ns|    1|    1|      yes|
        |grp_dense_latency_ap_fixed_8_4_5_3_0_ap_fixed_8_4_5_3_0_config5_s_fu_70      |dense_latency_ap_fixed_8_4_5_3_0_ap_fixed_8_4_5_3_0_config5_s     |        4|        4|  20.000 ns|  20.000 ns|    1|    1|      yes|
        |grp_dense_latency_ap_fixed_8_4_5_3_0_ap_fixed_8_4_5_3_0_config8_s_fu_79      |dense_latency_ap_fixed_8_4_5_3_0_ap_fixed_8_4_5_3_0_config8_s     |        4|        4|  20.000 ns|  20.000 ns|    1|    1|      yes|
        |grp_dense_latency_ap_fixed_8_4_5_3_0_ap_fixed_8_4_5_3_0_config11_s_fu_87     |dense_latency_ap_fixed_8_4_5_3_0_ap_fixed_8_4_5_3_0_config11_s    |        1|        1|   5.000 ns|   5.000 ns|    1|    1|      yes|
        |grp_dense_latency_ap_fixed_8_4_5_3_0_ap_fixed_8_4_5_3_0_config14_s_fu_93     |dense_latency_ap_fixed_8_4_5_3_0_ap_fixed_8_4_5_3_0_config14_s    |        1|        1|   5.000 ns|   5.000 ns|    1|    1|      yes|
        |grp_dense_latency_ap_fixed_8_4_5_3_0_ap_fixed_8_4_5_3_0_config17_s_fu_100    |dense_latency_ap_fixed_8_4_5_3_0_ap_fixed_8_4_5_3_0_config17_s    |        2|        2|  10.000 ns|  10.000 ns|    1|    1|      yes|
        |grp_sigmoid_ap_fixed_8_4_5_3_0_ap_fixed_8_4_5_3_0_sigmoid_config19_s_fu_107  |sigmoid_ap_fixed_8_4_5_3_0_ap_fixed_8_4_5_3_0_sigmoid_config19_s  |        2|        2|  10.000 ns|  10.000 ns|    1|    1|      yes|
        +-----------------------------------------------------------------------------+------------------------------------------------------------------+---------+---------+-----------+-----------+-----+-----+---------+

        * Loop: 
        N/A

============================================================
+ Verbose Summary: Synthesis Manager
============================================================
InlineROM: 1
ExposeGlobal: 0
============================================================
+ Verbose Summary: CDFG Model
============================================================
IsTopModel: 1
ResetActiveHigh: 1
IsCombinational: 0
IsDatapathOnly: 0
HasWiredReturn: 1
HasMFsm: 2
HasVarLatency: 0
IsPipeline: 1
IsRtlPipelined: 1
IsInstanceOverlapped: 0
IsDontTouch: 0
HasImplIP: 0
IsGatedGlobalClock: 0

+ Individual pipeline summary: 
  * Pipeline-0: initiation interval (II) = 1, depth = 32


============================================================
+ Verbose Summary: Schedule
============================================================
* Number of FSM states : 32
* Pipeline : 1
  Pipeline-0 : II = 1, D = 32, States = { 1 2 3 4 5 6 7 8 9 10 11 12 13 14 15 16 17 18 19 20 21 22 23 24 25 26 27 28 29 30 31 32 }
* Dataflow Pipeline: 0

* FSM state transitions: 
1 --> 2 
2 --> 3 
3 --> 4 
4 --> 5 
5 --> 6 
6 --> 7 
7 --> 8 
8 --> 9 
9 --> 10 
10 --> 11 
11 --> 12 
12 --> 13 
13 --> 14 
14 --> 15 
15 --> 16 
16 --> 17 
17 --> 18 
18 --> 19 
19 --> 20 
20 --> 21 
21 --> 22 
22 --> 23 
23 --> 24 
24 --> 25 
25 --> 26 
26 --> 27 
27 --> 28 
28 --> 29 
29 --> 30 
30 --> 31 
31 --> 32 
32 --> 

* FSM state operations: 

State 1 <SV = 0> <Delay = 2.10>
ST_1 : Operation 33 [1/1] (0.00ns)   --->   "%inputLayer_read = read i2576 @_ssdm_op_Read.ap_vld.i2576P0A, i2576 %inputLayer" [firmware/nnet_utils/nnet_dense.h:54]   --->   Operation 33 'read' 'inputLayer_read' <Predicate = true> <Delay = 0.00>
ST_1 : Operation 34 [10/10] (2.10ns)   --->   "%call_ret1 = call i40 @dense_latency<ap_fixed<16, 6, 5, 3, 0>, ap_fixed<8, 4, 5, 3, 0>, config2>, i2576 %inputLayer_read" [firmware/nnet_utils/nnet_dense.h:54]   --->   Operation 34 'call' 'call_ret1' <Predicate = true> <Delay = 2.10> <CoreType = "Generic">   --->   Core 0 '' <Latency = 0> <II = 1> <Delay = 1.00> <Generic> <Opcode : >

State 2 <SV = 1> <Delay = 2.10>
ST_2 : Operation 35 [9/10] (2.10ns)   --->   "%call_ret1 = call i40 @dense_latency<ap_fixed<16, 6, 5, 3, 0>, ap_fixed<8, 4, 5, 3, 0>, config2>, i2576 %inputLayer_read" [firmware/nnet_utils/nnet_dense.h:54]   --->   Operation 35 'call' 'call_ret1' <Predicate = true> <Delay = 2.10> <CoreType = "Generic">   --->   Core 0 '' <Latency = 0> <II = 1> <Delay = 1.00> <Generic> <Opcode : >

State 3 <SV = 2> <Delay = 2.10>
ST_3 : Operation 36 [8/10] (2.10ns)   --->   "%call_ret1 = call i40 @dense_latency<ap_fixed<16, 6, 5, 3, 0>, ap_fixed<8, 4, 5, 3, 0>, config2>, i2576 %inputLayer_read" [firmware/nnet_utils/nnet_dense.h:54]   --->   Operation 36 'call' 'call_ret1' <Predicate = true> <Delay = 2.10> <CoreType = "Generic">   --->   Core 0 '' <Latency = 0> <II = 1> <Delay = 1.00> <Generic> <Opcode : >

State 4 <SV = 3> <Delay = 2.10>
ST_4 : Operation 37 [7/10] (2.10ns)   --->   "%call_ret1 = call i40 @dense_latency<ap_fixed<16, 6, 5, 3, 0>, ap_fixed<8, 4, 5, 3, 0>, config2>, i2576 %inputLayer_read" [firmware/nnet_utils/nnet_dense.h:54]   --->   Operation 37 'call' 'call_ret1' <Predicate = true> <Delay = 2.10> <CoreType = "Generic">   --->   Core 0 '' <Latency = 0> <II = 1> <Delay = 1.00> <Generic> <Opcode : >

State 5 <SV = 4> <Delay = 2.10>
ST_5 : Operation 38 [6/10] (2.10ns)   --->   "%call_ret1 = call i40 @dense_latency<ap_fixed<16, 6, 5, 3, 0>, ap_fixed<8, 4, 5, 3, 0>, config2>, i2576 %inputLayer_read" [firmware/nnet_utils/nnet_dense.h:54]   --->   Operation 38 'call' 'call_ret1' <Predicate = true> <Delay = 2.10> <CoreType = "Generic">   --->   Core 0 '' <Latency = 0> <II = 1> <Delay = 1.00> <Generic> <Opcode : >

State 6 <SV = 5> <Delay = 2.10>
ST_6 : Operation 39 [5/10] (2.10ns)   --->   "%call_ret1 = call i40 @dense_latency<ap_fixed<16, 6, 5, 3, 0>, ap_fixed<8, 4, 5, 3, 0>, config2>, i2576 %inputLayer_read" [firmware/nnet_utils/nnet_dense.h:54]   --->   Operation 39 'call' 'call_ret1' <Predicate = true> <Delay = 2.10> <CoreType = "Generic">   --->   Core 0 '' <Latency = 0> <II = 1> <Delay = 1.00> <Generic> <Opcode : >

State 7 <SV = 6> <Delay = 2.10>
ST_7 : Operation 40 [4/10] (2.10ns)   --->   "%call_ret1 = call i40 @dense_latency<ap_fixed<16, 6, 5, 3, 0>, ap_fixed<8, 4, 5, 3, 0>, config2>, i2576 %inputLayer_read" [firmware/nnet_utils/nnet_dense.h:54]   --->   Operation 40 'call' 'call_ret1' <Predicate = true> <Delay = 2.10> <CoreType = "Generic">   --->   Core 0 '' <Latency = 0> <II = 1> <Delay = 1.00> <Generic> <Opcode : >

State 8 <SV = 7> <Delay = 2.10>
ST_8 : Operation 41 [3/10] (2.10ns)   --->   "%call_ret1 = call i40 @dense_latency<ap_fixed<16, 6, 5, 3, 0>, ap_fixed<8, 4, 5, 3, 0>, config2>, i2576 %inputLayer_read" [firmware/nnet_utils/nnet_dense.h:54]   --->   Operation 41 'call' 'call_ret1' <Predicate = true> <Delay = 2.10> <CoreType = "Generic">   --->   Core 0 '' <Latency = 0> <II = 1> <Delay = 1.00> <Generic> <Opcode : >

State 9 <SV = 8> <Delay = 2.10>
ST_9 : Operation 42 [2/10] (2.10ns)   --->   "%call_ret1 = call i40 @dense_latency<ap_fixed<16, 6, 5, 3, 0>, ap_fixed<8, 4, 5, 3, 0>, config2>, i2576 %inputLayer_read" [firmware/nnet_utils/nnet_dense.h:54]   --->   Operation 42 'call' 'call_ret1' <Predicate = true> <Delay = 2.10> <CoreType = "Generic">   --->   Core 0 '' <Latency = 0> <II = 1> <Delay = 1.00> <Generic> <Opcode : >

State 10 <SV = 9> <Delay = 1.91>
ST_10 : Operation 43 [1/10] (1.91ns)   --->   "%call_ret1 = call i40 @dense_latency<ap_fixed<16, 6, 5, 3, 0>, ap_fixed<8, 4, 5, 3, 0>, config2>, i2576 %inputLayer_read" [firmware/nnet_utils/nnet_dense.h:54]   --->   Operation 43 'call' 'call_ret1' <Predicate = true> <Delay = 1.91> <CoreType = "Generic">   --->   Core 0 '' <Latency = 0> <II = 1> <Delay = 1.00> <Generic> <Opcode : >
ST_10 : Operation 44 [1/1] (0.00ns)   --->   "%layer2_out_V = extractvalue i40 %call_ret1" [firmware/nnet_utils/nnet_dense.h:54]   --->   Operation 44 'extractvalue' 'layer2_out_V' <Predicate = true> <Delay = 0.00>
ST_10 : Operation 45 [1/1] (0.00ns)   --->   "%layer2_out_V_1 = extractvalue i40 %call_ret1" [firmware/nnet_utils/nnet_dense.h:54]   --->   Operation 45 'extractvalue' 'layer2_out_V_1' <Predicate = true> <Delay = 0.00>
ST_10 : Operation 46 [1/1] (0.00ns)   --->   "%layer2_out_V_2 = extractvalue i40 %call_ret1" [firmware/nnet_utils/nnet_dense.h:54]   --->   Operation 46 'extractvalue' 'layer2_out_V_2' <Predicate = true> <Delay = 0.00>
ST_10 : Operation 47 [1/1] (0.00ns)   --->   "%layer2_out_V_3 = extractvalue i40 %call_ret1" [firmware/nnet_utils/nnet_dense.h:54]   --->   Operation 47 'extractvalue' 'layer2_out_V_3' <Predicate = true> <Delay = 0.00>
ST_10 : Operation 48 [1/1] (0.00ns)   --->   "%layer2_out_V_4 = extractvalue i40 %call_ret1" [firmware/nnet_utils/nnet_dense.h:54]   --->   Operation 48 'extractvalue' 'layer2_out_V_4' <Predicate = true> <Delay = 0.00>

State 11 <SV = 10> <Delay = 3.55>
ST_11 : Operation 49 [6/6] (3.55ns)   --->   "%call_ret2 = call i32 @dense_latency<ap_fixed<8, 4, 5, 3, 0>, ap_fixed<8, 4, 5, 3, 0>, config5>, i8 %layer2_out_V, i8 %layer2_out_V_1, i8 %layer2_out_V_2, i8 %layer2_out_V_3, i8 %layer2_out_V_4" [firmware/nnet_utils/nnet_dense.h:54]   --->   Operation 49 'call' 'call_ret2' <Predicate = true> <Delay = 3.55> <CoreType = "Generic">   --->   Core 0 '' <Latency = 0> <II = 1> <Delay = 1.00> <Generic> <Opcode : >

State 12 <SV = 11> <Delay = 3.55>
ST_12 : Operation 50 [5/6] (3.55ns)   --->   "%call_ret2 = call i32 @dense_latency<ap_fixed<8, 4, 5, 3, 0>, ap_fixed<8, 4, 5, 3, 0>, config5>, i8 %layer2_out_V, i8 %layer2_out_V_1, i8 %layer2_out_V_2, i8 %layer2_out_V_3, i8 %layer2_out_V_4" [firmware/nnet_utils/nnet_dense.h:54]   --->   Operation 50 'call' 'call_ret2' <Predicate = true> <Delay = 3.55> <CoreType = "Generic">   --->   Core 0 '' <Latency = 0> <II = 1> <Delay = 1.00> <Generic> <Opcode : >

State 13 <SV = 12> <Delay = 3.55>
ST_13 : Operation 51 [4/6] (3.55ns)   --->   "%call_ret2 = call i32 @dense_latency<ap_fixed<8, 4, 5, 3, 0>, ap_fixed<8, 4, 5, 3, 0>, config5>, i8 %layer2_out_V, i8 %layer2_out_V_1, i8 %layer2_out_V_2, i8 %layer2_out_V_3, i8 %layer2_out_V_4" [firmware/nnet_utils/nnet_dense.h:54]   --->   Operation 51 'call' 'call_ret2' <Predicate = true> <Delay = 3.55> <CoreType = "Generic">   --->   Core 0 '' <Latency = 0> <II = 1> <Delay = 1.00> <Generic> <Opcode : >

State 14 <SV = 13> <Delay = 3.55>
ST_14 : Operation 52 [3/6] (3.55ns)   --->   "%call_ret2 = call i32 @dense_latency<ap_fixed<8, 4, 5, 3, 0>, ap_fixed<8, 4, 5, 3, 0>, config5>, i8 %layer2_out_V, i8 %layer2_out_V_1, i8 %layer2_out_V_2, i8 %layer2_out_V_3, i8 %layer2_out_V_4" [firmware/nnet_utils/nnet_dense.h:54]   --->   Operation 52 'call' 'call_ret2' <Predicate = true> <Delay = 3.55> <CoreType = "Generic">   --->   Core 0 '' <Latency = 0> <II = 1> <Delay = 1.00> <Generic> <Opcode : >

State 15 <SV = 14> <Delay = 3.55>
ST_15 : Operation 53 [2/6] (3.55ns)   --->   "%call_ret2 = call i32 @dense_latency<ap_fixed<8, 4, 5, 3, 0>, ap_fixed<8, 4, 5, 3, 0>, config5>, i8 %layer2_out_V, i8 %layer2_out_V_1, i8 %layer2_out_V_2, i8 %layer2_out_V_3, i8 %layer2_out_V_4" [firmware/nnet_utils/nnet_dense.h:54]   --->   Operation 53 'call' 'call_ret2' <Predicate = true> <Delay = 3.55> <CoreType = "Generic">   --->   Core 0 '' <Latency = 0> <II = 1> <Delay = 1.00> <Generic> <Opcode : >

State 16 <SV = 15> <Delay = 1.91>
ST_16 : Operation 54 [1/6] (1.91ns)   --->   "%call_ret2 = call i32 @dense_latency<ap_fixed<8, 4, 5, 3, 0>, ap_fixed<8, 4, 5, 3, 0>, config5>, i8 %layer2_out_V, i8 %layer2_out_V_1, i8 %layer2_out_V_2, i8 %layer2_out_V_3, i8 %layer2_out_V_4" [firmware/nnet_utils/nnet_dense.h:54]   --->   Operation 54 'call' 'call_ret2' <Predicate = true> <Delay = 1.91> <CoreType = "Generic">   --->   Core 0 '' <Latency = 0> <II = 1> <Delay = 1.00> <Generic> <Opcode : >
ST_16 : Operation 55 [1/1] (0.00ns)   --->   "%layer5_out_V = extractvalue i32 %call_ret2" [firmware/nnet_utils/nnet_dense.h:54]   --->   Operation 55 'extractvalue' 'layer5_out_V' <Predicate = true> <Delay = 0.00>
ST_16 : Operation 56 [1/1] (0.00ns)   --->   "%layer5_out_V_1 = extractvalue i32 %call_ret2" [firmware/nnet_utils/nnet_dense.h:54]   --->   Operation 56 'extractvalue' 'layer5_out_V_1' <Predicate = true> <Delay = 0.00>
ST_16 : Operation 57 [1/1] (0.00ns)   --->   "%layer5_out_V_2 = extractvalue i32 %call_ret2" [firmware/nnet_utils/nnet_dense.h:54]   --->   Operation 57 'extractvalue' 'layer5_out_V_2' <Predicate = true> <Delay = 0.00>
ST_16 : Operation 58 [1/1] (0.00ns)   --->   "%layer5_out_V_3 = extractvalue i32 %call_ret2" [firmware/nnet_utils/nnet_dense.h:54]   --->   Operation 58 'extractvalue' 'layer5_out_V_3' <Predicate = true> <Delay = 0.00>

State 17 <SV = 16> <Delay = 3.55>
ST_17 : Operation 59 [6/6] (3.55ns)   --->   "%call_ret3 = call i16 @dense_latency<ap_fixed<8, 4, 5, 3, 0>, ap_fixed<8, 4, 5, 3, 0>, config8>, i8 %layer5_out_V, i8 %layer5_out_V_1, i8 %layer5_out_V_2, i8 %layer5_out_V_3" [firmware/nnet_utils/nnet_dense.h:54]   --->   Operation 59 'call' 'call_ret3' <Predicate = true> <Delay = 3.55> <CoreType = "Generic">   --->   Core 0 '' <Latency = 0> <II = 1> <Delay = 1.00> <Generic> <Opcode : >

State 18 <SV = 17> <Delay = 3.55>
ST_18 : Operation 60 [5/6] (3.55ns)   --->   "%call_ret3 = call i16 @dense_latency<ap_fixed<8, 4, 5, 3, 0>, ap_fixed<8, 4, 5, 3, 0>, config8>, i8 %layer5_out_V, i8 %layer5_out_V_1, i8 %layer5_out_V_2, i8 %layer5_out_V_3" [firmware/nnet_utils/nnet_dense.h:54]   --->   Operation 60 'call' 'call_ret3' <Predicate = true> <Delay = 3.55> <CoreType = "Generic">   --->   Core 0 '' <Latency = 0> <II = 1> <Delay = 1.00> <Generic> <Opcode : >

State 19 <SV = 18> <Delay = 3.55>
ST_19 : Operation 61 [4/6] (3.55ns)   --->   "%call_ret3 = call i16 @dense_latency<ap_fixed<8, 4, 5, 3, 0>, ap_fixed<8, 4, 5, 3, 0>, config8>, i8 %layer5_out_V, i8 %layer5_out_V_1, i8 %layer5_out_V_2, i8 %layer5_out_V_3" [firmware/nnet_utils/nnet_dense.h:54]   --->   Operation 61 'call' 'call_ret3' <Predicate = true> <Delay = 3.55> <CoreType = "Generic">   --->   Core 0 '' <Latency = 0> <II = 1> <Delay = 1.00> <Generic> <Opcode : >

State 20 <SV = 19> <Delay = 3.55>
ST_20 : Operation 62 [3/6] (3.55ns)   --->   "%call_ret3 = call i16 @dense_latency<ap_fixed<8, 4, 5, 3, 0>, ap_fixed<8, 4, 5, 3, 0>, config8>, i8 %layer5_out_V, i8 %layer5_out_V_1, i8 %layer5_out_V_2, i8 %layer5_out_V_3" [firmware/nnet_utils/nnet_dense.h:54]   --->   Operation 62 'call' 'call_ret3' <Predicate = true> <Delay = 3.55> <CoreType = "Generic">   --->   Core 0 '' <Latency = 0> <II = 1> <Delay = 1.00> <Generic> <Opcode : >

State 21 <SV = 20> <Delay = 3.55>
ST_21 : Operation 63 [2/6] (3.55ns)   --->   "%call_ret3 = call i16 @dense_latency<ap_fixed<8, 4, 5, 3, 0>, ap_fixed<8, 4, 5, 3, 0>, config8>, i8 %layer5_out_V, i8 %layer5_out_V_1, i8 %layer5_out_V_2, i8 %layer5_out_V_3" [firmware/nnet_utils/nnet_dense.h:54]   --->   Operation 63 'call' 'call_ret3' <Predicate = true> <Delay = 3.55> <CoreType = "Generic">   --->   Core 0 '' <Latency = 0> <II = 1> <Delay = 1.00> <Generic> <Opcode : >

State 22 <SV = 21> <Delay = 1.91>
ST_22 : Operation 64 [1/6] (1.91ns)   --->   "%call_ret3 = call i16 @dense_latency<ap_fixed<8, 4, 5, 3, 0>, ap_fixed<8, 4, 5, 3, 0>, config8>, i8 %layer5_out_V, i8 %layer5_out_V_1, i8 %layer5_out_V_2, i8 %layer5_out_V_3" [firmware/nnet_utils/nnet_dense.h:54]   --->   Operation 64 'call' 'call_ret3' <Predicate = true> <Delay = 1.91> <CoreType = "Generic">   --->   Core 0 '' <Latency = 0> <II = 1> <Delay = 1.00> <Generic> <Opcode : >
ST_22 : Operation 65 [1/1] (0.00ns)   --->   "%layer8_out_V = extractvalue i16 %call_ret3" [firmware/nnet_utils/nnet_dense.h:54]   --->   Operation 65 'extractvalue' 'layer8_out_V' <Predicate = true> <Delay = 0.00>
ST_22 : Operation 66 [1/1] (0.00ns)   --->   "%layer8_out_V_1 = extractvalue i16 %call_ret3" [firmware/nnet_utils/nnet_dense.h:54]   --->   Operation 66 'extractvalue' 'layer8_out_V_1' <Predicate = true> <Delay = 0.00>

State 23 <SV = 22> <Delay = 3.55>
ST_23 : Operation 67 [2/2] (3.55ns)   --->   "%call_ret4 = call i24 @dense_latency<ap_fixed<8, 4, 5, 3, 0>, ap_fixed<8, 4, 5, 3, 0>, config11>, i8 %layer8_out_V, i8 %layer8_out_V_1" [firmware/nnet_utils/nnet_dense.h:54]   --->   Operation 67 'call' 'call_ret4' <Predicate = true> <Delay = 3.55> <CoreType = "Generic">   --->   Core 0 '' <Latency = 0> <II = 1> <Delay = 1.00> <Generic> <Opcode : >

State 24 <SV = 23> <Delay = 3.55>
ST_24 : Operation 68 [1/2] (3.55ns)   --->   "%call_ret4 = call i24 @dense_latency<ap_fixed<8, 4, 5, 3, 0>, ap_fixed<8, 4, 5, 3, 0>, config11>, i8 %layer8_out_V, i8 %layer8_out_V_1" [firmware/nnet_utils/nnet_dense.h:54]   --->   Operation 68 'call' 'call_ret4' <Predicate = true> <Delay = 3.55> <CoreType = "Generic">   --->   Core 0 '' <Latency = 0> <II = 1> <Delay = 1.00> <Generic> <Opcode : >
ST_24 : Operation 69 [1/1] (0.00ns)   --->   "%layer11_out_V = extractvalue i24 %call_ret4" [firmware/nnet_utils/nnet_dense.h:54]   --->   Operation 69 'extractvalue' 'layer11_out_V' <Predicate = true> <Delay = 0.00>
ST_24 : Operation 70 [1/1] (0.00ns)   --->   "%layer11_out_V_1 = extractvalue i24 %call_ret4" [firmware/nnet_utils/nnet_dense.h:54]   --->   Operation 70 'extractvalue' 'layer11_out_V_1' <Predicate = true> <Delay = 0.00>
ST_24 : Operation 71 [1/1] (0.00ns)   --->   "%layer11_out_V_2 = extractvalue i24 %call_ret4" [firmware/nnet_utils/nnet_dense.h:54]   --->   Operation 71 'extractvalue' 'layer11_out_V_2' <Predicate = true> <Delay = 0.00>

State 25 <SV = 24> <Delay = 3.55>
ST_25 : Operation 72 [2/2] (3.55ns)   --->   "%call_ret5 = call i24 @dense_latency<ap_fixed<8, 4, 5, 3, 0>, ap_fixed<8, 4, 5, 3, 0>, config14>, i8 %layer11_out_V, i8 %layer11_out_V_1, i8 %layer11_out_V_2" [firmware/nnet_utils/nnet_dense.h:54]   --->   Operation 72 'call' 'call_ret5' <Predicate = true> <Delay = 3.55> <CoreType = "Generic">   --->   Core 0 '' <Latency = 0> <II = 1> <Delay = 1.00> <Generic> <Opcode : >

State 26 <SV = 25> <Delay = 1.91>
ST_26 : Operation 73 [1/2] (1.91ns)   --->   "%call_ret5 = call i24 @dense_latency<ap_fixed<8, 4, 5, 3, 0>, ap_fixed<8, 4, 5, 3, 0>, config14>, i8 %layer11_out_V, i8 %layer11_out_V_1, i8 %layer11_out_V_2" [firmware/nnet_utils/nnet_dense.h:54]   --->   Operation 73 'call' 'call_ret5' <Predicate = true> <Delay = 1.91> <CoreType = "Generic">   --->   Core 0 '' <Latency = 0> <II = 1> <Delay = 1.00> <Generic> <Opcode : >
ST_26 : Operation 74 [1/1] (0.00ns)   --->   "%layer14_out_V = extractvalue i24 %call_ret5" [firmware/nnet_utils/nnet_dense.h:54]   --->   Operation 74 'extractvalue' 'layer14_out_V' <Predicate = true> <Delay = 0.00>
ST_26 : Operation 75 [1/1] (0.00ns)   --->   "%layer14_out_V_1 = extractvalue i24 %call_ret5" [firmware/nnet_utils/nnet_dense.h:54]   --->   Operation 75 'extractvalue' 'layer14_out_V_1' <Predicate = true> <Delay = 0.00>
ST_26 : Operation 76 [1/1] (0.00ns)   --->   "%layer14_out_V_2 = extractvalue i24 %call_ret5" [firmware/nnet_utils/nnet_dense.h:54]   --->   Operation 76 'extractvalue' 'layer14_out_V_2' <Predicate = true> <Delay = 0.00>

State 27 <SV = 26> <Delay = 3.34>
ST_27 : Operation 77 [4/4] (3.34ns)   --->   "%call_ret6 = call i16 @dense_latency<ap_fixed<8, 4, 5, 3, 0>, ap_fixed<8, 4, 5, 3, 0>, config17>, i8 %layer14_out_V, i8 %layer14_out_V_1, i8 %layer14_out_V_2" [firmware/nnet_utils/nnet_dense.h:54]   --->   Operation 77 'call' 'call_ret6' <Predicate = true> <Delay = 3.34> <CoreType = "Generic">   --->   Core 0 '' <Latency = 0> <II = 1> <Delay = 1.00> <Generic> <Opcode : >

State 28 <SV = 27> <Delay = 3.34>
ST_28 : Operation 78 [3/4] (3.34ns)   --->   "%call_ret6 = call i16 @dense_latency<ap_fixed<8, 4, 5, 3, 0>, ap_fixed<8, 4, 5, 3, 0>, config17>, i8 %layer14_out_V, i8 %layer14_out_V_1, i8 %layer14_out_V_2" [firmware/nnet_utils/nnet_dense.h:54]   --->   Operation 78 'call' 'call_ret6' <Predicate = true> <Delay = 3.34> <CoreType = "Generic">   --->   Core 0 '' <Latency = 0> <II = 1> <Delay = 1.00> <Generic> <Opcode : >

State 29 <SV = 28> <Delay = 3.34>
ST_29 : Operation 79 [2/4] (3.34ns)   --->   "%call_ret6 = call i16 @dense_latency<ap_fixed<8, 4, 5, 3, 0>, ap_fixed<8, 4, 5, 3, 0>, config17>, i8 %layer14_out_V, i8 %layer14_out_V_1, i8 %layer14_out_V_2" [firmware/nnet_utils/nnet_dense.h:54]   --->   Operation 79 'call' 'call_ret6' <Predicate = true> <Delay = 3.34> <CoreType = "Generic">   --->   Core 0 '' <Latency = 0> <II = 1> <Delay = 1.00> <Generic> <Opcode : >

State 30 <SV = 29> <Delay = 2.90>
ST_30 : Operation 80 [1/4] (1.91ns)   --->   "%call_ret6 = call i16 @dense_latency<ap_fixed<8, 4, 5, 3, 0>, ap_fixed<8, 4, 5, 3, 0>, config17>, i8 %layer14_out_V, i8 %layer14_out_V_1, i8 %layer14_out_V_2" [firmware/nnet_utils/nnet_dense.h:54]   --->   Operation 80 'call' 'call_ret6' <Predicate = true> <Delay = 1.91> <CoreType = "Generic">   --->   Core 0 '' <Latency = 0> <II = 1> <Delay = 1.00> <Generic> <Opcode : >
ST_30 : Operation 81 [1/1] (0.00ns)   --->   "%layer17_out_V = extractvalue i16 %call_ret6" [firmware/nnet_utils/nnet_dense.h:54]   --->   Operation 81 'extractvalue' 'layer17_out_V' <Predicate = true> <Delay = 0.00>
ST_30 : Operation 82 [1/1] (0.00ns)   --->   "%layer17_out_V_1 = extractvalue i16 %call_ret6" [firmware/nnet_utils/nnet_dense.h:54]   --->   Operation 82 'extractvalue' 'layer17_out_V_1' <Predicate = true> <Delay = 0.00>
ST_30 : Operation 83 [3/3] (0.99ns)   --->   "%call_ret = call i16 @sigmoid<ap_fixed<8, 4, 5, 3, 0>, ap_fixed<8, 4, 5, 3, 0>, sigmoid_config19>, i8 %layer17_out_V, i8 %layer17_out_V_1, i10 %sigmoid_table" [firmware/myproject.cpp:66]   --->   Operation 83 'call' 'call_ret' <Predicate = true> <Delay = 0.99> <CoreType = "Generic">   --->   Core 0 '' <Latency = 0> <II = 1> <Delay = 1.00> <Generic> <Opcode : >

State 31 <SV = 30> <Delay = 3.25>
ST_31 : Operation 84 [2/3] (3.25ns)   --->   "%call_ret = call i16 @sigmoid<ap_fixed<8, 4, 5, 3, 0>, ap_fixed<8, 4, 5, 3, 0>, sigmoid_config19>, i8 %layer17_out_V, i8 %layer17_out_V_1, i10 %sigmoid_table" [firmware/myproject.cpp:66]   --->   Operation 84 'call' 'call_ret' <Predicate = true> <Delay = 3.25> <CoreType = "Generic">   --->   Core 0 '' <Latency = 0> <II = 1> <Delay = 1.00> <Generic> <Opcode : >

State 32 <SV = 31> <Delay = 3.25>
ST_32 : Operation 85 [1/1] (0.00ns)   --->   "%specpipeline_ln0 = specpipeline void @_ssdm_op_SpecPipeline, i32 4294967295, i32 0, i32 0, i32 0, void @empty_0"   --->   Operation 85 'specpipeline' 'specpipeline_ln0' <Predicate = true> <Delay = 0.00>
ST_32 : Operation 86 [1/1] (0.00ns)   --->   "%spectopmodule_ln0 = spectopmodule void @_ssdm_op_SpecTopModule, void @empty_2"   --->   Operation 86 'spectopmodule' 'spectopmodule_ln0' <Predicate = true> <Delay = 0.00>
ST_32 : Operation 87 [1/1] (0.00ns)   --->   "%specbitsmap_ln0 = specbitsmap void @_ssdm_op_SpecBitsMap, i2576 %inputLayer"   --->   Operation 87 'specbitsmap' 'specbitsmap_ln0' <Predicate = true> <Delay = 0.00>
ST_32 : Operation 88 [1/1] (0.00ns)   --->   "%specinterface_ln0 = specinterface void @_ssdm_op_SpecInterface, i2576 %inputLayer, void @empty, i32 0, i32 0, void @empty_0, i32 0, i32 0, void @empty_0, void @empty_0, void @empty_0, i32 0, i32 0, i32 0, i32 0, void @empty_0, void @empty_0, i32 4294967295, i32 0"   --->   Operation 88 'specinterface' 'specinterface_ln0' <Predicate = true> <Delay = 0.00>
ST_32 : Operation 89 [1/1] (0.00ns)   --->   "%specbitsmap_ln0 = specbitsmap void @_ssdm_op_SpecBitsMap, i8 %layer19_out_0"   --->   Operation 89 'specbitsmap' 'specbitsmap_ln0' <Predicate = true> <Delay = 0.00>
ST_32 : Operation 90 [1/1] (0.00ns)   --->   "%specinterface_ln0 = specinterface void @_ssdm_op_SpecInterface, i8 %layer19_out_0, void @empty, i32 0, i32 0, void @empty_0, i32 0, i32 0, void @empty_0, void @empty_0, void @empty_0, i32 0, i32 0, i32 0, i32 0, void @empty_0, void @empty_0, i32 4294967295, i32 0"   --->   Operation 90 'specinterface' 'specinterface_ln0' <Predicate = true> <Delay = 0.00>
ST_32 : Operation 91 [1/1] (0.00ns)   --->   "%specbitsmap_ln0 = specbitsmap void @_ssdm_op_SpecBitsMap, i8 %layer19_out_1"   --->   Operation 91 'specbitsmap' 'specbitsmap_ln0' <Predicate = true> <Delay = 0.00>
ST_32 : Operation 92 [1/1] (0.00ns)   --->   "%specinterface_ln0 = specinterface void @_ssdm_op_SpecInterface, i8 %layer19_out_1, void @empty, i32 0, i32 0, void @empty_0, i32 0, i32 0, void @empty_0, void @empty_0, void @empty_0, i32 0, i32 0, i32 0, i32 0, void @empty_0, void @empty_0, i32 4294967295, i32 0"   --->   Operation 92 'specinterface' 'specinterface_ln0' <Predicate = true> <Delay = 0.00>
ST_32 : Operation 93 [1/3] (3.25ns)   --->   "%call_ret = call i16 @sigmoid<ap_fixed<8, 4, 5, 3, 0>, ap_fixed<8, 4, 5, 3, 0>, sigmoid_config19>, i8 %layer17_out_V, i8 %layer17_out_V_1, i10 %sigmoid_table" [firmware/myproject.cpp:66]   --->   Operation 93 'call' 'call_ret' <Predicate = true> <Delay = 3.25> <CoreType = "Generic">   --->   Core 0 '' <Latency = 0> <II = 1> <Delay = 1.00> <Generic> <Opcode : >
ST_32 : Operation 94 [1/1] (0.00ns)   --->   "%layer19_out_0_ret = extractvalue i16 %call_ret" [firmware/myproject.cpp:66]   --->   Operation 94 'extractvalue' 'layer19_out_0_ret' <Predicate = true> <Delay = 0.00>
ST_32 : Operation 95 [1/1] (0.00ns)   --->   "%write_ln66 = write void @_ssdm_op_Write.ap_vld.i8P0A, i8 %layer19_out_0, i8 %layer19_out_0_ret" [firmware/myproject.cpp:66]   --->   Operation 95 'write' 'write_ln66' <Predicate = true> <Delay = 0.00>
ST_32 : Operation 96 [1/1] (0.00ns)   --->   "%layer19_out_1_ret = extractvalue i16 %call_ret" [firmware/myproject.cpp:66]   --->   Operation 96 'extractvalue' 'layer19_out_1_ret' <Predicate = true> <Delay = 0.00>
ST_32 : Operation 97 [1/1] (0.00ns)   --->   "%write_ln66 = write void @_ssdm_op_Write.ap_vld.i8P0A, i8 %layer19_out_1, i8 %layer19_out_1_ret" [firmware/myproject.cpp:66]   --->   Operation 97 'write' 'write_ln66' <Predicate = true> <Delay = 0.00>
ST_32 : Operation 98 [1/1] (0.00ns)   --->   "%ret_ln68 = ret" [firmware/myproject.cpp:68]   --->   Operation 98 'ret' 'ret_ln68' <Predicate = true> <Delay = 0.00>


============================================================
+ Verbose Summary: Binding
============================================================
STG Binding: 
---------------- STG Properties BEGIN ----------------
- Is combinational: 0
- Is one-state seq: 0
- Is datapath-only: 0
- Is pipelined: 1
- Is top level: 1
Port [ Return ] is wired: 1; IO mode=ap_ctrl_hs:ce=0
Port [ inputLayer]:  wired=1; compound=0; hidden=0; nouse=0; global=0; static=0; extern=0; dir=0; type=0; pingpong=0; private_global=0; IO mode=ap_vld:ce=0
Port [ layer19_out_0]:  wired=1; compound=0; hidden=0; nouse=0; global=0; static=0; extern=0; dir=1; type=0; pingpong=0; private_global=0; IO mode=ap_vld:ce=0
Port [ layer19_out_1]:  wired=1; compound=0; hidden=0; nouse=0; global=0; static=0; extern=0; dir=1; type=0; pingpong=0; private_global=0; IO mode=ap_vld:ce=0
Port [ sigmoid_table]:  wired=0; compound=1; hidden=1; nouse=1; global=1; static=1; extern=0; dir=0; type=1; pingpong=0; private_global=0; MemPort=[11]; IO mode=ap_memory:ce=0
---------------- STG Properties END ------------------

---------------- Datapath Model BEGIN ----------------

<LifeTime>
<method=bitvector/>
inputLayer_read   (read         ) [ 011111111110000000000000000000000]
call_ret1         (call         ) [ 000000000000000000000000000000000]
layer2_out_V      (extractvalue ) [ 010000000001111110000000000000000]
layer2_out_V_1    (extractvalue ) [ 010000000001111110000000000000000]
layer2_out_V_2    (extractvalue ) [ 010000000001111110000000000000000]
layer2_out_V_3    (extractvalue ) [ 010000000001111110000000000000000]
layer2_out_V_4    (extractvalue ) [ 010000000001111110000000000000000]
call_ret2         (call         ) [ 000000000000000000000000000000000]
layer5_out_V      (extractvalue ) [ 010000000000000001111110000000000]
layer5_out_V_1    (extractvalue ) [ 010000000000000001111110000000000]
layer5_out_V_2    (extractvalue ) [ 010000000000000001111110000000000]
layer5_out_V_3    (extractvalue ) [ 010000000000000001111110000000000]
call_ret3         (call         ) [ 000000000000000000000000000000000]
layer8_out_V      (extractvalue ) [ 010000000000000000000001000000000]
layer8_out_V_1    (extractvalue ) [ 010000000000000000000001000000000]
call_ret4         (call         ) [ 000000000000000000000000000000000]
layer11_out_V     (extractvalue ) [ 010000000000000000000000010000000]
layer11_out_V_1   (extractvalue ) [ 010000000000000000000000010000000]
layer11_out_V_2   (extractvalue ) [ 010000000000000000000000010000000]
call_ret5         (call         ) [ 000000000000000000000000000000000]
layer14_out_V     (extractvalue ) [ 010000000000000000000000000111100]
layer14_out_V_1   (extractvalue ) [ 010000000000000000000000000111100]
layer14_out_V_2   (extractvalue ) [ 010000000000000000000000000111100]
call_ret6         (call         ) [ 000000000000000000000000000000000]
layer17_out_V     (extractvalue ) [ 000000000000000000000000000000000]
layer17_out_V_1   (extractvalue ) [ 000000000000000000000000000000000]
specpipeline_ln0  (specpipeline ) [ 000000000000000000000000000000000]
spectopmodule_ln0 (spectopmodule) [ 000000000000000000000000000000000]
specbitsmap_ln0   (specbitsmap  ) [ 000000000000000000000000000000000]
specinterface_ln0 (specinterface) [ 000000000000000000000000000000000]
specbitsmap_ln0   (specbitsmap  ) [ 000000000000000000000000000000000]
specinterface_ln0 (specinterface) [ 000000000000000000000000000000000]
specbitsmap_ln0   (specbitsmap  ) [ 000000000000000000000000000000000]
specinterface_ln0 (specinterface) [ 000000000000000000000000000000000]
call_ret          (call         ) [ 000000000000000000000000000000000]
layer19_out_0_ret (extractvalue ) [ 000000000000000000000000000000000]
write_ln66        (write        ) [ 000000000000000000000000000000000]
layer19_out_1_ret (extractvalue ) [ 000000000000000000000000000000000]
write_ln66        (write        ) [ 000000000000000000000000000000000]
ret_ln68          (ret          ) [ 000000000000000000000000000000000]
</LifeTime>

<model>

<comp_list>
<comp id="0" class="1000" name="inputLayer">
<pin_list>
<pin id="1" dir="1" index="0" bw="1" slack="0"/>
</pin_list>
<bind>
<StgValue><ssdm name="inputLayer"/></StgValue>
</bind>
</comp>

<comp id="2" class="1000" name="layer19_out_0">
<pin_list>
<pin id="3" dir="1" index="0" bw="1" slack="0"/>
</pin_list>
<bind>
<StgValue><ssdm name="layer19_out_0"/></StgValue>
</bind>
</comp>

<comp id="4" class="1000" name="layer19_out_1">
<pin_list>
<pin id="5" dir="1" index="0" bw="1" slack="0"/>
</pin_list>
<bind>
<StgValue><ssdm name="layer19_out_1"/></StgValue>
</bind>
</comp>

<comp id="6" class="1000" name="sigmoid_table">
<pin_list>
<pin id="7" dir="1" index="0" bw="1" slack="0"/>
</pin_list>
<bind>
<StgValue><ssdm name="sigmoid_table"/><MemPortTyVec>1 1 </MemPortTyVec>
</StgValue>
</bind>
</comp>

<comp id="8" class="1001" name="const_8">
<pin_list>
<pin id="9" dir="1" index="0" bw="1" slack="0"/>
</pin_list>
<bind>
<StgValue><ssdm name="_ssdm_op_Read.ap_vld.i2576P0A"/></StgValue>
</bind>
</comp>

<comp id="10" class="1001" name="const_10">
<pin_list>
<pin id="11" dir="1" index="0" bw="1" slack="0"/>
</pin_list>
<bind>
<StgValue><ssdm name="dense_latency<ap_fixed<16, 6, 5, 3, 0>, ap_fixed<8, 4, 5, 3, 0>, config2>"/></StgValue>
</bind>
</comp>

<comp id="12" class="1001" name="const_12">
<pin_list>
<pin id="13" dir="1" index="0" bw="1" slack="0"/>
</pin_list>
<bind>
<StgValue><ssdm name="dense_latency<ap_fixed<8, 4, 5, 3, 0>, ap_fixed<8, 4, 5, 3, 0>, config5>"/></StgValue>
</bind>
</comp>

<comp id="14" class="1001" name="const_14">
<pin_list>
<pin id="15" dir="1" index="0" bw="1" slack="0"/>
</pin_list>
<bind>
<StgValue><ssdm name="dense_latency<ap_fixed<8, 4, 5, 3, 0>, ap_fixed<8, 4, 5, 3, 0>, config8>"/></StgValue>
</bind>
</comp>

<comp id="16" class="1001" name="const_16">
<pin_list>
<pin id="17" dir="1" index="0" bw="1" slack="0"/>
</pin_list>
<bind>
<StgValue><ssdm name="dense_latency<ap_fixed<8, 4, 5, 3, 0>, ap_fixed<8, 4, 5, 3, 0>, config11>"/></StgValue>
</bind>
</comp>

<comp id="18" class="1001" name="const_18">
<pin_list>
<pin id="19" dir="1" index="0" bw="1" slack="0"/>
</pin_list>
<bind>
<StgValue><ssdm name="dense_latency<ap_fixed<8, 4, 5, 3, 0>, ap_fixed<8, 4, 5, 3, 0>, config14>"/></StgValue>
</bind>
</comp>

<comp id="20" class="1001" name="const_20">
<pin_list>
<pin id="21" dir="1" index="0" bw="1" slack="0"/>
</pin_list>
<bind>
<StgValue><ssdm name="dense_latency<ap_fixed<8, 4, 5, 3, 0>, ap_fixed<8, 4, 5, 3, 0>, config17>"/></StgValue>
</bind>
</comp>

<comp id="22" class="1001" name="const_22">
<pin_list>
<pin id="23" dir="1" index="0" bw="1" slack="0"/>
</pin_list>
<bind>
<StgValue><ssdm name="sigmoid<ap_fixed<8, 4, 5, 3, 0>, ap_fixed<8, 4, 5, 3, 0>, sigmoid_config19>"/></StgValue>
</bind>
</comp>

<comp id="24" class="1001" name="const_24">
<pin_list>
<pin id="25" dir="1" index="0" bw="1" slack="2147483647"/>
</pin_list>
<bind>
<StgValue><ssdm name="_ssdm_op_SpecPipeline"/></StgValue>
</bind>
</comp>

<comp id="26" class="1001" name="const_26">
<pin_list>
<pin id="27" dir="1" index="0" bw="1" slack="2147483647"/>
</pin_list>
<bind>
<StgValue><ssdm name=""/></StgValue>
</bind>
</comp>

<comp id="28" class="1001" name="const_28">
<pin_list>
<pin id="29" dir="1" index="0" bw="1" slack="2147483647"/>
</pin_list>
<bind>
<StgValue><ssdm name=""/></StgValue>
</bind>
</comp>

<comp id="30" class="1001" name="const_30">
<pin_list>
<pin id="31" dir="1" index="0" bw="1" slack="2147483647"/>
</pin_list>
<bind>
<StgValue><ssdm name="empty_0"/></StgValue>
</bind>
</comp>

<comp id="32" class="1001" name="const_32">
<pin_list>
<pin id="33" dir="1" index="0" bw="1" slack="2147483647"/>
</pin_list>
<bind>
<StgValue><ssdm name="_ssdm_op_SpecTopModule"/></StgValue>
</bind>
</comp>

<comp id="34" class="1001" name="const_34">
<pin_list>
<pin id="35" dir="1" index="0" bw="1" slack="2147483647"/>
</pin_list>
<bind>
<StgValue><ssdm name="empty_2"/></StgValue>
</bind>
</comp>

<comp id="36" class="1001" name="const_36">
<pin_list>
<pin id="37" dir="1" index="0" bw="1" slack="2147483647"/>
</pin_list>
<bind>
<StgValue><ssdm name="_ssdm_op_SpecBitsMap"/></StgValue>
</bind>
</comp>

<comp id="38" class="1001" name="const_38">
<pin_list>
<pin id="39" dir="1" index="0" bw="1" slack="2147483647"/>
</pin_list>
<bind>
<StgValue><ssdm name="_ssdm_op_SpecInterface"/></StgValue>
</bind>
</comp>

<comp id="40" class="1001" name="const_40">
<pin_list>
<pin id="41" dir="1" index="0" bw="1" slack="2147483647"/>
</pin_list>
<bind>
<StgValue><ssdm name="empty"/></StgValue>
</bind>
</comp>

<comp id="42" class="1001" name="const_42">
<pin_list>
<pin id="43" dir="1" index="0" bw="1" slack="0"/>
</pin_list>
<bind>
<StgValue><ssdm name="_ssdm_op_Write.ap_vld.i8P0A"/></StgValue>
</bind>
</comp>

<comp id="44" class="1004" name="inputLayer_read_read_fu_44">
<pin_list>
<pin id="45" dir="0" index="0" bw="2576" slack="0"/>
<pin id="46" dir="0" index="1" bw="2576" slack="0"/>
<pin id="47" dir="1" index="2" bw="2576" slack="0"/>
</pin_list>
<bind>
<opcode="read(1150) " fcode="read"/>
<opset="inputLayer_read/1 "/>
</bind>
</comp>

<comp id="50" class="1004" name="write_ln66_write_fu_50">
<pin_list>
<pin id="51" dir="0" index="0" bw="0" slack="0"/>
<pin id="52" dir="0" index="1" bw="8" slack="0"/>
<pin id="53" dir="0" index="2" bw="8" slack="0"/>
<pin id="54" dir="1" index="3" bw="0" slack="2147483647"/>
</pin_list>
<bind>
<opcode="write(1151) " fcode="write"/>
<opset="write_ln66/32 "/>
</bind>
</comp>

<comp id="57" class="1004" name="write_ln66_write_fu_57">
<pin_list>
<pin id="58" dir="0" index="0" bw="0" slack="0"/>
<pin id="59" dir="0" index="1" bw="8" slack="0"/>
<pin id="60" dir="0" index="2" bw="8" slack="0"/>
<pin id="61" dir="1" index="3" bw="0" slack="2147483647"/>
</pin_list>
<bind>
<opcode="write(1151) " fcode="write"/>
<opset="write_ln66/32 "/>
</bind>
</comp>

<comp id="64" class="1004" name="grp_dense_latency_ap_fixed_16_6_5_3_0_ap_fixed_8_4_5_3_0_config2_s_fu_64">
<pin_list>
<pin id="65" dir="0" index="0" bw="40" slack="0"/>
<pin id="66" dir="0" index="1" bw="2576" slack="0"/>
<pin id="67" dir="1" index="2" bw="40" slack="0"/>
</pin_list>
<bind>
<opcode="call(48) " fcode="call"/>
<opset="call_ret1/1 "/>
</bind>
</comp>

<comp id="70" class="1004" name="grp_dense_latency_ap_fixed_8_4_5_3_0_ap_fixed_8_4_5_3_0_config5_s_fu_70">
<pin_list>
<pin id="71" dir="0" index="0" bw="32" slack="0"/>
<pin id="72" dir="0" index="1" bw="8" slack="1"/>
<pin id="73" dir="0" index="2" bw="8" slack="1"/>
<pin id="74" dir="0" index="3" bw="8" slack="1"/>
<pin id="75" dir="0" index="4" bw="8" slack="1"/>
<pin id="76" dir="0" index="5" bw="8" slack="1"/>
<pin id="77" dir="1" index="6" bw="32" slack="0"/>
</pin_list>
<bind>
<opcode="call(48) " fcode="call"/>
<opset="call_ret2/11 "/>
</bind>
</comp>

<comp id="79" class="1004" name="grp_dense_latency_ap_fixed_8_4_5_3_0_ap_fixed_8_4_5_3_0_config8_s_fu_79">
<pin_list>
<pin id="80" dir="0" index="0" bw="16" slack="0"/>
<pin id="81" dir="0" index="1" bw="8" slack="1"/>
<pin id="82" dir="0" index="2" bw="8" slack="1"/>
<pin id="83" dir="0" index="3" bw="8" slack="1"/>
<pin id="84" dir="0" index="4" bw="8" slack="1"/>
<pin id="85" dir="1" index="5" bw="16" slack="0"/>
</pin_list>
<bind>
<opcode="call(48) " fcode="call"/>
<opset="call_ret3/17 "/>
</bind>
</comp>

<comp id="87" class="1004" name="grp_dense_latency_ap_fixed_8_4_5_3_0_ap_fixed_8_4_5_3_0_config11_s_fu_87">
<pin_list>
<pin id="88" dir="0" index="0" bw="24" slack="0"/>
<pin id="89" dir="0" index="1" bw="8" slack="1"/>
<pin id="90" dir="0" index="2" bw="8" slack="1"/>
<pin id="91" dir="1" index="3" bw="24" slack="0"/>
</pin_list>
<bind>
<opcode="call(48) " fcode="call"/>
<opset="call_ret4/23 "/>
</bind>
</comp>

<comp id="93" class="1004" name="grp_dense_latency_ap_fixed_8_4_5_3_0_ap_fixed_8_4_5_3_0_config14_s_fu_93">
<pin_list>
<pin id="94" dir="0" index="0" bw="24" slack="0"/>
<pin id="95" dir="0" index="1" bw="8" slack="1"/>
<pin id="96" dir="0" index="2" bw="8" slack="1"/>
<pin id="97" dir="0" index="3" bw="8" slack="1"/>
<pin id="98" dir="1" index="4" bw="24" slack="0"/>
</pin_list>
<bind>
<opcode="call(48) " fcode="call"/>
<opset="call_ret5/25 "/>
</bind>
</comp>

<comp id="100" class="1004" name="grp_dense_latency_ap_fixed_8_4_5_3_0_ap_fixed_8_4_5_3_0_config17_s_fu_100">
<pin_list>
<pin id="101" dir="0" index="0" bw="16" slack="0"/>
<pin id="102" dir="0" index="1" bw="8" slack="1"/>
<pin id="103" dir="0" index="2" bw="8" slack="1"/>
<pin id="104" dir="0" index="3" bw="8" slack="1"/>
<pin id="105" dir="1" index="4" bw="16" slack="0"/>
</pin_list>
<bind>
<opcode="call(48) " fcode="call"/>
<opset="call_ret6/27 "/>
</bind>
</comp>

<comp id="107" class="1004" name="grp_sigmoid_ap_fixed_8_4_5_3_0_ap_fixed_8_4_5_3_0_sigmoid_config19_s_fu_107">
<pin_list>
<pin id="108" dir="0" index="0" bw="16" slack="0"/>
<pin id="109" dir="0" index="1" bw="8" slack="0"/>
<pin id="110" dir="0" index="2" bw="8" slack="0"/>
<pin id="111" dir="0" index="3" bw="10" slack="0"/>
<pin id="112" dir="1" index="4" bw="16" slack="0"/>
</pin_list>
<bind>
<opcode="call(48) " fcode="call"/>
<opset="call_ret/30 "/>
</bind>
</comp>

<comp id="115" class="1004" name="layer2_out_V_fu_115">
<pin_list>
<pin id="116" dir="0" index="0" bw="40" slack="0"/>
<pin id="117" dir="1" index="1" bw="8" slack="1"/>
</pin_list>
<bind>
<opcode="extractvalue(56) " fcode="extractvalue"/>
<opset="layer2_out_V/10 "/>
</bind>
</comp>

<comp id="119" class="1004" name="layer2_out_V_1_fu_119">
<pin_list>
<pin id="120" dir="0" index="0" bw="40" slack="0"/>
<pin id="121" dir="1" index="1" bw="8" slack="1"/>
</pin_list>
<bind>
<opcode="extractvalue(56) " fcode="extractvalue"/>
<opset="layer2_out_V_1/10 "/>
</bind>
</comp>

<comp id="123" class="1004" name="layer2_out_V_2_fu_123">
<pin_list>
<pin id="124" dir="0" index="0" bw="40" slack="0"/>
<pin id="125" dir="1" index="1" bw="8" slack="1"/>
</pin_list>
<bind>
<opcode="extractvalue(56) " fcode="extractvalue"/>
<opset="layer2_out_V_2/10 "/>
</bind>
</comp>

<comp id="127" class="1004" name="layer2_out_V_3_fu_127">
<pin_list>
<pin id="128" dir="0" index="0" bw="40" slack="0"/>
<pin id="129" dir="1" index="1" bw="8" slack="1"/>
</pin_list>
<bind>
<opcode="extractvalue(56) " fcode="extractvalue"/>
<opset="layer2_out_V_3/10 "/>
</bind>
</comp>

<comp id="131" class="1004" name="layer2_out_V_4_fu_131">
<pin_list>
<pin id="132" dir="0" index="0" bw="40" slack="0"/>
<pin id="133" dir="1" index="1" bw="8" slack="1"/>
</pin_list>
<bind>
<opcode="extractvalue(56) " fcode="extractvalue"/>
<opset="layer2_out_V_4/10 "/>
</bind>
</comp>

<comp id="135" class="1004" name="layer5_out_V_fu_135">
<pin_list>
<pin id="136" dir="0" index="0" bw="32" slack="0"/>
<pin id="137" dir="1" index="1" bw="8" slack="1"/>
</pin_list>
<bind>
<opcode="extractvalue(56) " fcode="extractvalue"/>
<opset="layer5_out_V/16 "/>
</bind>
</comp>

<comp id="139" class="1004" name="layer5_out_V_1_fu_139">
<pin_list>
<pin id="140" dir="0" index="0" bw="32" slack="0"/>
<pin id="141" dir="1" index="1" bw="8" slack="1"/>
</pin_list>
<bind>
<opcode="extractvalue(56) " fcode="extractvalue"/>
<opset="layer5_out_V_1/16 "/>
</bind>
</comp>

<comp id="143" class="1004" name="layer5_out_V_2_fu_143">
<pin_list>
<pin id="144" dir="0" index="0" bw="32" slack="0"/>
<pin id="145" dir="1" index="1" bw="8" slack="1"/>
</pin_list>
<bind>
<opcode="extractvalue(56) " fcode="extractvalue"/>
<opset="layer5_out_V_2/16 "/>
</bind>
</comp>

<comp id="147" class="1004" name="layer5_out_V_3_fu_147">
<pin_list>
<pin id="148" dir="0" index="0" bw="32" slack="0"/>
<pin id="149" dir="1" index="1" bw="8" slack="1"/>
</pin_list>
<bind>
<opcode="extractvalue(56) " fcode="extractvalue"/>
<opset="layer5_out_V_3/16 "/>
</bind>
</comp>

<comp id="151" class="1004" name="layer8_out_V_fu_151">
<pin_list>
<pin id="152" dir="0" index="0" bw="16" slack="0"/>
<pin id="153" dir="1" index="1" bw="8" slack="1"/>
</pin_list>
<bind>
<opcode="extractvalue(56) " fcode="extractvalue"/>
<opset="layer8_out_V/22 "/>
</bind>
</comp>

<comp id="155" class="1004" name="layer8_out_V_1_fu_155">
<pin_list>
<pin id="156" dir="0" index="0" bw="16" slack="0"/>
<pin id="157" dir="1" index="1" bw="8" slack="1"/>
</pin_list>
<bind>
<opcode="extractvalue(56) " fcode="extractvalue"/>
<opset="layer8_out_V_1/22 "/>
</bind>
</comp>

<comp id="159" class="1004" name="layer11_out_V_fu_159">
<pin_list>
<pin id="160" dir="0" index="0" bw="24" slack="0"/>
<pin id="161" dir="1" index="1" bw="8" slack="1"/>
</pin_list>
<bind>
<opcode="extractvalue(56) " fcode="extractvalue"/>
<opset="layer11_out_V/24 "/>
</bind>
</comp>

<comp id="163" class="1004" name="layer11_out_V_1_fu_163">
<pin_list>
<pin id="164" dir="0" index="0" bw="24" slack="0"/>
<pin id="165" dir="1" index="1" bw="8" slack="1"/>
</pin_list>
<bind>
<opcode="extractvalue(56) " fcode="extractvalue"/>
<opset="layer11_out_V_1/24 "/>
</bind>
</comp>

<comp id="167" class="1004" name="layer11_out_V_2_fu_167">
<pin_list>
<pin id="168" dir="0" index="0" bw="24" slack="0"/>
<pin id="169" dir="1" index="1" bw="8" slack="1"/>
</pin_list>
<bind>
<opcode="extractvalue(56) " fcode="extractvalue"/>
<opset="layer11_out_V_2/24 "/>
</bind>
</comp>

<comp id="171" class="1004" name="layer14_out_V_fu_171">
<pin_list>
<pin id="172" dir="0" index="0" bw="24" slack="0"/>
<pin id="173" dir="1" index="1" bw="8" slack="1"/>
</pin_list>
<bind>
<opcode="extractvalue(56) " fcode="extractvalue"/>
<opset="layer14_out_V/26 "/>
</bind>
</comp>

<comp id="175" class="1004" name="layer14_out_V_1_fu_175">
<pin_list>
<pin id="176" dir="0" index="0" bw="24" slack="0"/>
<pin id="177" dir="1" index="1" bw="8" slack="1"/>
</pin_list>
<bind>
<opcode="extractvalue(56) " fcode="extractvalue"/>
<opset="layer14_out_V_1/26 "/>
</bind>
</comp>

<comp id="179" class="1004" name="layer14_out_V_2_fu_179">
<pin_list>
<pin id="180" dir="0" index="0" bw="24" slack="0"/>
<pin id="181" dir="1" index="1" bw="8" slack="1"/>
</pin_list>
<bind>
<opcode="extractvalue(56) " fcode="extractvalue"/>
<opset="layer14_out_V_2/26 "/>
</bind>
</comp>

<comp id="183" class="1004" name="layer17_out_V_fu_183">
<pin_list>
<pin id="184" dir="0" index="0" bw="16" slack="0"/>
<pin id="185" dir="1" index="1" bw="8" slack="0"/>
</pin_list>
<bind>
<opcode="extractvalue(56) " fcode="extractvalue"/>
<opset="layer17_out_V/30 "/>
</bind>
</comp>

<comp id="188" class="1004" name="layer17_out_V_1_fu_188">
<pin_list>
<pin id="189" dir="0" index="0" bw="16" slack="0"/>
<pin id="190" dir="1" index="1" bw="8" slack="0"/>
</pin_list>
<bind>
<opcode="extractvalue(56) " fcode="extractvalue"/>
<opset="layer17_out_V_1/30 "/>
</bind>
</comp>

<comp id="193" class="1004" name="layer19_out_0_ret_fu_193">
<pin_list>
<pin id="194" dir="0" index="0" bw="16" slack="0"/>
<pin id="195" dir="1" index="1" bw="8" slack="0"/>
</pin_list>
<bind>
<opcode="extractvalue(56) " fcode="extractvalue"/>
<opset="layer19_out_0_ret/32 "/>
</bind>
</comp>

<comp id="198" class="1004" name="layer19_out_1_ret_fu_198">
<pin_list>
<pin id="199" dir="0" index="0" bw="16" slack="0"/>
<pin id="200" dir="1" index="1" bw="8" slack="0"/>
</pin_list>
<bind>
<opcode="extractvalue(56) " fcode="extractvalue"/>
<opset="layer19_out_1_ret/32 "/>
</bind>
</comp>

<comp id="203" class="1005" name="inputLayer_read_reg_203">
<pin_list>
<pin id="204" dir="0" index="0" bw="2576" slack="1"/>
<pin id="205" dir="1" index="1" bw="2576" slack="1"/>
</pin_list>
<bind>
<opset="inputLayer_read "/>
</bind>
</comp>

<comp id="208" class="1005" name="layer2_out_V_reg_208">
<pin_list>
<pin id="209" dir="0" index="0" bw="8" slack="1"/>
<pin id="210" dir="1" index="1" bw="8" slack="1"/>
</pin_list>
<bind>
<opset="layer2_out_V "/>
</bind>
</comp>

<comp id="213" class="1005" name="layer2_out_V_1_reg_213">
<pin_list>
<pin id="214" dir="0" index="0" bw="8" slack="1"/>
<pin id="215" dir="1" index="1" bw="8" slack="1"/>
</pin_list>
<bind>
<opset="layer2_out_V_1 "/>
</bind>
</comp>

<comp id="218" class="1005" name="layer2_out_V_2_reg_218">
<pin_list>
<pin id="219" dir="0" index="0" bw="8" slack="1"/>
<pin id="220" dir="1" index="1" bw="8" slack="1"/>
</pin_list>
<bind>
<opset="layer2_out_V_2 "/>
</bind>
</comp>

<comp id="223" class="1005" name="layer2_out_V_3_reg_223">
<pin_list>
<pin id="224" dir="0" index="0" bw="8" slack="1"/>
<pin id="225" dir="1" index="1" bw="8" slack="1"/>
</pin_list>
<bind>
<opset="layer2_out_V_3 "/>
</bind>
</comp>

<comp id="228" class="1005" name="layer2_out_V_4_reg_228">
<pin_list>
<pin id="229" dir="0" index="0" bw="8" slack="1"/>
<pin id="230" dir="1" index="1" bw="8" slack="1"/>
</pin_list>
<bind>
<opset="layer2_out_V_4 "/>
</bind>
</comp>

<comp id="233" class="1005" name="layer5_out_V_reg_233">
<pin_list>
<pin id="234" dir="0" index="0" bw="8" slack="1"/>
<pin id="235" dir="1" index="1" bw="8" slack="1"/>
</pin_list>
<bind>
<opset="layer5_out_V "/>
</bind>
</comp>

<comp id="238" class="1005" name="layer5_out_V_1_reg_238">
<pin_list>
<pin id="239" dir="0" index="0" bw="8" slack="1"/>
<pin id="240" dir="1" index="1" bw="8" slack="1"/>
</pin_list>
<bind>
<opset="layer5_out_V_1 "/>
</bind>
</comp>

<comp id="243" class="1005" name="layer5_out_V_2_reg_243">
<pin_list>
<pin id="244" dir="0" index="0" bw="8" slack="1"/>
<pin id="245" dir="1" index="1" bw="8" slack="1"/>
</pin_list>
<bind>
<opset="layer5_out_V_2 "/>
</bind>
</comp>

<comp id="248" class="1005" name="layer5_out_V_3_reg_248">
<pin_list>
<pin id="249" dir="0" index="0" bw="8" slack="1"/>
<pin id="250" dir="1" index="1" bw="8" slack="1"/>
</pin_list>
<bind>
<opset="layer5_out_V_3 "/>
</bind>
</comp>

<comp id="253" class="1005" name="layer8_out_V_reg_253">
<pin_list>
<pin id="254" dir="0" index="0" bw="8" slack="1"/>
<pin id="255" dir="1" index="1" bw="8" slack="1"/>
</pin_list>
<bind>
<opset="layer8_out_V "/>
</bind>
</comp>

<comp id="258" class="1005" name="layer8_out_V_1_reg_258">
<pin_list>
<pin id="259" dir="0" index="0" bw="8" slack="1"/>
<pin id="260" dir="1" index="1" bw="8" slack="1"/>
</pin_list>
<bind>
<opset="layer8_out_V_1 "/>
</bind>
</comp>

<comp id="263" class="1005" name="layer11_out_V_reg_263">
<pin_list>
<pin id="264" dir="0" index="0" bw="8" slack="1"/>
<pin id="265" dir="1" index="1" bw="8" slack="1"/>
</pin_list>
<bind>
<opset="layer11_out_V "/>
</bind>
</comp>

<comp id="268" class="1005" name="layer11_out_V_1_reg_268">
<pin_list>
<pin id="269" dir="0" index="0" bw="8" slack="1"/>
<pin id="270" dir="1" index="1" bw="8" slack="1"/>
</pin_list>
<bind>
<opset="layer11_out_V_1 "/>
</bind>
</comp>

<comp id="273" class="1005" name="layer11_out_V_2_reg_273">
<pin_list>
<pin id="274" dir="0" index="0" bw="8" slack="1"/>
<pin id="275" dir="1" index="1" bw="8" slack="1"/>
</pin_list>
<bind>
<opset="layer11_out_V_2 "/>
</bind>
</comp>

<comp id="278" class="1005" name="layer14_out_V_reg_278">
<pin_list>
<pin id="279" dir="0" index="0" bw="8" slack="1"/>
<pin id="280" dir="1" index="1" bw="8" slack="1"/>
</pin_list>
<bind>
<opset="layer14_out_V "/>
</bind>
</comp>

<comp id="283" class="1005" name="layer14_out_V_1_reg_283">
<pin_list>
<pin id="284" dir="0" index="0" bw="8" slack="1"/>
<pin id="285" dir="1" index="1" bw="8" slack="1"/>
</pin_list>
<bind>
<opset="layer14_out_V_1 "/>
</bind>
</comp>

<comp id="288" class="1005" name="layer14_out_V_2_reg_288">
<pin_list>
<pin id="289" dir="0" index="0" bw="8" slack="1"/>
<pin id="290" dir="1" index="1" bw="8" slack="1"/>
</pin_list>
<bind>
<opset="layer14_out_V_2 "/>
</bind>
</comp>

</comp_list>

<net_list>
<net id="48"><net_src comp="8" pin="0"/><net_sink comp="44" pin=0"/></net>

<net id="49"><net_src comp="0" pin="0"/><net_sink comp="44" pin=1"/></net>

<net id="55"><net_src comp="42" pin="0"/><net_sink comp="50" pin=0"/></net>

<net id="56"><net_src comp="2" pin="0"/><net_sink comp="50" pin=1"/></net>

<net id="62"><net_src comp="42" pin="0"/><net_sink comp="57" pin=0"/></net>

<net id="63"><net_src comp="4" pin="0"/><net_sink comp="57" pin=1"/></net>

<net id="68"><net_src comp="10" pin="0"/><net_sink comp="64" pin=0"/></net>

<net id="69"><net_src comp="44" pin="2"/><net_sink comp="64" pin=1"/></net>

<net id="78"><net_src comp="12" pin="0"/><net_sink comp="70" pin=0"/></net>

<net id="86"><net_src comp="14" pin="0"/><net_sink comp="79" pin=0"/></net>

<net id="92"><net_src comp="16" pin="0"/><net_sink comp="87" pin=0"/></net>

<net id="99"><net_src comp="18" pin="0"/><net_sink comp="93" pin=0"/></net>

<net id="106"><net_src comp="20" pin="0"/><net_sink comp="100" pin=0"/></net>

<net id="113"><net_src comp="22" pin="0"/><net_sink comp="107" pin=0"/></net>

<net id="114"><net_src comp="6" pin="0"/><net_sink comp="107" pin=3"/></net>

<net id="118"><net_src comp="64" pin="2"/><net_sink comp="115" pin=0"/></net>

<net id="122"><net_src comp="64" pin="2"/><net_sink comp="119" pin=0"/></net>

<net id="126"><net_src comp="64" pin="2"/><net_sink comp="123" pin=0"/></net>

<net id="130"><net_src comp="64" pin="2"/><net_sink comp="127" pin=0"/></net>

<net id="134"><net_src comp="64" pin="2"/><net_sink comp="131" pin=0"/></net>

<net id="138"><net_src comp="70" pin="6"/><net_sink comp="135" pin=0"/></net>

<net id="142"><net_src comp="70" pin="6"/><net_sink comp="139" pin=0"/></net>

<net id="146"><net_src comp="70" pin="6"/><net_sink comp="143" pin=0"/></net>

<net id="150"><net_src comp="70" pin="6"/><net_sink comp="147" pin=0"/></net>

<net id="154"><net_src comp="79" pin="5"/><net_sink comp="151" pin=0"/></net>

<net id="158"><net_src comp="79" pin="5"/><net_sink comp="155" pin=0"/></net>

<net id="162"><net_src comp="87" pin="3"/><net_sink comp="159" pin=0"/></net>

<net id="166"><net_src comp="87" pin="3"/><net_sink comp="163" pin=0"/></net>

<net id="170"><net_src comp="87" pin="3"/><net_sink comp="167" pin=0"/></net>

<net id="174"><net_src comp="93" pin="4"/><net_sink comp="171" pin=0"/></net>

<net id="178"><net_src comp="93" pin="4"/><net_sink comp="175" pin=0"/></net>

<net id="182"><net_src comp="93" pin="4"/><net_sink comp="179" pin=0"/></net>

<net id="186"><net_src comp="100" pin="4"/><net_sink comp="183" pin=0"/></net>

<net id="187"><net_src comp="183" pin="1"/><net_sink comp="107" pin=1"/></net>

<net id="191"><net_src comp="100" pin="4"/><net_sink comp="188" pin=0"/></net>

<net id="192"><net_src comp="188" pin="1"/><net_sink comp="107" pin=2"/></net>

<net id="196"><net_src comp="107" pin="4"/><net_sink comp="193" pin=0"/></net>

<net id="197"><net_src comp="193" pin="1"/><net_sink comp="50" pin=2"/></net>

<net id="201"><net_src comp="107" pin="4"/><net_sink comp="198" pin=0"/></net>

<net id="202"><net_src comp="198" pin="1"/><net_sink comp="57" pin=2"/></net>

<net id="206"><net_src comp="44" pin="2"/><net_sink comp="203" pin=0"/></net>

<net id="207"><net_src comp="203" pin="1"/><net_sink comp="64" pin=1"/></net>

<net id="211"><net_src comp="115" pin="1"/><net_sink comp="208" pin=0"/></net>

<net id="212"><net_src comp="208" pin="1"/><net_sink comp="70" pin=1"/></net>

<net id="216"><net_src comp="119" pin="1"/><net_sink comp="213" pin=0"/></net>

<net id="217"><net_src comp="213" pin="1"/><net_sink comp="70" pin=2"/></net>

<net id="221"><net_src comp="123" pin="1"/><net_sink comp="218" pin=0"/></net>

<net id="222"><net_src comp="218" pin="1"/><net_sink comp="70" pin=3"/></net>

<net id="226"><net_src comp="127" pin="1"/><net_sink comp="223" pin=0"/></net>

<net id="227"><net_src comp="223" pin="1"/><net_sink comp="70" pin=4"/></net>

<net id="231"><net_src comp="131" pin="1"/><net_sink comp="228" pin=0"/></net>

<net id="232"><net_src comp="228" pin="1"/><net_sink comp="70" pin=5"/></net>

<net id="236"><net_src comp="135" pin="1"/><net_sink comp="233" pin=0"/></net>

<net id="237"><net_src comp="233" pin="1"/><net_sink comp="79" pin=1"/></net>

<net id="241"><net_src comp="139" pin="1"/><net_sink comp="238" pin=0"/></net>

<net id="242"><net_src comp="238" pin="1"/><net_sink comp="79" pin=2"/></net>

<net id="246"><net_src comp="143" pin="1"/><net_sink comp="243" pin=0"/></net>

<net id="247"><net_src comp="243" pin="1"/><net_sink comp="79" pin=3"/></net>

<net id="251"><net_src comp="147" pin="1"/><net_sink comp="248" pin=0"/></net>

<net id="252"><net_src comp="248" pin="1"/><net_sink comp="79" pin=4"/></net>

<net id="256"><net_src comp="151" pin="1"/><net_sink comp="253" pin=0"/></net>

<net id="257"><net_src comp="253" pin="1"/><net_sink comp="87" pin=1"/></net>

<net id="261"><net_src comp="155" pin="1"/><net_sink comp="258" pin=0"/></net>

<net id="262"><net_src comp="258" pin="1"/><net_sink comp="87" pin=2"/></net>

<net id="266"><net_src comp="159" pin="1"/><net_sink comp="263" pin=0"/></net>

<net id="267"><net_src comp="263" pin="1"/><net_sink comp="93" pin=1"/></net>

<net id="271"><net_src comp="163" pin="1"/><net_sink comp="268" pin=0"/></net>

<net id="272"><net_src comp="268" pin="1"/><net_sink comp="93" pin=2"/></net>

<net id="276"><net_src comp="167" pin="1"/><net_sink comp="273" pin=0"/></net>

<net id="277"><net_src comp="273" pin="1"/><net_sink comp="93" pin=3"/></net>

<net id="281"><net_src comp="171" pin="1"/><net_sink comp="278" pin=0"/></net>

<net id="282"><net_src comp="278" pin="1"/><net_sink comp="100" pin=1"/></net>

<net id="286"><net_src comp="175" pin="1"/><net_sink comp="283" pin=0"/></net>

<net id="287"><net_src comp="283" pin="1"/><net_sink comp="100" pin=2"/></net>

<net id="291"><net_src comp="179" pin="1"/><net_sink comp="288" pin=0"/></net>

<net id="292"><net_src comp="288" pin="1"/><net_sink comp="100" pin=3"/></net>

</net_list>

</model> 
---------------- Datapath Model END ------------------

* FSMD analyzer results:
  - Output states:
	Port: layer19_out_0 | {32 }
	Port: layer19_out_1 | {32 }
 - Input state : 
	Port: myproject : inputLayer | {1 }
	Port: myproject : sigmoid_table | {31 32 }
  - Chain level:
	State 1
	State 2
	State 3
	State 4
	State 5
	State 6
	State 7
	State 8
	State 9
	State 10
		layer2_out_V : 1
		layer2_out_V_1 : 1
		layer2_out_V_2 : 1
		layer2_out_V_3 : 1
		layer2_out_V_4 : 1
	State 11
	State 12
	State 13
	State 14
	State 15
	State 16
		layer5_out_V : 1
		layer5_out_V_1 : 1
		layer5_out_V_2 : 1
		layer5_out_V_3 : 1
	State 17
	State 18
	State 19
	State 20
	State 21
	State 22
		layer8_out_V : 1
		layer8_out_V_1 : 1
	State 23
	State 24
		layer11_out_V : 1
		layer11_out_V_1 : 1
		layer11_out_V_2 : 1
	State 25
	State 26
		layer14_out_V : 1
		layer14_out_V_1 : 1
		layer14_out_V_2 : 1
	State 27
	State 28
	State 29
	State 30
		layer17_out_V : 1
		layer17_out_V_1 : 1
		call_ret : 2
	State 31
	State 32
		layer19_out_0_ret : 1
		write_ln66 : 2
		layer19_out_1_ret : 1
		write_ln66 : 2


============================================================
+ Verbose Summary: Datapath Resource usage 
============================================================

* Functional unit list:
|----------|-----------------------------------------------------------------------------|---------|---------|---------|---------|
| Operation|                               Functional Unit                               |   DSP   |  Delay  |    FF   |   LUT   |
|----------|-----------------------------------------------------------------------------|---------|---------|---------|---------|
|          |   grp_dense_latency_ap_fixed_16_6_5_3_0_ap_fixed_8_4_5_3_0_config2_s_fu_64  |    0    |    0    |   7064  |  13905  |
|          |   grp_dense_latency_ap_fixed_8_4_5_3_0_ap_fixed_8_4_5_3_0_config5_s_fu_70   |    1    |  1.588  |   131   |   309   |
|          |   grp_dense_latency_ap_fixed_8_4_5_3_0_ap_fixed_8_4_5_3_0_config8_s_fu_79   |    1    |  1.588  |    59   |   105   |
|   call   |   grp_dense_latency_ap_fixed_8_4_5_3_0_ap_fixed_8_4_5_3_0_config11_s_fu_87  |    0    |    0    |    31   |   120   |
|          |   grp_dense_latency_ap_fixed_8_4_5_3_0_ap_fixed_8_4_5_3_0_config14_s_fu_93  |    0    |    0    |    24   |    81   |
|          |  grp_dense_latency_ap_fixed_8_4_5_3_0_ap_fixed_8_4_5_3_0_config17_s_fu_100  |    3    |  4.764  |   216   |    63   |
|          | grp_sigmoid_ap_fixed_8_4_5_3_0_ap_fixed_8_4_5_3_0_sigmoid_config19_s_fu_107 |    0    |  3.176  |    40   |    38   |
|----------|-----------------------------------------------------------------------------|---------|---------|---------|---------|
|   read   |                          inputLayer_read_read_fu_44                         |    0    |    0    |    0    |    0    |
|----------|-----------------------------------------------------------------------------|---------|---------|---------|---------|
|   write  |                            write_ln66_write_fu_50                           |    0    |    0    |    0    |    0    |
|          |                            write_ln66_write_fu_57                           |    0    |    0    |    0    |    0    |
|----------|-----------------------------------------------------------------------------|---------|---------|---------|---------|
|          |                             layer2_out_V_fu_115                             |    0    |    0    |    0    |    0    |
|          |                            layer2_out_V_1_fu_119                            |    0    |    0    |    0    |    0    |
|          |                            layer2_out_V_2_fu_123                            |    0    |    0    |    0    |    0    |
|          |                            layer2_out_V_3_fu_127                            |    0    |    0    |    0    |    0    |
|          |                            layer2_out_V_4_fu_131                            |    0    |    0    |    0    |    0    |
|          |                             layer5_out_V_fu_135                             |    0    |    0    |    0    |    0    |
|          |                            layer5_out_V_1_fu_139                            |    0    |    0    |    0    |    0    |
|          |                            layer5_out_V_2_fu_143                            |    0    |    0    |    0    |    0    |
|          |                            layer5_out_V_3_fu_147                            |    0    |    0    |    0    |    0    |
|          |                             layer8_out_V_fu_151                             |    0    |    0    |    0    |    0    |
|extractvalue|                            layer8_out_V_1_fu_155                            |    0    |    0    |    0    |    0    |
|          |                             layer11_out_V_fu_159                            |    0    |    0    |    0    |    0    |
|          |                            layer11_out_V_1_fu_163                           |    0    |    0    |    0    |    0    |
|          |                            layer11_out_V_2_fu_167                           |    0    |    0    |    0    |    0    |
|          |                             layer14_out_V_fu_171                            |    0    |    0    |    0    |    0    |
|          |                            layer14_out_V_1_fu_175                           |    0    |    0    |    0    |    0    |
|          |                            layer14_out_V_2_fu_179                           |    0    |    0    |    0    |    0    |
|          |                             layer17_out_V_fu_183                            |    0    |    0    |    0    |    0    |
|          |                            layer17_out_V_1_fu_188                           |    0    |    0    |    0    |    0    |
|          |                           layer19_out_0_ret_fu_193                          |    0    |    0    |    0    |    0    |
|          |                           layer19_out_1_ret_fu_198                          |    0    |    0    |    0    |    0    |
|----------|-----------------------------------------------------------------------------|---------|---------|---------|---------|
|   Total  |                                                                             |    5    |  11.116 |   7565  |  14621  |
|----------|-----------------------------------------------------------------------------|---------|---------|---------|---------|

Memories:
+-------------+--------+--------+--------+
|             |  BRAM  |   FF   |   LUT  |
+-------------+--------+--------+--------+
|sigmoid_table|    1   |    0   |    0   |
+-------------+--------+--------+--------+
|    Total    |    1   |    0   |    0   |
+-------------+--------+--------+--------+

* Register list:
+-----------------------+--------+
|                       |   FF   |
+-----------------------+--------+
|inputLayer_read_reg_203|  2576  |
|layer11_out_V_1_reg_268|    8   |
|layer11_out_V_2_reg_273|    8   |
| layer11_out_V_reg_263 |    8   |
|layer14_out_V_1_reg_283|    8   |
|layer14_out_V_2_reg_288|    8   |
| layer14_out_V_reg_278 |    8   |
| layer2_out_V_1_reg_213|    8   |
| layer2_out_V_2_reg_218|    8   |
| layer2_out_V_3_reg_223|    8   |
| layer2_out_V_4_reg_228|    8   |
|  layer2_out_V_reg_208 |    8   |
| layer5_out_V_1_reg_238|    8   |
| layer5_out_V_2_reg_243|    8   |
| layer5_out_V_3_reg_248|    8   |
|  layer5_out_V_reg_233 |    8   |
| layer8_out_V_1_reg_258|    8   |
|  layer8_out_V_reg_253 |    8   |
+-----------------------+--------+
|         Total         |  2712  |
+-----------------------+--------+

* Multiplexer (MUX) list: 
|--------------------------------------------------------------------------|------|------|------|--------||---------||---------|
|                                   Comp                                   |  Pin | Size |  BW  | S x BW ||  Delay  ||   LUT   |
|--------------------------------------------------------------------------|------|------|------|--------||---------||---------|
| grp_dense_latency_ap_fixed_16_6_5_3_0_ap_fixed_8_4_5_3_0_config2_s_fu_64 |  p1  |   2  | 2576 |  5152  ||    9    |
|--------------------------------------------------------------------------|------|------|------|--------||---------||---------|
|                                   Total                                  |      |      |      |  5152  ||  1.588  ||    9    |
|--------------------------------------------------------------------------|------|------|------|--------||---------||---------|



* Summary:
+-----------+--------+--------+--------+--------+--------+
|           |  BRAM  |   DSP  |  Delay |   FF   |   LUT  |
+-----------+--------+--------+--------+--------+--------+
|  Function |    -   |    5   |   11   |  7565  |  14621 |
|   Memory  |    1   |    -   |    -   |    0   |    0   |
|Multiplexer|    -   |    -   |    1   |    -   |    9   |
|  Register |    -   |    -   |    -   |  2712  |    -   |
+-----------+--------+--------+--------+--------+--------+
|   Total   |    1   |    5   |   12   |  10277 |  14630 |
+-----------+--------+--------+--------+--------+--------+
