

================================================================
== Vitis HLS Report for 'myproject'
================================================================
* Date:           Sat Sep 27 22:09:48 2025

* Version:        2022.2 (Build 3670227 on Oct 13 2022)
* Project:        myproject_prj
* Solution:       solution1 (Vivado IP Flow Target)
* Product family: zynq
* Target device:  xc7z020-clg484-1


================================================================
== Performance Estimates
================================================================
+ Timing: 
    * Summary: 
    +--------+---------+----------+------------+
    |  Clock |  Target | Estimated| Uncertainty|
    +--------+---------+----------+------------+
    |ap_clk  |  5.00 ns|  3.554 ns|     1.35 ns|
    +--------+---------+----------+------------+

+ Latency: 
    * Summary: 
    +---------+---------+----------+----------+-----+-----+---------+
    |  Latency (cycles) |  Latency (absolute) |  Interval | Pipeline|
    |   min   |   max   |    min   |    max   | min | max |   Type  |
    +---------+---------+----------+----------+-----+-----+---------+
    |       31|       31|  0.155 us|  0.155 us|    1|    1|      yes|
    +---------+---------+----------+----------+-----+-----+---------+

    + Detail: 
        * Instance: 
        N/A

        * Loop: 
        N/A

============================================================
+ Verbose Summary: Synthesis Manager
============================================================
InlineROM: 1
ExposeGlobal: 0
============================================================
+ Verbose Summary: CDFG Model
============================================================
IsTopModel: 1
ResetActiveHigh: 1
IsCombinational: 0
IsDatapathOnly: 0
HasWiredReturn: 1
HasMFsm: 2
HasVarLatency: 0
IsPipeline: 1
IsRtlPipelined: 1
IsInstanceOverlapped: 0
IsDontTouch: 0
HasImplIP: 0
IsGatedGlobalClock: 0

+ Individual pipeline summary: 
  * Pipeline-0: initiation interval (II) = 1, depth = 32


============================================================
+ Verbose Summary: Schedule
============================================================
* Number of FSM states : 32
* Pipeline : 1
  Pipeline-0 : II = 1, D = 32, States = { 1 2 3 4 5 6 7 8 9 10 11 12 13 14 15 16 17 18 19 20 21 22 23 24 25 26 27 28 29 30 31 32 }
* Dataflow Pipeline: 0

* FSM state transitions: 
1 --> 2 
2 --> 3 
3 --> 4 
4 --> 5 
5 --> 6 
6 --> 7 
7 --> 8 
8 --> 9 
9 --> 10 
10 --> 11 
11 --> 12 
12 --> 13 
13 --> 14 
14 --> 15 
15 --> 16 
16 --> 17 
17 --> 18 
18 --> 19 
19 --> 20 
20 --> 21 
21 --> 22 
22 --> 23 
23 --> 24 
24 --> 25 
25 --> 26 
26 --> 27 
27 --> 28 
28 --> 29 
29 --> 30 
30 --> 31 
31 --> 32 
32 --> 

* FSM state operations: 

State 1 <SV = 0> <Delay = 2.10>
ST_1 : Operation 33 [1/1] (0.00ns)   --->   "%inputLayer_read = read i2576 @_ssdm_op_Read.ap_vld.i2576P0A, i2576 %inputLayer" [firmware/nnet_utils/nnet_dense.h:54]   --->   Operation 33 'read' 'inputLayer_read' <Predicate = true> <Delay = 0.00>
ST_1 : Operation 34 [10/10] (2.10ns)   --->   "%call_ret1 = call i40 @dense_latency<ap_fixed<16, 6, 5, 3, 0>, ap_fixed<8, 4, 5, 3, 0>, config2>, i2576 %inputLayer_read" [firmware/nnet_utils/nnet_dense.h:54]   --->   Operation 34 'call' 'call_ret1' <Predicate = true> <Delay = 2.10> <CoreType = "Generic">   --->   Core 0 '' <Latency = 0> <II = 1> <Delay = 1.00> <Generic> <Opcode : >

State 2 <SV = 1> <Delay = 2.10>
ST_2 : Operation 35 [9/10] (2.10ns)   --->   "%call_ret1 = call i40 @dense_latency<ap_fixed<16, 6, 5, 3, 0>, ap_fixed<8, 4, 5, 3, 0>, config2>, i2576 %inputLayer_read" [firmware/nnet_utils/nnet_dense.h:54]   --->   Operation 35 'call' 'call_ret1' <Predicate = true> <Delay = 2.10> <CoreType = "Generic">   --->   Core 0 '' <Latency = 0> <II = 1> <Delay = 1.00> <Generic> <Opcode : >

State 3 <SV = 2> <Delay = 2.10>
ST_3 : Operation 36 [8/10] (2.10ns)   --->   "%call_ret1 = call i40 @dense_latency<ap_fixed<16, 6, 5, 3, 0>, ap_fixed<8, 4, 5, 3, 0>, config2>, i2576 %inputLayer_read" [firmware/nnet_utils/nnet_dense.h:54]   --->   Operation 36 'call' 'call_ret1' <Predicate = true> <Delay = 2.10> <CoreType = "Generic">   --->   Core 0 '' <Latency = 0> <II = 1> <Delay = 1.00> <Generic> <Opcode : >

State 4 <SV = 3> <Delay = 2.10>
ST_4 : Operation 37 [7/10] (2.10ns)   --->   "%call_ret1 = call i40 @dense_latency<ap_fixed<16, 6, 5, 3, 0>, ap_fixed<8, 4, 5, 3, 0>, config2>, i2576 %inputLayer_read" [firmware/nnet_utils/nnet_dense.h:54]   --->   Operation 37 'call' 'call_ret1' <Predicate = true> <Delay = 2.10> <CoreType = "Generic">   --->   Core 0 '' <Latency = 0> <II = 1> <Delay = 1.00> <Generic> <Opcode : >

State 5 <SV = 4> <Delay = 2.10>
ST_5 : Operation 38 [6/10] (2.10ns)   --->   "%call_ret1 = call i40 @dense_latency<ap_fixed<16, 6, 5, 3, 0>, ap_fixed<8, 4, 5, 3, 0>, config2>, i2576 %inputLayer_read" [firmware/nnet_utils/nnet_dense.h:54]   --->   Operation 38 'call' 'call_ret1' <Predicate = true> <Delay = 2.10> <CoreType = "Generic">   --->   Core 0 '' <Latency = 0> <II = 1> <Delay = 1.00> <Generic> <Opcode : >

State 6 <SV = 5> <Delay = 2.10>
ST_6 : Operation 39 [5/10] (2.10ns)   --->   "%call_ret1 = call i40 @dense_latency<ap_fixed<16, 6, 5, 3, 0>, ap_fixed<8, 4, 5, 3, 0>, config2>, i2576 %inputLayer_read" [firmware/nnet_utils/nnet_dense.h:54]   --->   Operation 39 'call' 'call_ret1' <Predicate = true> <Delay = 2.10> <CoreType = "Generic">   --->   Core 0 '' <Latency = 0> <II = 1> <Delay = 1.00> <Generic> <Opcode : >

State 7 <SV = 6> <Delay = 2.10>
ST_7 : Operation 40 [4/10] (2.10ns)   --->   "%call_ret1 = call i40 @dense_latency<ap_fixed<16, 6, 5, 3, 0>, ap_fixed<8, 4, 5, 3, 0>, config2>, i2576 %inputLayer_read" [firmware/nnet_utils/nnet_dense.h:54]   --->   Operation 40 'call' 'call_ret1' <Predicate = true> <Delay = 2.10> <CoreType = "Generic">   --->   Core 0 '' <Latency = 0> <II = 1> <Delay = 1.00> <Generic> <Opcode : >

State 8 <SV = 7> <Delay = 2.10>
ST_8 : Operation 41 [3/10] (2.10ns)   --->   "%call_ret1 = call i40 @dense_latency<ap_fixed<16, 6, 5, 3, 0>, ap_fixed<8, 4, 5, 3, 0>, config2>, i2576 %inputLayer_read" [firmware/nnet_utils/nnet_dense.h:54]   --->   Operation 41 'call' 'call_ret1' <Predicate = true> <Delay = 2.10> <CoreType = "Generic">   --->   Core 0 '' <Latency = 0> <II = 1> <Delay = 1.00> <Generic> <Opcode : >

State 9 <SV = 8> <Delay = 2.10>
ST_9 : Operation 42 [2/10] (2.10ns)   --->   "%call_ret1 = call i40 @dense_latency<ap_fixed<16, 6, 5, 3, 0>, ap_fixed<8, 4, 5, 3, 0>, config2>, i2576 %inputLayer_read" [firmware/nnet_utils/nnet_dense.h:54]   --->   Operation 42 'call' 'call_ret1' <Predicate = true> <Delay = 2.10> <CoreType = "Generic">   --->   Core 0 '' <Latency = 0> <II = 1> <Delay = 1.00> <Generic> <Opcode : >

State 10 <SV = 9> <Delay = 1.91>
ST_10 : Operation 43 [1/10] (1.91ns)   --->   "%call_ret1 = call i40 @dense_latency<ap_fixed<16, 6, 5, 3, 0>, ap_fixed<8, 4, 5, 3, 0>, config2>, i2576 %inputLayer_read" [firmware/nnet_utils/nnet_dense.h:54]   --->   Operation 43 'call' 'call_ret1' <Predicate = true> <Delay = 1.91> <CoreType = "Generic">   --->   Core 0 '' <Latency = 0> <II = 1> <Delay = 1.00> <Generic> <Opcode : >
ST_10 : Operation 44 [1/1] (0.00ns)   --->   "%layer2_out_V = extractvalue i40 %call_ret1" [firmware/nnet_utils/nnet_dense.h:54]   --->   Operation 44 'extractvalue' 'layer2_out_V' <Predicate = true> <Delay = 0.00>
ST_10 : Operation 45 [1/1] (0.00ns)   --->   "%layer2_out_V_1 = extractvalue i40 %call_ret1" [firmware/nnet_utils/nnet_dense.h:54]   --->   Operation 45 'extractvalue' 'layer2_out_V_1' <Predicate = true> <Delay = 0.00>
ST_10 : Operation 46 [1/1] (0.00ns)   --->   "%layer2_out_V_2 = extractvalue i40 %call_ret1" [firmware/nnet_utils/nnet_dense.h:54]   --->   Operation 46 'extractvalue' 'layer2_out_V_2' <Predicate = true> <Delay = 0.00>
ST_10 : Operation 47 [1/1] (0.00ns)   --->   "%layer2_out_V_3 = extractvalue i40 %call_ret1" [firmware/nnet_utils/nnet_dense.h:54]   --->   Operation 47 'extractvalue' 'layer2_out_V_3' <Predicate = true> <Delay = 0.00>
ST_10 : Operation 48 [1/1] (0.00ns)   --->   "%layer2_out_V_4 = extractvalue i40 %call_ret1" [firmware/nnet_utils/nnet_dense.h:54]   --->   Operation 48 'extractvalue' 'layer2_out_V_4' <Predicate = true> <Delay = 0.00>

State 11 <SV = 10> <Delay = 3.55>
ST_11 : Operation 49 [6/6] (3.55ns)   --->   "%call_ret2 = call i32 @dense_latency<ap_fixed<8, 4, 5, 3, 0>, ap_fixed<8, 4, 5, 3, 0>, config5>, i8 %layer2_out_V, i8 %layer2_out_V_1, i8 %layer2_out_V_2, i8 %layer2_out_V_3, i8 %layer2_out_V_4" [firmware/nnet_utils/nnet_dense.h:54]   --->   Operation 49 'call' 'call_ret2' <Predicate = true> <Delay = 3.55> <CoreType = "Generic">   --->   Core 0 '' <Latency = 0> <II = 1> <Delay = 1.00> <Generic> <Opcode : >

State 12 <SV = 11> <Delay = 3.55>
ST_12 : Operation 50 [5/6] (3.55ns)   --->   "%call_ret2 = call i32 @dense_latency<ap_fixed<8, 4, 5, 3, 0>, ap_fixed<8, 4, 5, 3, 0>, config5>, i8 %layer2_out_V, i8 %layer2_out_V_1, i8 %layer2_out_V_2, i8 %layer2_out_V_3, i8 %layer2_out_V_4" [firmware/nnet_utils/nnet_dense.h:54]   --->   Operation 50 'call' 'call_ret2' <Predicate = true> <Delay = 3.55> <CoreType = "Generic">   --->   Core 0 '' <Latency = 0> <II = 1> <Delay = 1.00> <Generic> <Opcode : >

State 13 <SV = 12> <Delay = 3.55>
ST_13 : Operation 51 [4/6] (3.55ns)   --->   "%call_ret2 = call i32 @dense_latency<ap_fixed<8, 4, 5, 3, 0>, ap_fixed<8, 4, 5, 3, 0>, config5>, i8 %layer2_out_V, i8 %layer2_out_V_1, i8 %layer2_out_V_2, i8 %layer2_out_V_3, i8 %layer2_out_V_4" [firmware/nnet_utils/nnet_dense.h:54]   --->   Operation 51 'call' 'call_ret2' <Predicate = true> <Delay = 3.55> <CoreType = "Generic">   --->   Core 0 '' <Latency = 0> <II = 1> <Delay = 1.00> <Generic> <Opcode : >

State 14 <SV = 13> <Delay = 3.55>
ST_14 : Operation 52 [3/6] (3.55ns)   --->   "%call_ret2 = call i32 @dense_latency<ap_fixed<8, 4, 5, 3, 0>, ap_fixed<8, 4, 5, 3, 0>, config5>, i8 %layer2_out_V, i8 %layer2_out_V_1, i8 %layer2_out_V_2, i8 %layer2_out_V_3, i8 %layer2_out_V_4" [firmware/nnet_utils/nnet_dense.h:54]   --->   Operation 52 'call' 'call_ret2' <Predicate = true> <Delay = 3.55> <CoreType = "Generic">   --->   Core 0 '' <Latency = 0> <II = 1> <Delay = 1.00> <Generic> <Opcode : >

State 15 <SV = 14> <Delay = 3.55>
ST_15 : Operation 53 [2/6] (3.55ns)   --->   "%call_ret2 = call i32 @dense_latency<ap_fixed<8, 4, 5, 3, 0>, ap_fixed<8, 4, 5, 3, 0>, config5>, i8 %layer2_out_V, i8 %layer2_out_V_1, i8 %layer2_out_V_2, i8 %layer2_out_V_3, i8 %layer2_out_V_4" [firmware/nnet_utils/nnet_dense.h:54]   --->   Operation 53 'call' 'call_ret2' <Predicate = true> <Delay = 3.55> <CoreType = "Generic">   --->   Core 0 '' <Latency = 0> <II = 1> <Delay = 1.00> <Generic> <Opcode : >

State 16 <SV = 15> <Delay = 1.91>
ST_16 : Operation 54 [1/6] (1.91ns)   --->   "%call_ret2 = call i32 @dense_latency<ap_fixed<8, 4, 5, 3, 0>, ap_fixed<8, 4, 5, 3, 0>, config5>, i8 %layer2_out_V, i8 %layer2_out_V_1, i8 %layer2_out_V_2, i8 %layer2_out_V_3, i8 %layer2_out_V_4" [firmware/nnet_utils/nnet_dense.h:54]   --->   Operation 54 'call' 'call_ret2' <Predicate = true> <Delay = 1.91> <CoreType = "Generic">   --->   Core 0 '' <Latency = 0> <II = 1> <Delay = 1.00> <Generic> <Opcode : >
ST_16 : Operation 55 [1/1] (0.00ns)   --->   "%layer5_out_V = extractvalue i32 %call_ret2" [firmware/nnet_utils/nnet_dense.h:54]   --->   Operation 55 'extractvalue' 'layer5_out_V' <Predicate = true> <Delay = 0.00>
ST_16 : Operation 56 [1/1] (0.00ns)   --->   "%layer5_out_V_1 = extractvalue i32 %call_ret2" [firmware/nnet_utils/nnet_dense.h:54]   --->   Operation 56 'extractvalue' 'layer5_out_V_1' <Predicate = true> <Delay = 0.00>
ST_16 : Operation 57 [1/1] (0.00ns)   --->   "%layer5_out_V_2 = extractvalue i32 %call_ret2" [firmware/nnet_utils/nnet_dense.h:54]   --->   Operation 57 'extractvalue' 'layer5_out_V_2' <Predicate = true> <Delay = 0.00>
ST_16 : Operation 58 [1/1] (0.00ns)   --->   "%layer5_out_V_3 = extractvalue i32 %call_ret2" [firmware/nnet_utils/nnet_dense.h:54]   --->   Operation 58 'extractvalue' 'layer5_out_V_3' <Predicate = true> <Delay = 0.00>

State 17 <SV = 16> <Delay = 3.55>
ST_17 : Operation 59 [6/6] (3.55ns)   --->   "%call_ret3 = call i16 @dense_latency<ap_fixed<8, 4, 5, 3, 0>, ap_fixed<8, 4, 5, 3, 0>, config8>, i8 %layer5_out_V, i8 %layer5_out_V_1, i8 %layer5_out_V_2, i8 %layer5_out_V_3" [firmware/nnet_utils/nnet_dense.h:54]   --->   Operation 59 'call' 'call_ret3' <Predicate = true> <Delay = 3.55> <CoreType = "Generic">   --->   Core 0 '' <Latency = 0> <II = 1> <Delay = 1.00> <Generic> <Opcode : >

State 18 <SV = 17> <Delay = 3.55>
ST_18 : Operation 60 [5/6] (3.55ns)   --->   "%call_ret3 = call i16 @dense_latency<ap_fixed<8, 4, 5, 3, 0>, ap_fixed<8, 4, 5, 3, 0>, config8>, i8 %layer5_out_V, i8 %layer5_out_V_1, i8 %layer5_out_V_2, i8 %layer5_out_V_3" [firmware/nnet_utils/nnet_dense.h:54]   --->   Operation 60 'call' 'call_ret3' <Predicate = true> <Delay = 3.55> <CoreType = "Generic">   --->   Core 0 '' <Latency = 0> <II = 1> <Delay = 1.00> <Generic> <Opcode : >

State 19 <SV = 18> <Delay = 3.55>
ST_19 : Operation 61 [4/6] (3.55ns)   --->   "%call_ret3 = call i16 @dense_latency<ap_fixed<8, 4, 5, 3, 0>, ap_fixed<8, 4, 5, 3, 0>, config8>, i8 %layer5_out_V, i8 %layer5_out_V_1, i8 %layer5_out_V_2, i8 %layer5_out_V_3" [firmware/nnet_utils/nnet_dense.h:54]   --->   Operation 61 'call' 'call_ret3' <Predicate = true> <Delay = 3.55> <CoreType = "Generic">   --->   Core 0 '' <Latency = 0> <II = 1> <Delay = 1.00> <Generic> <Opcode : >

State 20 <SV = 19> <Delay = 3.55>
ST_20 : Operation 62 [3/6] (3.55ns)   --->   "%call_ret3 = call i16 @dense_latency<ap_fixed<8, 4, 5, 3, 0>, ap_fixed<8, 4, 5, 3, 0>, config8>, i8 %layer5_out_V, i8 %layer5_out_V_1, i8 %layer5_out_V_2, i8 %layer5_out_V_3" [firmware/nnet_utils/nnet_dense.h:54]   --->   Operation 62 'call' 'call_ret3' <Predicate = true> <Delay = 3.55> <CoreType = "Generic">   --->   Core 0 '' <Latency = 0> <II = 1> <Delay = 1.00> <Generic> <Opcode : >

State 21 <SV = 20> <Delay = 3.55>
ST_21 : Operation 63 [2/6] (3.55ns)   --->   "%call_ret3 = call i16 @dense_latency<ap_fixed<8, 4, 5, 3, 0>, ap_fixed<8, 4, 5, 3, 0>, config8>, i8 %layer5_out_V, i8 %layer5_out_V_1, i8 %layer5_out_V_2, i8 %layer5_out_V_3" [firmware/nnet_utils/nnet_dense.h:54]   --->   Operation 63 'call' 'call_ret3' <Predicate = true> <Delay = 3.55> <CoreType = "Generic">   --->   Core 0 '' <Latency = 0> <II = 1> <Delay = 1.00> <Generic> <Opcode : >

State 22 <SV = 21> <Delay = 1.91>
ST_22 : Operation 64 [1/6] (1.91ns)   --->   "%call_ret3 = call i16 @dense_latency<ap_fixed<8, 4, 5, 3, 0>, ap_fixed<8, 4, 5, 3, 0>, config8>, i8 %layer5_out_V, i8 %layer5_out_V_1, i8 %layer5_out_V_2, i8 %layer5_out_V_3" [firmware/nnet_utils/nnet_dense.h:54]   --->   Operation 64 'call' 'call_ret3' <Predicate = true> <Delay = 1.91> <CoreType = "Generic">   --->   Core 0 '' <Latency = 0> <II = 1> <Delay = 1.00> <Generic> <Opcode : >
ST_22 : Operation 65 [1/1] (0.00ns)   --->   "%layer8_out_V = extractvalue i16 %call_ret3" [firmware/nnet_utils/nnet_dense.h:54]   --->   Operation 65 'extractvalue' 'layer8_out_V' <Predicate = true> <Delay = 0.00>
ST_22 : Operation 66 [1/1] (0.00ns)   --->   "%layer8_out_V_1 = extractvalue i16 %call_ret3" [firmware/nnet_utils/nnet_dense.h:54]   --->   Operation 66 'extractvalue' 'layer8_out_V_1' <Predicate = true> <Delay = 0.00>

State 23 <SV = 22> <Delay = 3.55>
ST_23 : Operation 67 [2/2] (3.55ns)   --->   "%call_ret4 = call i24 @dense_latency<ap_fixed<8, 4, 5, 3, 0>, ap_fixed<8, 4, 5, 3, 0>, config11>, i8 %layer8_out_V, i8 %layer8_out_V_1" [firmware/nnet_utils/nnet_dense.h:54]   --->   Operation 67 'call' 'call_ret4' <Predicate = true> <Delay = 3.55> <CoreType = "Generic">   --->   Core 0 '' <Latency = 0> <II = 1> <Delay = 1.00> <Generic> <Opcode : >

State 24 <SV = 23> <Delay = 3.55>
ST_24 : Operation 68 [1/2] (3.55ns)   --->   "%call_ret4 = call i24 @dense_latency<ap_fixed<8, 4, 5, 3, 0>, ap_fixed<8, 4, 5, 3, 0>, config11>, i8 %layer8_out_V, i8 %layer8_out_V_1" [firmware/nnet_utils/nnet_dense.h:54]   --->   Operation 68 'call' 'call_ret4' <Predicate = true> <Delay = 3.55> <CoreType = "Generic">   --->   Core 0 '' <Latency = 0> <II = 1> <Delay = 1.00> <Generic> <Opcode : >
ST_24 : Operation 69 [1/1] (0.00ns)   --->   "%layer11_out_V = extractvalue i24 %call_ret4" [firmware/nnet_utils/nnet_dense.h:54]   --->   Operation 69 'extractvalue' 'layer11_out_V' <Predicate = true> <Delay = 0.00>
ST_24 : Operation 70 [1/1] (0.00ns)   --->   "%layer11_out_V_1 = extractvalue i24 %call_ret4" [firmware/nnet_utils/nnet_dense.h:54]   --->   Operation 70 'extractvalue' 'layer11_out_V_1' <Predicate = true> <Delay = 0.00>
ST_24 : Operation 71 [1/1] (0.00ns)   --->   "%layer11_out_V_2 = extractvalue i24 %call_ret4" [firmware/nnet_utils/nnet_dense.h:54]   --->   Operation 71 'extractvalue' 'layer11_out_V_2' <Predicate = true> <Delay = 0.00>

State 25 <SV = 24> <Delay = 3.55>
ST_25 : Operation 72 [2/2] (3.55ns)   --->   "%call_ret5 = call i24 @dense_latency<ap_fixed<8, 4, 5, 3, 0>, ap_fixed<8, 4, 5, 3, 0>, config14>, i8 %layer11_out_V, i8 %layer11_out_V_1, i8 %layer11_out_V_2" [firmware/nnet_utils/nnet_dense.h:54]   --->   Operation 72 'call' 'call_ret5' <Predicate = true> <Delay = 3.55> <CoreType = "Generic">   --->   Core 0 '' <Latency = 0> <II = 1> <Delay = 1.00> <Generic> <Opcode : >

State 26 <SV = 25> <Delay = 1.91>
ST_26 : Operation 73 [1/2] (1.91ns)   --->   "%call_ret5 = call i24 @dense_latency<ap_fixed<8, 4, 5, 3, 0>, ap_fixed<8, 4, 5, 3, 0>, config14>, i8 %layer11_out_V, i8 %layer11_out_V_1, i8 %layer11_out_V_2" [firmware/nnet_utils/nnet_dense.h:54]   --->   Operation 73 'call' 'call_ret5' <Predicate = true> <Delay = 1.91> <CoreType = "Generic">   --->   Core 0 '' <Latency = 0> <II = 1> <Delay = 1.00> <Generic> <Opcode : >
ST_26 : Operation 74 [1/1] (0.00ns)   --->   "%layer14_out_V = extractvalue i24 %call_ret5" [firmware/nnet_utils/nnet_dense.h:54]   --->   Operation 74 'extractvalue' 'layer14_out_V' <Predicate = true> <Delay = 0.00>
ST_26 : Operation 75 [1/1] (0.00ns)   --->   "%layer14_out_V_1 = extractvalue i24 %call_ret5" [firmware/nnet_utils/nnet_dense.h:54]   --->   Operation 75 'extractvalue' 'layer14_out_V_1' <Predicate = true> <Delay = 0.00>
ST_26 : Operation 76 [1/1] (0.00ns)   --->   "%layer14_out_V_2 = extractvalue i24 %call_ret5" [firmware/nnet_utils/nnet_dense.h:54]   --->   Operation 76 'extractvalue' 'layer14_out_V_2' <Predicate = true> <Delay = 0.00>

State 27 <SV = 26> <Delay = 3.34>
ST_27 : Operation 77 [4/4] (3.34ns)   --->   "%call_ret6 = call i16 @dense_latency<ap_fixed<8, 4, 5, 3, 0>, ap_fixed<8, 4, 5, 3, 0>, config17>, i8 %layer14_out_V, i8 %layer14_out_V_1, i8 %layer14_out_V_2" [firmware/nnet_utils/nnet_dense.h:54]   --->   Operation 77 'call' 'call_ret6' <Predicate = true> <Delay = 3.34> <CoreType = "Generic">   --->   Core 0 '' <Latency = 0> <II = 1> <Delay = 1.00> <Generic> <Opcode : >

State 28 <SV = 27> <Delay = 3.34>
ST_28 : Operation 78 [3/4] (3.34ns)   --->   "%call_ret6 = call i16 @dense_latency<ap_fixed<8, 4, 5, 3, 0>, ap_fixed<8, 4, 5, 3, 0>, config17>, i8 %layer14_out_V, i8 %layer14_out_V_1, i8 %layer14_out_V_2" [firmware/nnet_utils/nnet_dense.h:54]   --->   Operation 78 'call' 'call_ret6' <Predicate = true> <Delay = 3.34> <CoreType = "Generic">   --->   Core 0 '' <Latency = 0> <II = 1> <Delay = 1.00> <Generic> <Opcode : >

State 29 <SV = 28> <Delay = 3.34>
ST_29 : Operation 79 [2/4] (3.34ns)   --->   "%call_ret6 = call i16 @dense_latency<ap_fixed<8, 4, 5, 3, 0>, ap_fixed<8, 4, 5, 3, 0>, config17>, i8 %layer14_out_V, i8 %layer14_out_V_1, i8 %layer14_out_V_2" [firmware/nnet_utils/nnet_dense.h:54]   --->   Operation 79 'call' 'call_ret6' <Predicate = true> <Delay = 3.34> <CoreType = "Generic">   --->   Core 0 '' <Latency = 0> <II = 1> <Delay = 1.00> <Generic> <Opcode : >

State 30 <SV = 29> <Delay = 2.90>
ST_30 : Operation 80 [1/4] (1.91ns)   --->   "%call_ret6 = call i16 @dense_latency<ap_fixed<8, 4, 5, 3, 0>, ap_fixed<8, 4, 5, 3, 0>, config17>, i8 %layer14_out_V, i8 %layer14_out_V_1, i8 %layer14_out_V_2" [firmware/nnet_utils/nnet_dense.h:54]   --->   Operation 80 'call' 'call_ret6' <Predicate = true> <Delay = 1.91> <CoreType = "Generic">   --->   Core 0 '' <Latency = 0> <II = 1> <Delay = 1.00> <Generic> <Opcode : >
ST_30 : Operation 81 [1/1] (0.00ns)   --->   "%layer17_out_V = extractvalue i16 %call_ret6" [firmware/nnet_utils/nnet_dense.h:54]   --->   Operation 81 'extractvalue' 'layer17_out_V' <Predicate = true> <Delay = 0.00>
ST_30 : Operation 82 [1/1] (0.00ns)   --->   "%layer17_out_V_1 = extractvalue i16 %call_ret6" [firmware/nnet_utils/nnet_dense.h:54]   --->   Operation 82 'extractvalue' 'layer17_out_V_1' <Predicate = true> <Delay = 0.00>
ST_30 : Operation 83 [3/3] (0.99ns)   --->   "%call_ret = call i16 @sigmoid<ap_fixed<8, 4, 5, 3, 0>, ap_fixed<8, 4, 5, 3, 0>, sigmoid_config19>, i8 %layer17_out_V, i8 %layer17_out_V_1, i10 %sigmoid_table" [firmware/myproject.cpp:66]   --->   Operation 83 'call' 'call_ret' <Predicate = true> <Delay = 0.99> <CoreType = "Generic">   --->   Core 0 '' <Latency = 0> <II = 1> <Delay = 1.00> <Generic> <Opcode : >

State 31 <SV = 30> <Delay = 3.25>
ST_31 : Operation 84 [2/3] (3.25ns)   --->   "%call_ret = call i16 @sigmoid<ap_fixed<8, 4, 5, 3, 0>, ap_fixed<8, 4, 5, 3, 0>, sigmoid_config19>, i8 %layer17_out_V, i8 %layer17_out_V_1, i10 %sigmoid_table" [firmware/myproject.cpp:66]   --->   Operation 84 'call' 'call_ret' <Predicate = true> <Delay = 3.25> <CoreType = "Generic">   --->   Core 0 '' <Latency = 0> <II = 1> <Delay = 1.00> <Generic> <Opcode : >

State 32 <SV = 31> <Delay = 3.25>
ST_32 : Operation 85 [1/1] (0.00ns)   --->   "%specpipeline_ln0 = specpipeline void @_ssdm_op_SpecPipeline, i32 4294967295, i32 0, i32 0, i32 0, void @empty_0"   --->   Operation 85 'specpipeline' 'specpipeline_ln0' <Predicate = true> <Delay = 0.00>
ST_32 : Operation 86 [1/1] (0.00ns)   --->   "%spectopmodule_ln0 = spectopmodule void @_ssdm_op_SpecTopModule, void @empty_2"   --->   Operation 86 'spectopmodule' 'spectopmodule_ln0' <Predicate = true> <Delay = 0.00>
ST_32 : Operation 87 [1/1] (0.00ns)   --->   "%specbitsmap_ln0 = specbitsmap void @_ssdm_op_SpecBitsMap, i2576 %inputLayer"   --->   Operation 87 'specbitsmap' 'specbitsmap_ln0' <Predicate = true> <Delay = 0.00>
ST_32 : Operation 88 [1/1] (0.00ns)   --->   "%specinterface_ln0 = specinterface void @_ssdm_op_SpecInterface, i2576 %inputLayer, void @empty, i32 0, i32 0, void @empty_0, i32 0, i32 0, void @empty_0, void @empty_0, void @empty_0, i32 0, i32 0, i32 0, i32 0, void @empty_0, void @empty_0, i32 4294967295, i32 0"   --->   Operation 88 'specinterface' 'specinterface_ln0' <Predicate = true> <Delay = 0.00>
ST_32 : Operation 89 [1/1] (0.00ns)   --->   "%specbitsmap_ln0 = specbitsmap void @_ssdm_op_SpecBitsMap, i8 %layer19_out_0"   --->   Operation 89 'specbitsmap' 'specbitsmap_ln0' <Predicate = true> <Delay = 0.00>
ST_32 : Operation 90 [1/1] (0.00ns)   --->   "%specinterface_ln0 = specinterface void @_ssdm_op_SpecInterface, i8 %layer19_out_0, void @empty, i32 0, i32 0, void @empty_0, i32 0, i32 0, void @empty_0, void @empty_0, void @empty_0, i32 0, i32 0, i32 0, i32 0, void @empty_0, void @empty_0, i32 4294967295, i32 0"   --->   Operation 90 'specinterface' 'specinterface_ln0' <Predicate = true> <Delay = 0.00>
ST_32 : Operation 91 [1/1] (0.00ns)   --->   "%specbitsmap_ln0 = specbitsmap void @_ssdm_op_SpecBitsMap, i8 %layer19_out_1"   --->   Operation 91 'specbitsmap' 'specbitsmap_ln0' <Predicate = true> <Delay = 0.00>
ST_32 : Operation 92 [1/1] (0.00ns)   --->   "%specinterface_ln0 = specinterface void @_ssdm_op_SpecInterface, i8 %layer19_out_1, void @empty, i32 0, i32 0, void @empty_0, i32 0, i32 0, void @empty_0, void @empty_0, void @empty_0, i32 0, i32 0, i32 0, i32 0, void @empty_0, void @empty_0, i32 4294967295, i32 0"   --->   Operation 92 'specinterface' 'specinterface_ln0' <Predicate = true> <Delay = 0.00>
ST_32 : Operation 93 [1/3] (3.25ns)   --->   "%call_ret = call i16 @sigmoid<ap_fixed<8, 4, 5, 3, 0>, ap_fixed<8, 4, 5, 3, 0>, sigmoid_config19>, i8 %layer17_out_V, i8 %layer17_out_V_1, i10 %sigmoid_table" [firmware/myproject.cpp:66]   --->   Operation 93 'call' 'call_ret' <Predicate = true> <Delay = 3.25> <CoreType = "Generic">   --->   Core 0 '' <Latency = 0> <II = 1> <Delay = 1.00> <Generic> <Opcode : >
ST_32 : Operation 94 [1/1] (0.00ns)   --->   "%layer19_out_0_ret = extractvalue i16 %call_ret" [firmware/myproject.cpp:66]   --->   Operation 94 'extractvalue' 'layer19_out_0_ret' <Predicate = true> <Delay = 0.00>
ST_32 : Operation 95 [1/1] (0.00ns)   --->   "%write_ln66 = write void @_ssdm_op_Write.ap_vld.i8P0A, i8 %layer19_out_0, i8 %layer19_out_0_ret" [firmware/myproject.cpp:66]   --->   Operation 95 'write' 'write_ln66' <Predicate = true> <Delay = 0.00>
ST_32 : Operation 96 [1/1] (0.00ns)   --->   "%layer19_out_1_ret = extractvalue i16 %call_ret" [firmware/myproject.cpp:66]   --->   Operation 96 'extractvalue' 'layer19_out_1_ret' <Predicate = true> <Delay = 0.00>
ST_32 : Operation 97 [1/1] (0.00ns)   --->   "%write_ln66 = write void @_ssdm_op_Write.ap_vld.i8P0A, i8 %layer19_out_1, i8 %layer19_out_1_ret" [firmware/myproject.cpp:66]   --->   Operation 97 'write' 'write_ln66' <Predicate = true> <Delay = 0.00>
ST_32 : Operation 98 [1/1] (0.00ns)   --->   "%ret_ln68 = ret" [firmware/myproject.cpp:68]   --->   Operation 98 'ret' 'ret_ln68' <Predicate = true> <Delay = 0.00>


============================================================
+ Verbose Summary: Timing violations
============================================================
Target clock period: 5ns, clock uncertainty: 1.35ns.

 <State 1>: 2.11ns
The critical path consists of the following:
	wire read operation ('inputLayer_read', firmware/nnet_utils/nnet_dense.h:54) on port 'inputLayer' (firmware/nnet_utils/nnet_dense.h:54) [13]  (0 ns)
	'call' operation ('call_ret1', firmware/nnet_utils/nnet_dense.h:54) to 'dense_latency<ap_fixed<16, 6, 5, 3, 0>, ap_fixed<8, 4, 5, 3, 0>, config2>' [14]  (2.11 ns)

 <State 2>: 2.11ns
The critical path consists of the following:
	'call' operation ('call_ret1', firmware/nnet_utils/nnet_dense.h:54) to 'dense_latency<ap_fixed<16, 6, 5, 3, 0>, ap_fixed<8, 4, 5, 3, 0>, config2>' [14]  (2.11 ns)

 <State 3>: 2.11ns
The critical path consists of the following:
	'call' operation ('call_ret1', firmware/nnet_utils/nnet_dense.h:54) to 'dense_latency<ap_fixed<16, 6, 5, 3, 0>, ap_fixed<8, 4, 5, 3, 0>, config2>' [14]  (2.11 ns)

 <State 4>: 2.11ns
The critical path consists of the following:
	'call' operation ('call_ret1', firmware/nnet_utils/nnet_dense.h:54) to 'dense_latency<ap_fixed<16, 6, 5, 3, 0>, ap_fixed<8, 4, 5, 3, 0>, config2>' [14]  (2.11 ns)

 <State 5>: 2.11ns
The critical path consists of the following:
	'call' operation ('call_ret1', firmware/nnet_utils/nnet_dense.h:54) to 'dense_latency<ap_fixed<16, 6, 5, 3, 0>, ap_fixed<8, 4, 5, 3, 0>, config2>' [14]  (2.11 ns)

 <State 6>: 2.11ns
The critical path consists of the following:
	'call' operation ('call_ret1', firmware/nnet_utils/nnet_dense.h:54) to 'dense_latency<ap_fixed<16, 6, 5, 3, 0>, ap_fixed<8, 4, 5, 3, 0>, config2>' [14]  (2.11 ns)

 <State 7>: 2.11ns
The critical path consists of the following:
	'call' operation ('call_ret1', firmware/nnet_utils/nnet_dense.h:54) to 'dense_latency<ap_fixed<16, 6, 5, 3, 0>, ap_fixed<8, 4, 5, 3, 0>, config2>' [14]  (2.11 ns)

 <State 8>: 2.11ns
The critical path consists of the following:
	'call' operation ('call_ret1', firmware/nnet_utils/nnet_dense.h:54) to 'dense_latency<ap_fixed<16, 6, 5, 3, 0>, ap_fixed<8, 4, 5, 3, 0>, config2>' [14]  (2.11 ns)

 <State 9>: 2.11ns
The critical path consists of the following:
	'call' operation ('call_ret1', firmware/nnet_utils/nnet_dense.h:54) to 'dense_latency<ap_fixed<16, 6, 5, 3, 0>, ap_fixed<8, 4, 5, 3, 0>, config2>' [14]  (2.11 ns)

 <State 10>: 1.92ns
The critical path consists of the following:
	'call' operation ('call_ret1', firmware/nnet_utils/nnet_dense.h:54) to 'dense_latency<ap_fixed<16, 6, 5, 3, 0>, ap_fixed<8, 4, 5, 3, 0>, config2>' [14]  (1.92 ns)

 <State 11>: 3.55ns
The critical path consists of the following:
	'call' operation ('call_ret2', firmware/nnet_utils/nnet_dense.h:54) to 'dense_latency<ap_fixed<8, 4, 5, 3, 0>, ap_fixed<8, 4, 5, 3, 0>, config5>' [20]  (3.55 ns)

 <State 12>: 3.55ns
The critical path consists of the following:
	'call' operation ('call_ret2', firmware/nnet_utils/nnet_dense.h:54) to 'dense_latency<ap_fixed<8, 4, 5, 3, 0>, ap_fixed<8, 4, 5, 3, 0>, config5>' [20]  (3.55 ns)

 <State 13>: 3.55ns
The critical path consists of the following:
	'call' operation ('call_ret2', firmware/nnet_utils/nnet_dense.h:54) to 'dense_latency<ap_fixed<8, 4, 5, 3, 0>, ap_fixed<8, 4, 5, 3, 0>, config5>' [20]  (3.55 ns)

 <State 14>: 3.55ns
The critical path consists of the following:
	'call' operation ('call_ret2', firmware/nnet_utils/nnet_dense.h:54) to 'dense_latency<ap_fixed<8, 4, 5, 3, 0>, ap_fixed<8, 4, 5, 3, 0>, config5>' [20]  (3.55 ns)

 <State 15>: 3.55ns
The critical path consists of the following:
	'call' operation ('call_ret2', firmware/nnet_utils/nnet_dense.h:54) to 'dense_latency<ap_fixed<8, 4, 5, 3, 0>, ap_fixed<8, 4, 5, 3, 0>, config5>' [20]  (3.55 ns)

 <State 16>: 1.92ns
The critical path consists of the following:
	'call' operation ('call_ret2', firmware/nnet_utils/nnet_dense.h:54) to 'dense_latency<ap_fixed<8, 4, 5, 3, 0>, ap_fixed<8, 4, 5, 3, 0>, config5>' [20]  (1.92 ns)

 <State 17>: 3.55ns
The critical path consists of the following:
	'call' operation ('call_ret3', firmware/nnet_utils/nnet_dense.h:54) to 'dense_latency<ap_fixed<8, 4, 5, 3, 0>, ap_fixed<8, 4, 5, 3, 0>, config8>' [25]  (3.55 ns)

 <State 18>: 3.55ns
The critical path consists of the following:
	'call' operation ('call_ret3', firmware/nnet_utils/nnet_dense.h:54) to 'dense_latency<ap_fixed<8, 4, 5, 3, 0>, ap_fixed<8, 4, 5, 3, 0>, config8>' [25]  (3.55 ns)

 <State 19>: 3.55ns
The critical path consists of the following:
	'call' operation ('call_ret3', firmware/nnet_utils/nnet_dense.h:54) to 'dense_latency<ap_fixed<8, 4, 5, 3, 0>, ap_fixed<8, 4, 5, 3, 0>, config8>' [25]  (3.55 ns)

 <State 20>: 3.55ns
The critical path consists of the following:
	'call' operation ('call_ret3', firmware/nnet_utils/nnet_dense.h:54) to 'dense_latency<ap_fixed<8, 4, 5, 3, 0>, ap_fixed<8, 4, 5, 3, 0>, config8>' [25]  (3.55 ns)

 <State 21>: 3.55ns
The critical path consists of the following:
	'call' operation ('call_ret3', firmware/nnet_utils/nnet_dense.h:54) to 'dense_latency<ap_fixed<8, 4, 5, 3, 0>, ap_fixed<8, 4, 5, 3, 0>, config8>' [25]  (3.55 ns)

 <State 22>: 1.92ns
The critical path consists of the following:
	'call' operation ('call_ret3', firmware/nnet_utils/nnet_dense.h:54) to 'dense_latency<ap_fixed<8, 4, 5, 3, 0>, ap_fixed<8, 4, 5, 3, 0>, config8>' [25]  (1.92 ns)

 <State 23>: 3.55ns
The critical path consists of the following:
	'call' operation ('call_ret4', firmware/nnet_utils/nnet_dense.h:54) to 'dense_latency<ap_fixed<8, 4, 5, 3, 0>, ap_fixed<8, 4, 5, 3, 0>, config11>' [28]  (3.55 ns)

 <State 24>: 3.55ns
The critical path consists of the following:
	'call' operation ('call_ret4', firmware/nnet_utils/nnet_dense.h:54) to 'dense_latency<ap_fixed<8, 4, 5, 3, 0>, ap_fixed<8, 4, 5, 3, 0>, config11>' [28]  (3.55 ns)

 <State 25>: 3.55ns
The critical path consists of the following:
	'call' operation ('call_ret5', firmware/nnet_utils/nnet_dense.h:54) to 'dense_latency<ap_fixed<8, 4, 5, 3, 0>, ap_fixed<8, 4, 5, 3, 0>, config14>' [32]  (3.55 ns)

 <State 26>: 1.92ns
The critical path consists of the following:
	'call' operation ('call_ret5', firmware/nnet_utils/nnet_dense.h:54) to 'dense_latency<ap_fixed<8, 4, 5, 3, 0>, ap_fixed<8, 4, 5, 3, 0>, config14>' [32]  (1.92 ns)

 <State 27>: 3.35ns
The critical path consists of the following:
	'call' operation ('call_ret6', firmware/nnet_utils/nnet_dense.h:54) to 'dense_latency<ap_fixed<8, 4, 5, 3, 0>, ap_fixed<8, 4, 5, 3, 0>, config17>' [36]  (3.35 ns)

 <State 28>: 3.35ns
The critical path consists of the following:
	'call' operation ('call_ret6', firmware/nnet_utils/nnet_dense.h:54) to 'dense_latency<ap_fixed<8, 4, 5, 3, 0>, ap_fixed<8, 4, 5, 3, 0>, config17>' [36]  (3.35 ns)

 <State 29>: 3.35ns
The critical path consists of the following:
	'call' operation ('call_ret6', firmware/nnet_utils/nnet_dense.h:54) to 'dense_latency<ap_fixed<8, 4, 5, 3, 0>, ap_fixed<8, 4, 5, 3, 0>, config17>' [36]  (3.35 ns)

 <State 30>: 2.91ns
The critical path consists of the following:
	'call' operation ('call_ret6', firmware/nnet_utils/nnet_dense.h:54) to 'dense_latency<ap_fixed<8, 4, 5, 3, 0>, ap_fixed<8, 4, 5, 3, 0>, config17>' [36]  (1.92 ns)
	'call' operation ('call_ret', firmware/myproject.cpp:66) to 'sigmoid<ap_fixed<8, 4, 5, 3, 0>, ap_fixed<8, 4, 5, 3, 0>, sigmoid_config19>' [39]  (0.99 ns)

 <State 31>: 3.25ns
The critical path consists of the following:
	'call' operation ('call_ret', firmware/myproject.cpp:66) to 'sigmoid<ap_fixed<8, 4, 5, 3, 0>, ap_fixed<8, 4, 5, 3, 0>, sigmoid_config19>' [39]  (3.25 ns)

 <State 32>: 3.25ns
The critical path consists of the following:
	'call' operation ('call_ret', firmware/myproject.cpp:66) to 'sigmoid<ap_fixed<8, 4, 5, 3, 0>, ap_fixed<8, 4, 5, 3, 0>, sigmoid_config19>' [39]  (3.25 ns)


============================================================
+ Verbose Summary: Binding
============================================================
N/A
* FSMD analyzer results:
  - Output states:
 - Input state : 
  - Chain level:
	State 1
	State 2
	State 3
	State 4
	State 5
	State 6
	State 7
	State 8
	State 9
	State 10
	State 11
	State 12
	State 13
	State 14
	State 15
	State 16
	State 17
	State 18
	State 19
	State 20
	State 21
	State 22
	State 23
	State 24
	State 25
	State 26
	State 27
	State 28
	State 29
	State 30
	State 31
	State 32


============================================================
+ Verbose Summary: Datapath Resource usage 
============================================================
N/A
